[0.844s] Invoking command in '/home/tim/F1_10/sim_ws/build/pure_pursuit': CMAKE_PREFIX_PATH=${CMAKE_PREFIX_PATH}:/home/tim/F1_10/sim_ws/install/f1tenth_gym_ros:/opt/ros/foxy /home/tim/.local/bin/cmake --build /home/tim/F1_10/sim_ws/build/pure_pursuit -- -j8 -l8
[0.874s] -- Found ament_cmake: 0.9.12 (/opt/ros/foxy/share/ament_cmake/cmake)
[0.875s] [33mCMake Warning (dev) at /opt/ros/foxy/share/ament_cmake_core/cmake/core/python.cmake:22 (find_package):
[0.875s]   Policy CMP0148 is not set: The FindPythonInterp and FindPythonLibs modules
[0.875s]   are removed.  Run "cmake --help-policy CMP0148" for policy details.  Use
[0.875s]   the cmake_policy command to set the policy and suppress this warning.
[0.875s] 
[0.875s] Call Stack (most recent call first):
[0.875s]   /opt/ros/foxy/share/ament_cmake_core/cmake/core/all.cmake:53 (include)
[0.875s]   /opt/ros/foxy/share/ament_cmake_core/cmake/ament_cmake_core-extras.cmake:17 (include)
[0.876s]   /opt/ros/foxy/share/ament_cmake_core/cmake/ament_cmake_coreConfig.cmake:41 (include)
[0.876s]   /opt/ros/foxy/share/ament_cmake/cmake/ament_cmake_export_dependencies-extras.cmake:15 (find_package)
[0.876s]   /opt/ros/foxy/share/ament_cmake/cmake/ament_cmakeConfig.cmake:41 (include)
[0.876s]   CMakeLists.txt:28 (find_package)
[0.876s] This warning is for project developers.  Use -Wno-dev to suppress it.
[0.876s] [0m
[0.893s] -- Using PYTHON_EXECUTABLE: /usr/bin/python3
[1.042s] -- Found rclcpp: 2.4.3 (/opt/ros/foxy/share/rclcpp/cmake)
[1.070s] -- Using all available rosidl_typesupport_c: rosidl_typesupport_fastrtps_c;rosidl_typesupport_introspection_c
[1.073s] -- Found rosidl_adapter: 1.3.1 (/opt/ros/foxy/share/rosidl_adapter/cmake)
[1.170s] -- Using all available rosidl_typesupport_cpp: rosidl_typesupport_fastrtps_cpp;rosidl_typesupport_introspection_cpp
[1.211s] -- Found rmw_implementation_cmake: 1.0.4 (/opt/ros/foxy/share/rmw_implementation_cmake/cmake)
[1.211s] -- Using RMW implementation 'rmw_fastrtps_cpp' as default
[1.327s] -- Found rclpy: 1.0.13 (/opt/ros/foxy/share/rclpy/cmake)
[1.328s] -- Found geometry_msgs: 2.0.5 (/opt/ros/foxy/share/geometry_msgs/cmake)
[1.353s] -- Found nav_msgs: 2.0.5 (/opt/ros/foxy/share/nav_msgs/cmake)
[1.409s] -- Found ackermann_msgs: 2.0.2 (/home/tim/ackermann_msgs-ros2/install/ackermann_msgs/share/ackermann_msgs/cmake)
[1.437s] -- Found sensor_msgs: 2.0.5 (/opt/ros/foxy/share/sensor_msgs/cmake)
[1.497s] -- Found visualization_msgs: 2.0.5 (/opt/ros/foxy/share/visualization_msgs/cmake)
[1.556s] -- Found tf2_ros: 0.13.14 (/opt/ros/foxy/share/tf2_ros/cmake)
[1.830s] -- Found ament_lint_auto: 0.9.8 (/opt/ros/foxy/share/ament_lint_auto/cmake)
[1.882s] -- Added test 'copyright' to check source files copyright and LICENSE
[1.882s] -- Added test 'cppcheck' to perform static code analysis on C / C++ code
[1.883s] -- Configured cppcheck include dirs: /home/tim/F1_10/sim_ws/src/pure_pursuit/include
[1.883s] -- Configured cppcheck exclude dirs and/or files: 
[1.883s] -- Added test 'cpplint' to check C / C++ code against the Google style
[1.883s] -- Configured cpplint exclude dirs and/or files: 
[1.884s] -- Added test 'flake8' to check Python code syntax and style conventions
[1.884s] -- Added test 'lint_cmake' to check CMake code style
[1.884s] -- Added test 'pep257' to check Python code against some of the style conventions in PEP 257
[1.884s] -- Added test 'uncrustify' to check C / C++ code style
[1.884s] -- Configured uncrustify additional arguments: 
[1.885s] -- Added test 'xmllint' to check XML markup files
[1.885s] -- Configuring done (1.0s)
[1.897s] -- Generating done (0.0s)
[1.898s] -- Build files have been written to: /home/tim/F1_10/sim_ws/build/pure_pursuit
[1.916s] [100%] Built target pure_pursuit_node
[2.060s] Invoked command in '/home/tim/F1_10/sim_ws/build/pure_pursuit' returned '0': CMAKE_PREFIX_PATH=${CMAKE_PREFIX_PATH}:/home/tim/F1_10/sim_ws/install/f1tenth_gym_ros:/opt/ros/foxy /home/tim/.local/bin/cmake --build /home/tim/F1_10/sim_ws/build/pure_pursuit -- -j8 -l8
[2.090s] Invoking command in '/home/tim/F1_10/sim_ws/build/pure_pursuit': CMAKE_PREFIX_PATH=${CMAKE_PREFIX_PATH}:/home/tim/F1_10/sim_ws/install/f1tenth_gym_ros:/opt/ros/foxy /home/tim/.local/bin/cmake --install /home/tim/F1_10/sim_ws/build/pure_pursuit
[2.110s] -- Install configuration: ""
[2.110s] -- Up-to-date: /home/tim/F1_10/sim_ws/install/pure_pursuit/lib/pure_pursuit/pure_pursuit_node
[2.110s] -- Up-to-date: /home/tim/F1_10/sim_ws/install/pure_pursuit/share/pure_pursuit/environment/pythonpath.sh
[2.110s] -- Installing: /home/tim/F1_10/sim_ws/install/pure_pursuit/share/pure_pursuit/environment/pythonpath.dsv
[2.110s] -- Up-to-date: /home/tim/F1_10/sim_ws/install/pure_pursuit/lib/python3.8/site-packages/pure_pursuit
[2.110s] -- Up-to-date: /home/tim/F1_10/sim_ws/install/pure_pursuit/lib/python3.8/site-packages/pure_pursuit/__init__.py
[2.133s] Listing '/home/tim/F1_10/sim_ws/install/pure_pursuit/lib/python3.8/site-packages/pure_pursuit'...
[2.135s] -- Installing: /home/tim/F1_10/sim_ws/install/pure_pursuit/lib/pure_pursuit/pure_pursuit_node.py
[2.135s] -- Installing: /home/tim/F1_10/sim_ws/install/pure_pursuit/share/ament_index/resource_index/package_run_dependencies/pure_pursuit
[2.135s] -- Up-to-date: /home/tim/F1_10/sim_ws/install/pure_pursuit/share/ament_index/resource_index/parent_prefix_path/pure_pursuit
[2.136s] -- Up-to-date: /home/tim/F1_10/sim_ws/install/pure_pursuit/share/pure_pursuit/environment/ament_prefix_path.sh
[2.136s] -- Installing: /home/tim/F1_10/sim_ws/install/pure_pursuit/share/pure_pursuit/environment/ament_prefix_path.dsv
[2.136s] -- Up-to-date: /home/tim/F1_10/sim_ws/install/pure_pursuit/share/pure_pursuit/environment/path.sh
[2.136s] -- Installing: /home/tim/F1_10/sim_ws/install/pure_pursuit/share/pure_pursuit/environment/path.dsv
[2.136s] -- Up-to-date: /home/tim/F1_10/sim_ws/install/pure_pursuit/share/pure_pursuit/local_setup.bash
[2.136s] -- Up-to-date: /home/tim/F1_10/sim_ws/install/pure_pursuit/share/pure_pursuit/local_setup.sh
[2.136s] -- Up-to-date: /home/tim/F1_10/sim_ws/install/pure_pursuit/share/pure_pursuit/local_setup.zsh
[2.136s] -- Installing: /home/tim/F1_10/sim_ws/install/pure_pursuit/share/pure_pursuit/local_setup.dsv
[2.136s] -- Installing: /home/tim/F1_10/sim_ws/install/pure_pursuit/share/pure_pursuit/package.dsv
[2.136s] -- Up-to-date: /home/tim/F1_10/sim_ws/install/pure_pursuit/share/ament_index/resource_index/packages/pure_pursuit
[2.136s] -- Up-to-date: /home/tim/F1_10/sim_ws/install/pure_pursuit/share/pure_pursuit/cmake/pure_pursuitConfig.cmake
[2.136s] -- Up-to-date: /home/tim/F1_10/sim_ws/install/pure_pursuit/share/pure_pursuit/cmake/pure_pursuitConfig-version.cmake
[2.136s] -- Installing: /home/tim/F1_10/sim_ws/install/pure_pursuit/share/pure_pursuit/package.xml
[2.140s] Invoked command in '/home/tim/F1_10/sim_ws/build/pure_pursuit' returned '0': CMAKE_PREFIX_PATH=${CMAKE_PREFIX_PATH}:/home/tim/F1_10/sim_ws/install/f1tenth_gym_ros:/opt/ros/foxy /home/tim/.local/bin/cmake --install /home/tim/F1_10/sim_ws/build/pure_pursuit
