[0.978s] Invoking command in '/home/tim/F1_10/sim_ws/build/gap_follow': CMAKE_PREFIX_PATH=${CMAKE_PREFIX_PATH}:/home/tim/F1_10/sim_ws/install/f1tenth_gym_ros:/opt/ros/foxy /home/tim/.local/bin/cmake /home/tim/F1_10/sim_ws/src/gap_follow -DCMAKE_INSTALL_PREFIX=/home/tim/F1_10/sim_ws/install/gap_follow
[1.032s] -- The C compiler identification is GNU 9.4.0
[1.074s] -- The CXX compiler identification is GNU 9.4.0
[1.086s] -- Detecting C compiler ABI info
[1.133s] -- Detecting C compiler ABI info - done
[1.143s] -- Check for working C compiler: /usr/bin/cc - skipped
[1.143s] -- Detecting C compile features
[1.143s] -- Detecting C compile features - done
[1.151s] -- Detecting CXX compiler ABI info
[1.214s] -- Detecting CXX compiler ABI info - done
[1.224s] -- Check for working CXX compiler: /usr/bin/c++ - skipped
[1.224s] -- Detecting CXX compile features
[1.225s] -- Detecting CXX compile features - done
[1.227s] -- Found ament_cmake: 0.9.12 (/opt/ros/foxy/share/ament_cmake/cmake)
[1.230s] [33mCMake Warning (dev) at /opt/ros/foxy/share/ament_cmake_core/cmake/core/python.cmake:22 (find_package):
[1.230s]   Policy CMP0148 is not set: The FindPythonInterp and FindPythonLibs modules
[1.230s]   are removed.  Run "cmake --help-policy CMP0148" for policy details.  Use
[1.230s]   the cmake_policy command to set the policy and suppress this warning.
[1.230s] 
[1.230s] Call Stack (most recent call first):
[1.230s]   /opt/ros/foxy/share/ament_cmake_core/cmake/core/all.cmake:53 (include)
[1.230s]   /opt/ros/foxy/share/ament_cmake_core/cmake/ament_cmake_core-extras.cmake:17 (include)
[1.230s]   /opt/ros/foxy/share/ament_cmake_core/cmake/ament_cmake_coreConfig.cmake:41 (include)
[1.230s]   /opt/ros/foxy/share/ament_cmake/cmake/ament_cmake_export_dependencies-extras.cmake:15 (find_package)
[1.230s]   /opt/ros/foxy/share/ament_cmake/cmake/ament_cmakeConfig.cmake:41 (include)
[1.230s]   CMakeLists.txt:25 (find_package)
[1.230s] This warning is for project developers.  Use -Wno-dev to suppress it.
[1.230s] [0m
[1.250s] -- Found PythonInterp: /usr/bin/python3 (found suitable version "3.8.10", minimum required is "3") 
[1.250s] -- Using PYTHON_EXECUTABLE: /usr/bin/python3
[1.409s] -- Found rclcpp: 2.4.3 (/opt/ros/foxy/share/rclcpp/cmake)
[1.446s] -- Using all available rosidl_typesupport_c: rosidl_typesupport_fastrtps_c;rosidl_typesupport_introspection_c
[1.452s] -- Found rosidl_adapter: 1.3.1 (/opt/ros/foxy/share/rosidl_adapter/cmake)
[1.504s] -- Found OpenSSL: /usr/lib/x86_64-linux-gnu/libcrypto.so (found version "1.1.1f")  
[1.530s] -- Found FastRTPS: /opt/ros/foxy/include  
[1.595s] -- Using all available rosidl_typesupport_cpp: rosidl_typesupport_fastrtps_cpp;rosidl_typesupport_introspection_cpp
[1.640s] -- Found rmw_implementation_cmake: 1.0.4 (/opt/ros/foxy/share/rmw_implementation_cmake/cmake)
[1.641s] -- Using RMW implementation 'rmw_fastrtps_cpp' as default
[1.643s] -- Performing Test CMAKE_HAVE_LIBC_PTHREAD
[1.687s] -- Performing Test CMAKE_HAVE_LIBC_PTHREAD - Failed
[1.687s] -- Looking for pthread_create in pthreads
[1.720s] -- Looking for pthread_create in pthreads - not found
[1.720s] -- Looking for pthread_create in pthread
[1.761s] -- Looking for pthread_create in pthread - found
[1.762s] -- Found Threads: TRUE  
[1.887s] -- Found rclpy: 1.0.13 (/opt/ros/foxy/share/rclpy/cmake)
[1.888s] -- Found geometry_msgs: 2.0.5 (/opt/ros/foxy/share/geometry_msgs/cmake)
[1.918s] -- Found nav_msgs: 2.0.5 (/opt/ros/foxy/share/nav_msgs/cmake)
[1.978s] -- Found ackermann_msgs: 2.0.2 (/home/tim/ackermann_msgs-ros2/install/ackermann_msgs/share/ackermann_msgs/cmake)
[2.006s] -- Found sensor_msgs: 2.0.5 (/opt/ros/foxy/share/sensor_msgs/cmake)
[2.088s] -- Found ament_lint_auto: 0.9.8 (/opt/ros/foxy/share/ament_lint_auto/cmake)
[2.148s] -- Added test 'copyright' to check source files copyright and LICENSE
[2.149s] -- Added test 'cppcheck' to perform static code analysis on C / C++ code
[2.149s] -- Configured cppcheck include dirs: /home/tim/F1_10/sim_ws/src/gap_follow/include
[2.149s] -- Configured cppcheck exclude dirs and/or files: 
[2.150s] -- Added test 'cpplint' to check C / C++ code against the Google style
[2.150s] -- Configured cpplint exclude dirs and/or files: 
[2.150s] -- Added test 'flake8' to check Python code syntax and style conventions
[2.151s] -- Added test 'lint_cmake' to check CMake code style
[2.151s] -- Added test 'pep257' to check Python code against some of the style conventions in PEP 257
[2.152s] -- Added test 'uncrustify' to check C / C++ code style
[2.152s] -- Configured uncrustify additional arguments: 
[2.152s] -- Added test 'xmllint' to check XML markup files
[2.154s] -- Configuring done (1.2s)
[2.162s] -- Generating done (0.0s)
[2.163s] -- Build files have been written to: /home/tim/F1_10/sim_ws/build/gap_follow
[2.175s] Invoked command in '/home/tim/F1_10/sim_ws/build/gap_follow' returned '0': CMAKE_PREFIX_PATH=${CMAKE_PREFIX_PATH}:/home/tim/F1_10/sim_ws/install/f1tenth_gym_ros:/opt/ros/foxy /home/tim/.local/bin/cmake /home/tim/F1_10/sim_ws/src/gap_follow -DCMAKE_INSTALL_PREFIX=/home/tim/F1_10/sim_ws/install/gap_follow
[2.178s] Invoking command in '/home/tim/F1_10/sim_ws/build/gap_follow': CMAKE_PREFIX_PATH=${CMAKE_PREFIX_PATH}:/home/tim/F1_10/sim_ws/install/f1tenth_gym_ros:/opt/ros/foxy /home/tim/.local/bin/cmake --build /home/tim/F1_10/sim_ws/build/gap_follow -- -j8 -l8
[2.210s] [ 50%] [32mBuilding CXX object CMakeFiles/reactive_node.dir/src/reactive_node.cpp.o[0m
[3.537s] [100%] [32m[1mLinking CXX executable reactive_node[0m
[3.637s] [100%] Built target reactive_node
[3.646s] Invoked command in '/home/tim/F1_10/sim_ws/build/gap_follow' returned '0': CMAKE_PREFIX_PATH=${CMAKE_PREFIX_PATH}:/home/tim/F1_10/sim_ws/install/f1tenth_gym_ros:/opt/ros/foxy /home/tim/.local/bin/cmake --build /home/tim/F1_10/sim_ws/build/gap_follow -- -j8 -l8
[3.703s] Invoking command in '/home/tim/F1_10/sim_ws/build/gap_follow': CMAKE_PREFIX_PATH=${CMAKE_PREFIX_PATH}:/home/tim/F1_10/sim_ws/install/f1tenth_gym_ros:/opt/ros/foxy /home/tim/.local/bin/cmake --install /home/tim/F1_10/sim_ws/build/gap_follow
[3.723s] -- Install configuration: ""
[3.723s] -- Installing: /home/tim/F1_10/sim_ws/install/gap_follow/lib/gap_follow/reactive_node
[3.723s] -- Set non-toolchain portion of runtime path of "/home/tim/F1_10/sim_ws/install/gap_follow/lib/gap_follow/reactive_node" to ""
[3.723s] -- Installing: /home/tim/F1_10/sim_ws/install/gap_follow/share/gap_follow/environment/pythonpath.sh
[3.723s] -- Installing: /home/tim/F1_10/sim_ws/install/gap_follow/share/gap_follow/environment/pythonpath.dsv
[3.723s] -- Installing: /home/tim/F1_10/sim_ws/install/gap_follow/lib/python3.8/site-packages/gap_follow
[3.723s] -- Installing: /home/tim/F1_10/sim_ws/install/gap_follow/lib/python3.8/site-packages/gap_follow/__init__.py
[3.748s] Listing '/home/tim/F1_10/sim_ws/install/gap_follow/lib/python3.8/site-packages/gap_follow'...
[3.748s] Compiling '/home/tim/F1_10/sim_ws/install/gap_follow/lib/python3.8/site-packages/gap_follow/__init__.py'...
[3.753s] -- Installing: /home/tim/F1_10/sim_ws/install/gap_follow/lib/gap_follow/reactive_node.py
[3.753s] -- Installing: /home/tim/F1_10/sim_ws/install/gap_follow/share/ament_index/resource_index/package_run_dependencies/gap_follow
[3.753s] -- Installing: /home/tim/F1_10/sim_ws/install/gap_follow/share/ament_index/resource_index/parent_prefix_path/gap_follow
[3.753s] -- Installing: /home/tim/F1_10/sim_ws/install/gap_follow/share/gap_follow/environment/ament_prefix_path.sh
[3.753s] -- Installing: /home/tim/F1_10/sim_ws/install/gap_follow/share/gap_follow/environment/ament_prefix_path.dsv
[3.754s] -- Installing: /home/tim/F1_10/sim_ws/install/gap_follow/share/gap_follow/environment/path.sh
[3.754s] -- Installing: /home/tim/F1_10/sim_ws/install/gap_follow/share/gap_follow/environment/path.dsv
[3.754s] -- Installing: /home/tim/F1_10/sim_ws/install/gap_follow/share/gap_follow/local_setup.bash
[3.754s] -- Installing: /home/tim/F1_10/sim_ws/install/gap_follow/share/gap_follow/local_setup.sh
[3.754s] -- Installing: /home/tim/F1_10/sim_ws/install/gap_follow/share/gap_follow/local_setup.zsh
[3.754s] -- Installing: /home/tim/F1_10/sim_ws/install/gap_follow/share/gap_follow/local_setup.dsv
[3.754s] -- Installing: /home/tim/F1_10/sim_ws/install/gap_follow/share/gap_follow/package.dsv
[3.754s] -- Installing: /home/tim/F1_10/sim_ws/install/gap_follow/share/ament_index/resource_index/packages/gap_follow
[3.754s] -- Installing: /home/tim/F1_10/sim_ws/install/gap_follow/share/gap_follow/cmake/gap_followConfig.cmake
[3.754s] -- Installing: /home/tim/F1_10/sim_ws/install/gap_follow/share/gap_follow/cmake/gap_followConfig-version.cmake
[3.754s] -- Installing: /home/tim/F1_10/sim_ws/install/gap_follow/share/gap_follow/package.xml
[3.898s] Invoked command in '/home/tim/F1_10/sim_ws/build/gap_follow' returned '0': CMAKE_PREFIX_PATH=${CMAKE_PREFIX_PATH}:/home/tim/F1_10/sim_ws/install/f1tenth_gym_ros:/opt/ros/foxy /home/tim/.local/bin/cmake --install /home/tim/F1_10/sim_ws/build/gap_follow
