[0.131s] Invoking command in '/home/tim/lab1_ws/build/lab1_pkg': CMAKE_PREFIX_PATH=${CMAKE_PREFIX_PATH}:/opt/ros/foxy /usr/bin/cmake --build /home/tim/lab1_ws/build/lab1_pkg -- -j8 -l8
[0.149s] -- Found ament_cmake: 0.9.12 (/opt/ros/foxy/share/ament_cmake/cmake)
[0.165s] -- Using PYTHON_EXECUTABLE: /usr/bin/python3
[0.302s] -- Found ackermann_msgs: 2.0.2 (/home/tim/ackermann_msgs-ros2/install/ackermann_msgs/share/ackermann_msgs/cmake)
[0.317s] -- Using all available rosidl_typesupport_c: rosidl_typesupport_fastrtps_c;rosidl_typesupport_introspection_c
[0.320s] -- Found rosidl_adapter: 1.3.1 (/opt/ros/foxy/share/rosidl_adapter/cmake)
[0.406s] -- Using all available rosidl_typesupport_cpp: rosidl_typesupport_fastrtps_cpp;rosidl_typesupport_introspection_cpp
[0.472s] -- Found rclcpp: 2.4.3 (/opt/ros/foxy/share/rclcpp/cmake)
[0.500s] -- Found rmw_implementation_cmake: 1.0.4 (/opt/ros/foxy/share/rmw_implementation_cmake/cmake)
[0.502s] -- Using RMW implementation 'rmw_fastrtps_cpp' as default
[0.610s] -- Found rclpy: 1.0.13 (/opt/ros/foxy/share/rclpy/cmake)
[0.611s] -- Found rosidl_default_generators: 1.0.1 (/opt/ros/foxy/share/rosidl_default_generators/cmake)
[0.664s] -- Configuring done
[0.669s] -- Generating done
[0.670s] -- Build files have been written to: /home/tim/lab1_ws/build/lab1_pkg
[0.700s] [100%] Built target cpp_executable
[0.708s] Invoked command in '/home/tim/lab1_ws/build/lab1_pkg' returned '0': CMAKE_PREFIX_PATH=${CMAKE_PREFIX_PATH}:/opt/ros/foxy /usr/bin/cmake --build /home/tim/lab1_ws/build/lab1_pkg -- -j8 -l8
[0.733s] Invoking command in '/home/tim/lab1_ws/build/lab1_pkg': CMAKE_PREFIX_PATH=${CMAKE_PREFIX_PATH}:/opt/ros/foxy /usr/bin/cmake --install /home/tim/lab1_ws/build/lab1_pkg
[0.739s] -- Install configuration: ""
[0.740s] -- Up-to-date: /home/tim/lab1_ws/install/lab1_pkg/lib/lab1_pkg/cpp_executable
[0.740s] -- Up-to-date: /home/tim/lab1_ws/install/lab1_pkg/share/lab1_pkg/environment/pythonpath.sh
[0.740s] -- Installing: /home/tim/lab1_ws/install/lab1_pkg/share/lab1_pkg/environment/pythonpath.dsv
[0.740s] -- Up-to-date: /home/tim/lab1_ws/install/lab1_pkg/lib/python3.8/site-packages/lab1_pkg
[0.740s] -- Up-to-date: /home/tim/lab1_ws/install/lab1_pkg/lib/python3.8/site-packages/lab1_pkg/__init__.py
[0.740s] -- Up-to-date: /home/tim/lab1_ws/install/lab1_pkg/lib/python3.8/site-packages/lab1_pkg/module_to_import.py
[0.740s] -- Up-to-date: /home/tim/lab1_ws/install/lab1_pkg/lib/python3.8/site-packages/lab1_pkg/publisher_member_function.py
[0.762s] Listing '/home/tim/lab1_ws/install/lab1_pkg/lib/python3.8/site-packages/lab1_pkg'...
[0.764s] -- Up-to-date: /home/tim/lab1_ws/install/lab1_pkg/lib/lab1_pkg/talker.py
[0.764s] -- Up-to-date: /home/tim/lab1_ws/install/lab1_pkg/lib/lab1_pkg/relay.py
[0.765s] -- Up-to-date: /home/tim/lab1_ws/install/lab1_pkg/share/ament_index/resource_index/package_run_dependencies/lab1_pkg
[0.765s] -- Up-to-date: /home/tim/lab1_ws/install/lab1_pkg/share/ament_index/resource_index/parent_prefix_path/lab1_pkg
[0.765s] -- Up-to-date: /home/tim/lab1_ws/install/lab1_pkg/share/lab1_pkg/environment/ament_prefix_path.sh
[0.765s] -- Installing: /home/tim/lab1_ws/install/lab1_pkg/share/lab1_pkg/environment/ament_prefix_path.dsv
[0.765s] -- Up-to-date: /home/tim/lab1_ws/install/lab1_pkg/share/lab1_pkg/environment/path.sh
[0.765s] -- Installing: /home/tim/lab1_ws/install/lab1_pkg/share/lab1_pkg/environment/path.dsv
[0.765s] -- Up-to-date: /home/tim/lab1_ws/install/lab1_pkg/share/lab1_pkg/local_setup.bash
[0.765s] -- Up-to-date: /home/tim/lab1_ws/install/lab1_pkg/share/lab1_pkg/local_setup.sh
[0.765s] -- Up-to-date: /home/tim/lab1_ws/install/lab1_pkg/share/lab1_pkg/local_setup.zsh
[0.765s] -- Installing: /home/tim/lab1_ws/install/lab1_pkg/share/lab1_pkg/local_setup.dsv
[0.765s] -- Installing: /home/tim/lab1_ws/install/lab1_pkg/share/lab1_pkg/package.dsv
[0.765s] -- Up-to-date: /home/tim/lab1_ws/install/lab1_pkg/share/ament_index/resource_index/packages/lab1_pkg
[0.766s] -- Up-to-date: /home/tim/lab1_ws/install/lab1_pkg/share/lab1_pkg/cmake/lab1_pkgConfig.cmake
[0.766s] -- Up-to-date: /home/tim/lab1_ws/install/lab1_pkg/share/lab1_pkg/cmake/lab1_pkgConfig-version.cmake
[0.766s] -- Up-to-date: /home/tim/lab1_ws/install/lab1_pkg/share/lab1_pkg/package.xml
[0.767s] Invoked command in '/home/tim/lab1_ws/build/lab1_pkg' returned '0': CMAKE_PREFIX_PATH=${CMAKE_PREFIX_PATH}:/opt/ros/foxy /usr/bin/cmake --install /home/tim/lab1_ws/build/lab1_pkg
