-- Found ament_cmake: 0.9.12 (/opt/ros/foxy/share/ament_cmake/cmake)
-- Using PYTHON_EXECUTABLE: /usr/bin/python3
-- Found ackermann_msgs: 2.0.2 (/home/tim/ackermann_msgs-ros2/install/ackermann_msgs/share/ackermann_msgs/cmake)
-- Using all available rosidl_typesupport_c: rosidl_typesupport_fastrtps_c;rosidl_typesupport_introspection_c
-- Found rosidl_adapter: 1.3.1 (/opt/ros/foxy/share/rosidl_adapter/cmake)
-- Using all available rosidl_typesupport_cpp: rosidl_typesupport_fastrtps_cpp;rosidl_typesupport_introspection_cpp
-- Found rclcpp: 2.4.3 (/opt/ros/foxy/share/rclcpp/cmake)
-- Found rmw_implementation_cmake: 1.0.4 (/opt/ros/foxy/share/rmw_implementation_cmake/cmake)
-- Using RMW implementation 'rmw_fastrtps_cpp' as default
-- Found rclpy: 1.0.13 (/opt/ros/foxy/share/rclpy/cmake)
-- Found rosidl_default_generators: 1.0.1 (/opt/ros/foxy/share/rosidl_default_generators/cmake)
-- Configuring done
-- Generating done
-- Build files have been written to: /home/tim/lab1_ws/build/lab1_pkg
[100%] Built target cpp_executable
-- Install configuration: ""
-- Up-to-date: /home/tim/lab1_ws/install/lab1_pkg/lib/lab1_pkg/cpp_executable
-- Up-to-date: /home/tim/lab1_ws/install/lab1_pkg/share/lab1_pkg/environment/pythonpath.sh
-- Installing: /home/tim/lab1_ws/install/lab1_pkg/share/lab1_pkg/environment/pythonpath.dsv
-- Up-to-date: /home/tim/lab1_ws/install/lab1_pkg/lib/python3.8/site-packages/lab1_pkg
-- Up-to-date: /home/tim/lab1_ws/install/lab1_pkg/lib/python3.8/site-packages/lab1_pkg/__init__.py
-- Up-to-date: /home/tim/lab1_ws/install/lab1_pkg/lib/python3.8/site-packages/lab1_pkg/module_to_import.py
-- Up-to-date: /home/tim/lab1_ws/install/lab1_pkg/lib/python3.8/site-packages/lab1_pkg/publisher_member_function.py
Listing '/home/tim/lab1_ws/install/lab1_pkg/lib/python3.8/site-packages/lab1_pkg'...
-- Up-to-date: /home/tim/lab1_ws/install/lab1_pkg/lib/lab1_pkg/talker.py
-- Installing: /home/tim/lab1_ws/install/lab1_pkg/share/lab1_pkg/launch
-- Installing: /home/tim/lab1_ws/install/lab1_pkg/share/lab1_pkg/launch/lab1_launch.py
-- Installing: /home/tim/lab1_ws/install/lab1_pkg/lib/lab1_pkg/relay.py
-- Up-to-date: /home/tim/lab1_ws/install/lab1_pkg/share/ament_index/resource_index/package_run_dependencies/lab1_pkg
-- Up-to-date: /home/tim/lab1_ws/install/lab1_pkg/share/ament_index/resource_index/parent_prefix_path/lab1_pkg
-- Up-to-date: /home/tim/lab1_ws/install/lab1_pkg/share/lab1_pkg/environment/ament_prefix_path.sh
-- Installing: /home/tim/lab1_ws/install/lab1_pkg/share/lab1_pkg/environment/ament_prefix_path.dsv
-- Up-to-date: /home/tim/lab1_ws/install/lab1_pkg/share/lab1_pkg/environment/path.sh
-- Installing: /home/tim/lab1_ws/install/lab1_pkg/share/lab1_pkg/environment/path.dsv
-- Up-to-date: /home/tim/lab1_ws/install/lab1_pkg/share/lab1_pkg/local_setup.bash
-- Up-to-date: /home/tim/lab1_ws/install/lab1_pkg/share/lab1_pkg/local_setup.sh
-- Up-to-date: /home/tim/lab1_ws/install/lab1_pkg/share/lab1_pkg/local_setup.zsh
-- Installing: /home/tim/lab1_ws/install/lab1_pkg/share/lab1_pkg/local_setup.dsv
-- Installing: /home/tim/lab1_ws/install/lab1_pkg/share/lab1_pkg/package.dsv
-- Up-to-date: /home/tim/lab1_ws/install/lab1_pkg/share/ament_index/resource_index/packages/lab1_pkg
-- Up-to-date: /home/tim/lab1_ws/install/lab1_pkg/share/lab1_pkg/cmake/lab1_pkgConfig.cmake
-- Up-to-date: /home/tim/lab1_ws/install/lab1_pkg/share/lab1_pkg/cmake/lab1_pkgConfig-version.cmake
-- Up-to-date: /home/tim/lab1_ws/install/lab1_pkg/share/lab1_pkg/package.xml
