[0.838s] Invoking command in '/home/tim/F1_10/sim_ws/build/gap_follow': CMAKE_PREFIX_PATH=${CMAKE_PREFIX_PATH}:/home/tim/F1_10/sim_ws/install/f1tenth_gym_ros:/opt/ros/foxy /home/tim/.local/bin/cmake --build /home/tim/F1_10/sim_ws/build/gap_follow -- -j8 -l8
[0.875s] [100%] Built target reactive_node
[0.882s] Invoked command in '/home/tim/F1_10/sim_ws/build/gap_follow' returned '0': CMAKE_PREFIX_PATH=${CMAKE_PREFIX_PATH}:/home/tim/F1_10/sim_ws/install/f1tenth_gym_ros:/opt/ros/foxy /home/tim/.local/bin/cmake --build /home/tim/F1_10/sim_ws/build/gap_follow -- -j8 -l8
[0.946s] Invoking command in '/home/tim/F1_10/sim_ws/build/gap_follow': CMAKE_PREFIX_PATH=${CMAKE_PREFIX_PATH}:/home/tim/F1_10/sim_ws/install/f1tenth_gym_ros:/opt/ros/foxy /home/tim/.local/bin/cmake --install /home/tim/F1_10/sim_ws/build/gap_follow
[0.967s] -- Install configuration: ""
[0.967s] -- Up-to-date: /home/tim/F1_10/sim_ws/install/gap_follow/lib/gap_follow/reactive_node
[0.967s] -- Up-to-date: /home/tim/F1_10/sim_ws/install/gap_follow/share/gap_follow/environment/pythonpath.sh
[0.968s] -- Up-to-date: /home/tim/F1_10/sim_ws/install/gap_follow/share/gap_follow/environment/pythonpath.dsv
[0.968s] -- Up-to-date: /home/tim/F1_10/sim_ws/install/gap_follow/lib/python3.8/site-packages/gap_follow
[0.968s] -- Up-to-date: /home/tim/F1_10/sim_ws/install/gap_follow/lib/python3.8/site-packages/gap_follow/__init__.py
[0.992s] Listing '/home/tim/F1_10/sim_ws/install/gap_follow/lib/python3.8/site-packages/gap_follow'...
[0.996s] -- Installing: /home/tim/F1_10/sim_ws/install/gap_follow/lib/gap_follow/reactive_node.py
[0.997s] -- Up-to-date: /home/tim/F1_10/sim_ws/install/gap_follow/share/ament_index/resource_index/package_run_dependencies/gap_follow
[0.997s] -- Up-to-date: /home/tim/F1_10/sim_ws/install/gap_follow/share/ament_index/resource_index/parent_prefix_path/gap_follow
[0.997s] -- Up-to-date: /home/tim/F1_10/sim_ws/install/gap_follow/share/gap_follow/environment/ament_prefix_path.sh
[0.997s] -- Up-to-date: /home/tim/F1_10/sim_ws/install/gap_follow/share/gap_follow/environment/ament_prefix_path.dsv
[0.997s] -- Up-to-date: /home/tim/F1_10/sim_ws/install/gap_follow/share/gap_follow/environment/path.sh
[0.997s] -- Up-to-date: /home/tim/F1_10/sim_ws/install/gap_follow/share/gap_follow/environment/path.dsv
[0.997s] -- Up-to-date: /home/tim/F1_10/sim_ws/install/gap_follow/share/gap_follow/local_setup.bash
[0.997s] -- Up-to-date: /home/tim/F1_10/sim_ws/install/gap_follow/share/gap_follow/local_setup.sh
[0.997s] -- Up-to-date: /home/tim/F1_10/sim_ws/install/gap_follow/share/gap_follow/local_setup.zsh
[0.997s] -- Up-to-date: /home/tim/F1_10/sim_ws/install/gap_follow/share/gap_follow/local_setup.dsv
[0.997s] -- Installing: /home/tim/F1_10/sim_ws/install/gap_follow/share/gap_follow/package.dsv
[0.997s] -- Up-to-date: /home/tim/F1_10/sim_ws/install/gap_follow/share/ament_index/resource_index/packages/gap_follow
[0.997s] -- Up-to-date: /home/tim/F1_10/sim_ws/install/gap_follow/share/gap_follow/cmake/gap_followConfig.cmake
[0.998s] -- Up-to-date: /home/tim/F1_10/sim_ws/install/gap_follow/share/gap_follow/cmake/gap_followConfig-version.cmake
[0.998s] -- Up-to-date: /home/tim/F1_10/sim_ws/install/gap_follow/share/gap_follow/package.xml
[1.285s] Invoked command in '/home/tim/F1_10/sim_ws/build/gap_follow' returned '0': CMAKE_PREFIX_PATH=${CMAKE_PREFIX_PATH}:/home/tim/F1_10/sim_ws/install/f1tenth_gym_ros:/opt/ros/foxy /home/tim/.local/bin/cmake --install /home/tim/F1_10/sim_ws/build/gap_follow
