[0.126s] Invoking command in '/home/tim/lab1_ws/build/lab1_pkg': CMAKE_PREFIX_PATH=${CMAKE_PREFIX_PATH}:/opt/ros/foxy /usr/bin/cmake --build /home/tim/lab1_ws/build/lab1_pkg -- -j8 -l8
[0.146s] -- Found ament_cmake: 0.9.12 (/opt/ros/foxy/share/ament_cmake/cmake)
[0.161s] -- Using PYTHON_EXECUTABLE: /usr/bin/python3
[0.295s] -- Found rclcpp: 2.4.3 (/opt/ros/foxy/share/rclcpp/cmake)
[0.319s] -- Using all available rosidl_typesupport_c: rosidl_typesupport_fastrtps_c;rosidl_typesupport_introspection_c
[0.322s] -- Found rosidl_adapter: 1.3.1 (/opt/ros/foxy/share/rosidl_adapter/cmake)
[0.405s] -- Using all available rosidl_typesupport_cpp: rosidl_typesupport_fastrtps_cpp;rosidl_typesupport_introspection_cpp
[0.443s] -- Found rmw_implementation_cmake: 1.0.4 (/opt/ros/foxy/share/rmw_implementation_cmake/cmake)
[0.445s] -- Using RMW implementation 'rmw_fastrtps_cpp' as default
[0.560s] -- Found rclpy: 1.0.13 (/opt/ros/foxy/share/rclpy/cmake)
[0.560s] -- Found rosidl_default_generators: 1.0.1 (/opt/ros/foxy/share/rosidl_default_generators/cmake)
[0.612s] -- Configuring done
[0.617s] -- Generating done
[0.618s] -- Build files have been written to: /home/tim/lab1_ws/build/lab1_pkg
[0.647s] [100%] Built target cpp_executable
[0.655s] Invoked command in '/home/tim/lab1_ws/build/lab1_pkg' returned '0': CMAKE_PREFIX_PATH=${CMAKE_PREFIX_PATH}:/opt/ros/foxy /usr/bin/cmake --build /home/tim/lab1_ws/build/lab1_pkg -- -j8 -l8
[0.677s] Invoking command in '/home/tim/lab1_ws/build/lab1_pkg': CMAKE_PREFIX_PATH=${CMAKE_PREFIX_PATH}:/opt/ros/foxy /usr/bin/cmake --install /home/tim/lab1_ws/build/lab1_pkg
[0.682s] -- Install configuration: ""
[0.683s] -- Up-to-date: /home/tim/lab1_ws/install/lab1_pkg/lib/lab1_pkg/cpp_executable
[0.683s] -- Up-to-date: /home/tim/lab1_ws/install/lab1_pkg/share/lab1_pkg/environment/pythonpath.sh
[0.683s] -- Installing: /home/tim/lab1_ws/install/lab1_pkg/share/lab1_pkg/environment/pythonpath.dsv
[0.683s] -- Up-to-date: /home/tim/lab1_ws/install/lab1_pkg/lib/python3.8/site-packages/lab1_pkg
[0.683s] -- Up-to-date: /home/tim/lab1_ws/install/lab1_pkg/lib/python3.8/site-packages/lab1_pkg/__init__.py
[0.683s] -- Up-to-date: /home/tim/lab1_ws/install/lab1_pkg/lib/python3.8/site-packages/lab1_pkg/module_to_import.py
[0.683s] -- Up-to-date: /home/tim/lab1_ws/install/lab1_pkg/lib/python3.8/site-packages/lab1_pkg/publisher_member_function.py
[0.704s] Listing '/home/tim/lab1_ws/install/lab1_pkg/lib/python3.8/site-packages/lab1_pkg'...
[0.706s] -- Up-to-date: /home/tim/lab1_ws/install/lab1_pkg/lib/lab1_pkg/talker.py
[0.706s] -- Up-to-date: /home/tim/lab1_ws/install/lab1_pkg/lib/lab1_pkg/relay.py
[0.706s] -- Up-to-date: /home/tim/lab1_ws/install/lab1_pkg/share/ament_index/resource_index/package_run_dependencies/lab1_pkg
[0.706s] -- Up-to-date: /home/tim/lab1_ws/install/lab1_pkg/share/ament_index/resource_index/parent_prefix_path/lab1_pkg
[0.707s] -- Up-to-date: /home/tim/lab1_ws/install/lab1_pkg/share/lab1_pkg/environment/ament_prefix_path.sh
[0.707s] -- Installing: /home/tim/lab1_ws/install/lab1_pkg/share/lab1_pkg/environment/ament_prefix_path.dsv
[0.707s] -- Up-to-date: /home/tim/lab1_ws/install/lab1_pkg/share/lab1_pkg/environment/path.sh
[0.707s] -- Installing: /home/tim/lab1_ws/install/lab1_pkg/share/lab1_pkg/environment/path.dsv
[0.707s] -- Up-to-date: /home/tim/lab1_ws/install/lab1_pkg/share/lab1_pkg/local_setup.bash
[0.707s] -- Up-to-date: /home/tim/lab1_ws/install/lab1_pkg/share/lab1_pkg/local_setup.sh
[0.707s] -- Up-to-date: /home/tim/lab1_ws/install/lab1_pkg/share/lab1_pkg/local_setup.zsh
[0.707s] -- Installing: /home/tim/lab1_ws/install/lab1_pkg/share/lab1_pkg/local_setup.dsv
[0.707s] -- Installing: /home/tim/lab1_ws/install/lab1_pkg/share/lab1_pkg/package.dsv
[0.707s] -- Up-to-date: /home/tim/lab1_ws/install/lab1_pkg/share/ament_index/resource_index/packages/lab1_pkg
[0.707s] -- Up-to-date: /home/tim/lab1_ws/install/lab1_pkg/share/lab1_pkg/cmake/lab1_pkgConfig.cmake
[0.707s] -- Up-to-date: /home/tim/lab1_ws/install/lab1_pkg/share/lab1_pkg/cmake/lab1_pkgConfig-version.cmake
[0.707s] -- Up-to-date: /home/tim/lab1_ws/install/lab1_pkg/share/lab1_pkg/package.xml
[0.708s] Invoked command in '/home/tim/lab1_ws/build/lab1_pkg' returned '0': CMAKE_PREFIX_PATH=${CMAKE_PREFIX_PATH}:/opt/ros/foxy /usr/bin/cmake --install /home/tim/lab1_ws/build/lab1_pkg
