[0.464s] Invoking command in '/home/tim/F1_10/sim_ws/build/wall_follow': CMAKE_PREFIX_PATH=${CMAKE_PREFIX_PATH}:/opt/ros/foxy /home/tim/.local/bin/cmake /home/tim/F1_10/sim_ws/src/wall_follow -DCMAKE_INSTALL_PREFIX=/home/tim/F1_10/sim_ws/install/wall_follow
[0.518s] -- The C compiler identification is GNU 9.4.0
[0.562s] -- The CXX compiler identification is GNU 9.4.0
[0.583s] -- Detecting C compiler ABI info
[0.629s] -- Detecting C compiler ABI info - done
[0.638s] -- Check for working C compiler: /usr/bin/cc - skipped
[0.638s] -- Detecting C compile features
[0.638s] -- Detecting C compile features - done
[0.646s] -- Detecting CXX compiler ABI info
[0.702s] -- Detecting CXX compiler ABI info - done
[0.712s] -- Check for working CXX compiler: /usr/bin/c++ - skipped
[0.713s] -- Detecting CXX compile features
[0.713s] -- Detecting CXX compile features - done
[0.715s] -- Found ament_cmake: 0.9.12 (/opt/ros/foxy/share/ament_cmake/cmake)
[0.718s] [33mCMake Warning (dev) at /opt/ros/foxy/share/ament_cmake_core/cmake/core/python.cmake:22 (find_package):
[0.718s]   Policy CMP0148 is not set: The FindPythonInterp and FindPythonLibs modules
[0.718s]   are removed.  Run "cmake --help-policy CMP0148" for policy details.  Use
[0.718s]   the cmake_policy command to set the policy and suppress this warning.
[0.718s] 
[0.718s] Call Stack (most recent call first):
[0.718s]   /opt/ros/foxy/share/ament_cmake_core/cmake/core/all.cmake:53 (include)
[0.718s]   /opt/ros/foxy/share/ament_cmake_core/cmake/ament_cmake_core-extras.cmake:17 (include)
[0.719s]   /opt/ros/foxy/share/ament_cmake_core/cmake/ament_cmake_coreConfig.cmake:41 (include)
[0.719s]   /opt/ros/foxy/share/ament_cmake/cmake/ament_cmake_export_dependencies-extras.cmake:15 (find_package)
[0.719s]   /opt/ros/foxy/share/ament_cmake/cmake/ament_cmakeConfig.cmake:41 (include)
[0.719s]   CMakeLists.txt:25 (find_package)
[0.719s] This warning is for project developers.  Use -Wno-dev to suppress it.
[0.719s] [0m
[0.735s] -- Found PythonInterp: /usr/bin/python3 (found suitable version "3.8.10", minimum required is "3") 
[0.735s] -- Using PYTHON_EXECUTABLE: /usr/bin/python3
[0.902s] -- Found rclcpp: 2.4.3 (/opt/ros/foxy/share/rclcpp/cmake)
[0.941s] -- Using all available rosidl_typesupport_c: rosidl_typesupport_fastrtps_c;rosidl_typesupport_introspection_c
[0.946s] -- Found rosidl_adapter: 1.3.1 (/opt/ros/foxy/share/rosidl_adapter/cmake)
[1.012s] -- Found OpenSSL: /usr/lib/x86_64-linux-gnu/libcrypto.so (found version "1.1.1f")  
[1.039s] -- Found FastRTPS: /opt/ros/foxy/include  
[1.103s] -- Using all available rosidl_typesupport_cpp: rosidl_typesupport_fastrtps_cpp;rosidl_typesupport_introspection_cpp
[1.151s] -- Found rmw_implementation_cmake: 1.0.4 (/opt/ros/foxy/share/rmw_implementation_cmake/cmake)
[1.152s] -- Using RMW implementation 'rmw_fastrtps_cpp' as default
[1.153s] -- Performing Test CMAKE_HAVE_LIBC_PTHREAD
[1.195s] -- Performing Test CMAKE_HAVE_LIBC_PTHREAD - Failed
[1.196s] -- Looking for pthread_create in pthreads
[1.227s] -- Looking for pthread_create in pthreads - not found
[1.227s] -- Looking for pthread_create in pthread
[1.266s] -- Looking for pthread_create in pthread - found
[1.267s] -- Found Threads: TRUE  
[1.390s] -- Found rclpy: 1.0.13 (/opt/ros/foxy/share/rclpy/cmake)
[1.391s] -- Found geometry_msgs: 2.0.5 (/opt/ros/foxy/share/geometry_msgs/cmake)
[1.419s] -- Found nav_msgs: 2.0.5 (/opt/ros/foxy/share/nav_msgs/cmake)
[1.479s] -- Found ackermann_msgs: 2.0.2 (/home/tim/ackermann_msgs-ros2/install/ackermann_msgs/share/ackermann_msgs/cmake)
[1.507s] -- Found sensor_msgs: 2.0.5 (/opt/ros/foxy/share/sensor_msgs/cmake)
[1.588s] -- Found ament_lint_auto: 0.9.8 (/opt/ros/foxy/share/ament_lint_auto/cmake)
[1.645s] -- Added test 'copyright' to check source files copyright and LICENSE
[1.645s] -- Added test 'cppcheck' to perform static code analysis on C / C++ code
[1.646s] -- Configured cppcheck include dirs: /home/tim/F1_10/sim_ws/src/wall_follow/include
[1.646s] -- Configured cppcheck exclude dirs and/or files: 
[1.646s] -- Added test 'cpplint' to check C / C++ code against the Google style
[1.646s] -- Configured cpplint exclude dirs and/or files: 
[1.647s] -- Added test 'flake8' to check Python code syntax and style conventions
[1.647s] -- Added test 'lint_cmake' to check CMake code style
[1.647s] -- Added test 'pep257' to check Python code against some of the style conventions in PEP 257
[1.648s] -- Added test 'uncrustify' to check C / C++ code style
[1.648s] -- Configured uncrustify additional arguments: 
[1.648s] -- Added test 'xmllint' to check XML markup files
[1.649s] -- Configuring done (1.2s)
[1.658s] -- Generating done (0.0s)
[1.659s] -- Build files have been written to: /home/tim/F1_10/sim_ws/build/wall_follow
[1.674s] Invoked command in '/home/tim/F1_10/sim_ws/build/wall_follow' returned '0': CMAKE_PREFIX_PATH=${CMAKE_PREFIX_PATH}:/opt/ros/foxy /home/tim/.local/bin/cmake /home/tim/F1_10/sim_ws/src/wall_follow -DCMAKE_INSTALL_PREFIX=/home/tim/F1_10/sim_ws/install/wall_follow
[1.674s] Invoking command in '/home/tim/F1_10/sim_ws/build/wall_follow': CMAKE_PREFIX_PATH=${CMAKE_PREFIX_PATH}:/opt/ros/foxy /home/tim/.local/bin/cmake --build /home/tim/F1_10/sim_ws/build/wall_follow -- -j8 -l8
[1.704s] [ 50%] [32mBuilding CXX object CMakeFiles/wall_follow_node.dir/src/wall_follow_node.cpp.o[0m
[3.055s] [100%] [32m[1mLinking CXX executable wall_follow_node[0m
[3.140s] [100%] Built target wall_follow_node
[3.172s] Invoked command in '/home/tim/F1_10/sim_ws/build/wall_follow' returned '0': CMAKE_PREFIX_PATH=${CMAKE_PREFIX_PATH}:/opt/ros/foxy /home/tim/.local/bin/cmake --build /home/tim/F1_10/sim_ws/build/wall_follow -- -j8 -l8
[3.202s] Invoking command in '/home/tim/F1_10/sim_ws/build/wall_follow': CMAKE_PREFIX_PATH=${CMAKE_PREFIX_PATH}:/opt/ros/foxy /home/tim/.local/bin/cmake --install /home/tim/F1_10/sim_ws/build/wall_follow
[3.222s] -- Install configuration: ""
[3.222s] -- Installing: /home/tim/F1_10/sim_ws/install/wall_follow/lib/wall_follow/wall_follow_node
[3.222s] -- Set non-toolchain portion of runtime path of "/home/tim/F1_10/sim_ws/install/wall_follow/lib/wall_follow/wall_follow_node" to ""
[3.222s] -- Installing: /home/tim/F1_10/sim_ws/install/wall_follow/share/wall_follow/environment/pythonpath.sh
[3.222s] -- Installing: /home/tim/F1_10/sim_ws/install/wall_follow/share/wall_follow/environment/pythonpath.dsv
[3.222s] -- Installing: /home/tim/F1_10/sim_ws/install/wall_follow/lib/python3.8/site-packages/wall_follow
[3.223s] -- Installing: /home/tim/F1_10/sim_ws/install/wall_follow/lib/python3.8/site-packages/wall_follow/__init__.py
[3.245s] Listing '/home/tim/F1_10/sim_ws/install/wall_follow/lib/python3.8/site-packages/wall_follow'...
[3.245s] Compiling '/home/tim/F1_10/sim_ws/install/wall_follow/lib/python3.8/site-packages/wall_follow/__init__.py'...
[3.248s] -- Installing: /home/tim/F1_10/sim_ws/install/wall_follow/lib/wall_follow/wall_follow_node.py
[3.248s] -- Installing: /home/tim/F1_10/sim_ws/install/wall_follow/share/ament_index/resource_index/package_run_dependencies/wall_follow
[3.248s] -- Installing: /home/tim/F1_10/sim_ws/install/wall_follow/share/ament_index/resource_index/parent_prefix_path/wall_follow
[3.249s] -- Installing: /home/tim/F1_10/sim_ws/install/wall_follow/share/wall_follow/environment/ament_prefix_path.sh
[3.249s] -- Installing: /home/tim/F1_10/sim_ws/install/wall_follow/share/wall_follow/environment/ament_prefix_path.dsv
[3.249s] -- Installing: /home/tim/F1_10/sim_ws/install/wall_follow/share/wall_follow/environment/path.sh
[3.249s] -- Installing: /home/tim/F1_10/sim_ws/install/wall_follow/share/wall_follow/environment/path.dsv
[3.249s] -- Installing: /home/tim/F1_10/sim_ws/install/wall_follow/share/wall_follow/local_setup.bash
[3.249s] -- Installing: /home/tim/F1_10/sim_ws/install/wall_follow/share/wall_follow/local_setup.sh
[3.249s] -- Installing: /home/tim/F1_10/sim_ws/install/wall_follow/share/wall_follow/local_setup.zsh
[3.249s] -- Installing: /home/tim/F1_10/sim_ws/install/wall_follow/share/wall_follow/local_setup.dsv
[3.249s] -- Installing: /home/tim/F1_10/sim_ws/install/wall_follow/share/wall_follow/package.dsv
[3.249s] -- Installing: /home/tim/F1_10/sim_ws/install/wall_follow/share/ament_index/resource_index/packages/wall_follow
[3.249s] -- Installing: /home/tim/F1_10/sim_ws/install/wall_follow/share/wall_follow/cmake/wall_followConfig.cmake
[3.250s] -- Installing: /home/tim/F1_10/sim_ws/install/wall_follow/share/wall_follow/cmake/wall_followConfig-version.cmake
[3.250s] -- Installing: /home/tim/F1_10/sim_ws/install/wall_follow/share/wall_follow/package.xml
[3.360s] Invoked command in '/home/tim/F1_10/sim_ws/build/wall_follow' returned '0': CMAKE_PREFIX_PATH=${CMAKE_PREFIX_PATH}:/opt/ros/foxy /home/tim/.local/bin/cmake --install /home/tim/F1_10/sim_ws/build/wall_follow
