[100%] Built target reactive_node
-- Install configuration: ""
-- Installing: /home/tim/F1_10/sim_ws/install/gap_follow/lib/gap_follow/reactive_node
-- Set non-toolchain portion of runtime path of "/home/tim/F1_10/sim_ws/install/gap_follow/lib/gap_follow/reactive_node" to ""
-- Installing: /home/tim/F1_10/sim_ws/install/gap_follow/share/gap_follow/environment/pythonpath.sh
-- Installing: /home/tim/F1_10/sim_ws/install/gap_follow/share/gap_follow/environment/pythonpath.dsv
-- Installing: /home/tim/F1_10/sim_ws/install/gap_follow/lib/python3.8/site-packages/gap_follow
-- Installing: /home/tim/F1_10/sim_ws/install/gap_follow/lib/python3.8/site-packages/gap_follow/__init__.py
Listing '/home/tim/F1_10/sim_ws/install/gap_follow/lib/python3.8/site-packages/gap_follow'...
Compiling '/home/tim/F1_10/sim_ws/install/gap_follow/lib/python3.8/site-packages/gap_follow/__init__.py'...
-- Installing: /home/tim/F1_10/sim_ws/install/gap_follow/lib/gap_follow/reactive_node.py
-- Installing: /home/tim/F1_10/sim_ws/install/gap_follow/share/ament_index/resource_index/package_run_dependencies/gap_follow
-- Installing: /home/tim/F1_10/sim_ws/install/gap_follow/share/ament_index/resource_index/parent_prefix_path/gap_follow
-- Installing: /home/tim/F1_10/sim_ws/install/gap_follow/share/gap_follow/environment/ament_prefix_path.sh
-- Installing: /home/tim/F1_10/sim_ws/install/gap_follow/share/gap_follow/environment/ament_prefix_path.dsv
-- Installing: /home/tim/F1_10/sim_ws/install/gap_follow/share/gap_follow/environment/path.sh
-- Installing: /home/tim/F1_10/sim_ws/install/gap_follow/share/gap_follow/environment/path.dsv
-- Installing: /home/tim/F1_10/sim_ws/install/gap_follow/share/gap_follow/local_setup.bash
-- Installing: /home/tim/F1_10/sim_ws/install/gap_follow/share/gap_follow/local_setup.sh
-- Installing: /home/tim/F1_10/sim_ws/install/gap_follow/share/gap_follow/local_setup.zsh
-- Installing: /home/tim/F1_10/sim_ws/install/gap_follow/share/gap_follow/local_setup.dsv
-- Installing: /home/tim/F1_10/sim_ws/install/gap_follow/share/gap_follow/package.dsv
-- Installing: /home/tim/F1_10/sim_ws/install/gap_follow/share/ament_index/resource_index/packages/gap_follow
-- Installing: /home/tim/F1_10/sim_ws/install/gap_follow/share/gap_follow/cmake/gap_followConfig.cmake
-- Installing: /home/tim/F1_10/sim_ws/install/gap_follow/share/gap_follow/cmake/gap_followConfig-version.cmake
-- Installing: /home/tim/F1_10/sim_ws/install/gap_follow/share/gap_follow/package.xml
