[1.040s] Invoking command in '/home/tim/F1_10/sim_ws/build/gap_follow': CMAKE_PREFIX_PATH=${CMAKE_PREFIX_PATH}:/home/tim/F1_10/sim_ws/install/f1tenth_gym_ros:/opt/ros/foxy /home/tim/.local/bin/cmake --build /home/tim/F1_10/sim_ws/build/gap_follow -- -j8 -l8
[1.076s] [100%] Built target reactive_node
[1.084s] Invoked command in '/home/tim/F1_10/sim_ws/build/gap_follow' returned '0': CMAKE_PREFIX_PATH=${CMAKE_PREFIX_PATH}:/home/tim/F1_10/sim_ws/install/f1tenth_gym_ros:/opt/ros/foxy /home/tim/.local/bin/cmake --build /home/tim/F1_10/sim_ws/build/gap_follow -- -j8 -l8
[1.146s] Invoking command in '/home/tim/F1_10/sim_ws/build/gap_follow': CMAKE_PREFIX_PATH=${CMAKE_PREFIX_PATH}:/home/tim/F1_10/sim_ws/install/f1tenth_gym_ros:/opt/ros/foxy /home/tim/.local/bin/cmake --install /home/tim/F1_10/sim_ws/build/gap_follow
[1.171s] -- Install configuration: ""
[1.171s] -- Installing: /home/tim/F1_10/sim_ws/install/gap_follow/lib/gap_follow/reactive_node
[1.171s] -- Set non-toolchain portion of runtime path of "/home/tim/F1_10/sim_ws/install/gap_follow/lib/gap_follow/reactive_node" to ""
[1.171s] -- Installing: /home/tim/F1_10/sim_ws/install/gap_follow/share/gap_follow/environment/pythonpath.sh
[1.171s] -- Installing: /home/tim/F1_10/sim_ws/install/gap_follow/share/gap_follow/environment/pythonpath.dsv
[1.171s] -- Installing: /home/tim/F1_10/sim_ws/install/gap_follow/lib/python3.8/site-packages/gap_follow
[1.171s] -- Installing: /home/tim/F1_10/sim_ws/install/gap_follow/lib/python3.8/site-packages/gap_follow/__init__.py
[1.200s] Listing '/home/tim/F1_10/sim_ws/install/gap_follow/lib/python3.8/site-packages/gap_follow'...
[1.200s] Compiling '/home/tim/F1_10/sim_ws/install/gap_follow/lib/python3.8/site-packages/gap_follow/__init__.py'...
[1.202s] -- Installing: /home/tim/F1_10/sim_ws/install/gap_follow/lib/gap_follow/reactive_node.py
[1.202s] -- Installing: /home/tim/F1_10/sim_ws/install/gap_follow/share/ament_index/resource_index/package_run_dependencies/gap_follow
[1.202s] -- Installing: /home/tim/F1_10/sim_ws/install/gap_follow/share/ament_index/resource_index/parent_prefix_path/gap_follow
[1.203s] -- Installing: /home/tim/F1_10/sim_ws/install/gap_follow/share/gap_follow/environment/ament_prefix_path.sh
[1.203s] -- Installing: /home/tim/F1_10/sim_ws/install/gap_follow/share/gap_follow/environment/ament_prefix_path.dsv
[1.203s] -- Installing: /home/tim/F1_10/sim_ws/install/gap_follow/share/gap_follow/environment/path.sh
[1.203s] -- Installing: /home/tim/F1_10/sim_ws/install/gap_follow/share/gap_follow/environment/path.dsv
[1.203s] -- Installing: /home/tim/F1_10/sim_ws/install/gap_follow/share/gap_follow/local_setup.bash
[1.203s] -- Installing: /home/tim/F1_10/sim_ws/install/gap_follow/share/gap_follow/local_setup.sh
[1.203s] -- Installing: /home/tim/F1_10/sim_ws/install/gap_follow/share/gap_follow/local_setup.zsh
[1.203s] -- Installing: /home/tim/F1_10/sim_ws/install/gap_follow/share/gap_follow/local_setup.dsv
[1.203s] -- Installing: /home/tim/F1_10/sim_ws/install/gap_follow/share/gap_follow/package.dsv
[1.203s] -- Installing: /home/tim/F1_10/sim_ws/install/gap_follow/share/ament_index/resource_index/packages/gap_follow
[1.204s] -- Installing: /home/tim/F1_10/sim_ws/install/gap_follow/share/gap_follow/cmake/gap_followConfig.cmake
[1.204s] -- Installing: /home/tim/F1_10/sim_ws/install/gap_follow/share/gap_follow/cmake/gap_followConfig-version.cmake
[1.204s] -- Installing: /home/tim/F1_10/sim_ws/install/gap_follow/share/gap_follow/package.xml
[1.210s] Invoked command in '/home/tim/F1_10/sim_ws/build/gap_follow' returned '0': CMAKE_PREFIX_PATH=${CMAKE_PREFIX_PATH}:/home/tim/F1_10/sim_ws/install/f1tenth_gym_ros:/opt/ros/foxy /home/tim/.local/bin/cmake --install /home/tim/F1_10/sim_ws/build/gap_follow
