[0.983s] Invoking command in '/home/tim/F1_10/sim_ws/build/gap_follow': CMAKE_PREFIX_PATH=${CMAKE_PREFIX_PATH}:/home/tim/F1_10/sim_ws/install/f1tenth_gym_ros:/opt/ros/foxy /home/tim/.local/bin/cmake /home/tim/F1_10/sim_ws/src/gap_follow -DCMAKE_INSTALL_PREFIX=/home/tim/F1_10/sim_ws/install/gap_follow
[1.036s] -- The C compiler identification is GNU 9.4.0
[1.078s] -- The CXX compiler identification is GNU 9.4.0
[1.090s] -- Detecting C compiler ABI info
[1.132s] -- Detecting C compiler ABI info - done
[1.141s] -- Check for working C compiler: /usr/bin/cc - skipped
[1.142s] -- Detecting C compile features
[1.142s] -- Detecting C compile features - done
[1.150s] -- Detecting CXX compiler ABI info
[1.202s] -- Detecting CXX compiler ABI info - done
[1.211s] -- Check for working CXX compiler: /usr/bin/c++ - skipped
[1.211s] -- Detecting CXX compile features
[1.212s] -- Detecting CXX compile features - done
[1.213s] -- Found ament_cmake: 0.9.12 (/opt/ros/foxy/share/ament_cmake/cmake)
[1.217s] [33mCMake Warning (dev) at /opt/ros/foxy/share/ament_cmake_core/cmake/core/python.cmake:22 (find_package):
[1.217s]   Policy CMP0148 is not set: The FindPythonInterp and FindPythonLibs modules
[1.217s]   are removed.  Run "cmake --help-policy CMP0148" for policy details.  Use
[1.217s]   the cmake_policy command to set the policy and suppress this warning.
[1.217s] 
[1.217s] Call Stack (most recent call first):
[1.217s]   /opt/ros/foxy/share/ament_cmake_core/cmake/core/all.cmake:53 (include)
[1.217s]   /opt/ros/foxy/share/ament_cmake_core/cmake/ament_cmake_core-extras.cmake:17 (include)
[1.217s]   /opt/ros/foxy/share/ament_cmake_core/cmake/ament_cmake_coreConfig.cmake:41 (include)
[1.217s]   /opt/ros/foxy/share/ament_cmake/cmake/ament_cmake_export_dependencies-extras.cmake:15 (find_package)
[1.217s]   /opt/ros/foxy/share/ament_cmake/cmake/ament_cmakeConfig.cmake:41 (include)
[1.217s]   CMakeLists.txt:25 (find_package)
[1.217s] This warning is for project developers.  Use -Wno-dev to suppress it.
[1.217s] [0m
[1.232s] -- Found PythonInterp: /usr/bin/python3 (found suitable version "3.8.10", minimum required is "3") 
[1.233s] -- Using PYTHON_EXECUTABLE: /usr/bin/python3
[1.393s] -- Found rclcpp: 2.4.3 (/opt/ros/foxy/share/rclcpp/cmake)
[1.434s] -- Using all available rosidl_typesupport_c: rosidl_typesupport_fastrtps_c;rosidl_typesupport_introspection_c
[1.439s] -- Found rosidl_adapter: 1.3.1 (/opt/ros/foxy/share/rosidl_adapter/cmake)
[1.492s] -- Found OpenSSL: /usr/lib/x86_64-linux-gnu/libcrypto.so (found version "1.1.1f")  
[1.517s] -- Found FastRTPS: /opt/ros/foxy/include  
[1.581s] -- Using all available rosidl_typesupport_cpp: rosidl_typesupport_fastrtps_cpp;rosidl_typesupport_introspection_cpp
[1.629s] -- Found rmw_implementation_cmake: 1.0.4 (/opt/ros/foxy/share/rmw_implementation_cmake/cmake)
[1.630s] -- Using RMW implementation 'rmw_fastrtps_cpp' as default
[1.630s] -- Performing Test CMAKE_HAVE_LIBC_PTHREAD
[1.673s] -- Performing Test CMAKE_HAVE_LIBC_PTHREAD - Failed
[1.673s] -- Looking for pthread_create in pthreads
[1.705s] -- Looking for pthread_create in pthreads - not found
[1.706s] -- Looking for pthread_create in pthread
[1.746s] -- Looking for pthread_create in pthread - found
[1.746s] -- Found Threads: TRUE  
[1.868s] -- Found rclpy: 1.0.13 (/opt/ros/foxy/share/rclpy/cmake)
[1.869s] -- Found geometry_msgs: 2.0.5 (/opt/ros/foxy/share/geometry_msgs/cmake)
[1.897s] -- Found nav_msgs: 2.0.5 (/opt/ros/foxy/share/nav_msgs/cmake)
[1.957s] -- Found ackermann_msgs: 2.0.2 (/home/tim/ackermann_msgs-ros2/install/ackermann_msgs/share/ackermann_msgs/cmake)
[1.986s] -- Found sensor_msgs: 2.0.5 (/opt/ros/foxy/share/sensor_msgs/cmake)
[2.069s] -- Found ament_lint_auto: 0.9.8 (/opt/ros/foxy/share/ament_lint_auto/cmake)
[2.129s] -- Added test 'copyright' to check source files copyright and LICENSE
[2.130s] -- Added test 'cppcheck' to perform static code analysis on C / C++ code
[2.130s] -- Configured cppcheck include dirs: /home/tim/F1_10/sim_ws/src/gap_follow/include
[2.130s] -- Configured cppcheck exclude dirs and/or files: 
[2.131s] -- Added test 'cpplint' to check C / C++ code against the Google style
[2.131s] -- Configured cpplint exclude dirs and/or files: 
[2.132s] -- Added test 'flake8' to check Python code syntax and style conventions
[2.132s] -- Added test 'lint_cmake' to check CMake code style
[2.133s] -- Added test 'pep257' to check Python code against some of the style conventions in PEP 257
[2.133s] -- Added test 'uncrustify' to check C / C++ code style
[2.133s] -- Configured uncrustify additional arguments: 
[2.134s] -- Added test 'xmllint' to check XML markup files
[2.135s] -- Configuring done (1.1s)
[2.144s] -- Generating done (0.0s)
[2.146s] -- Build files have been written to: /home/tim/F1_10/sim_ws/build/gap_follow
[2.155s] Invoked command in '/home/tim/F1_10/sim_ws/build/gap_follow' returned '0': CMAKE_PREFIX_PATH=${CMAKE_PREFIX_PATH}:/home/tim/F1_10/sim_ws/install/f1tenth_gym_ros:/opt/ros/foxy /home/tim/.local/bin/cmake /home/tim/F1_10/sim_ws/src/gap_follow -DCMAKE_INSTALL_PREFIX=/home/tim/F1_10/sim_ws/install/gap_follow
[2.158s] Invoking command in '/home/tim/F1_10/sim_ws/build/gap_follow': CMAKE_PREFIX_PATH=${CMAKE_PREFIX_PATH}:/home/tim/F1_10/sim_ws/install/f1tenth_gym_ros:/opt/ros/foxy /home/tim/.local/bin/cmake --build /home/tim/F1_10/sim_ws/build/gap_follow -- -j8 -l8
[2.192s] [ 50%] [32mBuilding CXX object CMakeFiles/reactive_node.dir/src/reactive_node.cpp.o[0m
[3.564s] [100%] [32m[1mLinking CXX executable reactive_node[0m
[3.673s] [100%] Built target reactive_node
[3.685s] Invoked command in '/home/tim/F1_10/sim_ws/build/gap_follow' returned '0': CMAKE_PREFIX_PATH=${CMAKE_PREFIX_PATH}:/home/tim/F1_10/sim_ws/install/f1tenth_gym_ros:/opt/ros/foxy /home/tim/.local/bin/cmake --build /home/tim/F1_10/sim_ws/build/gap_follow -- -j8 -l8
[3.744s] Invoking command in '/home/tim/F1_10/sim_ws/build/gap_follow': CMAKE_PREFIX_PATH=${CMAKE_PREFIX_PATH}:/home/tim/F1_10/sim_ws/install/f1tenth_gym_ros:/opt/ros/foxy /home/tim/.local/bin/cmake --install /home/tim/F1_10/sim_ws/build/gap_follow
[3.765s] -- Install configuration: ""
[3.766s] -- Installing: /home/tim/F1_10/sim_ws/install/gap_follow/lib/gap_follow/reactive_node
[3.766s] -- Set non-toolchain portion of runtime path of "/home/tim/F1_10/sim_ws/install/gap_follow/lib/gap_follow/reactive_node" to ""
[3.766s] -- Installing: /home/tim/F1_10/sim_ws/install/gap_follow/share/gap_follow/environment/pythonpath.sh
[3.766s] -- Installing: /home/tim/F1_10/sim_ws/install/gap_follow/share/gap_follow/environment/pythonpath.dsv
[3.766s] -- Installing: /home/tim/F1_10/sim_ws/install/gap_follow/lib/python3.8/site-packages/gap_follow
[3.766s] -- Installing: /home/tim/F1_10/sim_ws/install/gap_follow/lib/python3.8/site-packages/gap_follow/__init__.py
[3.791s] Listing '/home/tim/F1_10/sim_ws/install/gap_follow/lib/python3.8/site-packages/gap_follow'...
[3.791s] Compiling '/home/tim/F1_10/sim_ws/install/gap_follow/lib/python3.8/site-packages/gap_follow/__init__.py'...
[3.795s] -- Installing: /home/tim/F1_10/sim_ws/install/gap_follow/lib/gap_follow/reactive_node.py
[3.795s] -- Installing: /home/tim/F1_10/sim_ws/install/gap_follow/share/ament_index/resource_index/package_run_dependencies/gap_follow
[3.795s] -- Installing: /home/tim/F1_10/sim_ws/install/gap_follow/share/ament_index/resource_index/parent_prefix_path/gap_follow
[3.795s] -- Installing: /home/tim/F1_10/sim_ws/install/gap_follow/share/gap_follow/environment/ament_prefix_path.sh
[3.795s] -- Installing: /home/tim/F1_10/sim_ws/install/gap_follow/share/gap_follow/environment/ament_prefix_path.dsv
[3.795s] -- Installing: /home/tim/F1_10/sim_ws/install/gap_follow/share/gap_follow/environment/path.sh
[3.795s] -- Installing: /home/tim/F1_10/sim_ws/install/gap_follow/share/gap_follow/environment/path.dsv
[3.795s] -- Installing: /home/tim/F1_10/sim_ws/install/gap_follow/share/gap_follow/local_setup.bash
[3.796s] -- Installing: /home/tim/F1_10/sim_ws/install/gap_follow/share/gap_follow/local_setup.sh
[3.796s] -- Installing: /home/tim/F1_10/sim_ws/install/gap_follow/share/gap_follow/local_setup.zsh
[3.796s] -- Installing: /home/tim/F1_10/sim_ws/install/gap_follow/share/gap_follow/local_setup.dsv
[3.796s] -- Installing: /home/tim/F1_10/sim_ws/install/gap_follow/share/gap_follow/package.dsv
[3.796s] -- Installing: /home/tim/F1_10/sim_ws/install/gap_follow/share/ament_index/resource_index/packages/gap_follow
[3.796s] -- Installing: /home/tim/F1_10/sim_ws/install/gap_follow/share/gap_follow/cmake/gap_followConfig.cmake
[3.796s] -- Installing: /home/tim/F1_10/sim_ws/install/gap_follow/share/gap_follow/cmake/gap_followConfig-version.cmake
[3.796s] -- Installing: /home/tim/F1_10/sim_ws/install/gap_follow/share/gap_follow/package.xml
[3.802s] Invoked command in '/home/tim/F1_10/sim_ws/build/gap_follow' returned '0': CMAKE_PREFIX_PATH=${CMAKE_PREFIX_PATH}:/home/tim/F1_10/sim_ws/install/f1tenth_gym_ros:/opt/ros/foxy /home/tim/.local/bin/cmake --install /home/tim/F1_10/sim_ws/build/gap_follow
