[0.426s] Invoking command in '/home/tim/F1_10/sim_ws/build/safety_node': CMAKE_PREFIX_PATH=${CMAKE_PREFIX_PATH}:/opt/ros/foxy /usr/bin/cmake /home/tim/F1_10/sim_ws/src/safety_node -DCMAKE_INSTALL_PREFIX=/home/tim/F1_10/sim_ws/install/safety_node
[0.464s] -- The C compiler identification is GNU 9.4.0
[0.502s] -- The CXX compiler identification is GNU 9.4.0
[0.506s] -- Check for working C compiler: /usr/bin/cc
[0.552s] -- Check for working C compiler: /usr/bin/cc -- works
[0.552s] -- Detecting C compiler ABI info
[0.599s] -- Detecting C compiler ABI info - done
[0.608s] -- Detecting C compile features
[0.608s] -- Detecting C compile features - done
[0.610s] -- Check for working CXX compiler: /usr/bin/c++
[0.664s] -- Check for working CXX compiler: /usr/bin/c++ -- works
[0.664s] -- Detecting CXX compiler ABI info
[0.721s] -- Detecting CXX compiler ABI info - done
[0.729s] -- Detecting CXX compile features
[0.730s] -- Detecting CXX compile features - done
[0.731s] -- Found ament_cmake: 0.9.12 (/opt/ros/foxy/share/ament_cmake/cmake)
[0.749s] -- Found PythonInterp: /usr/bin/python3 (found suitable version "3.8.10", minimum required is "3") 
[0.749s] -- Using PYTHON_EXECUTABLE: /usr/bin/python3
[0.901s] -- Found rclcpp: 2.4.3 (/opt/ros/foxy/share/rclcpp/cmake)
[0.934s] -- Using all available rosidl_typesupport_c: rosidl_typesupport_fastrtps_c;rosidl_typesupport_introspection_c
[0.939s] -- Found rosidl_adapter: 1.3.1 (/opt/ros/foxy/share/rosidl_adapter/cmake)
[0.989s] -- Found OpenSSL: /usr/lib/x86_64-linux-gnu/libcrypto.so (found version "1.1.1f")  
[1.011s] -- Found FastRTPS: /opt/ros/foxy/include  
[1.067s] -- Using all available rosidl_typesupport_cpp: rosidl_typesupport_fastrtps_cpp;rosidl_typesupport_introspection_cpp
[1.111s] -- Found rmw_implementation_cmake: 1.0.4 (/opt/ros/foxy/share/rmw_implementation_cmake/cmake)
[1.112s] -- Using RMW implementation 'rmw_fastrtps_cpp' as default
[1.112s] -- Looking for pthread.h
[1.161s] -- Looking for pthread.h - found
[1.161s] -- Performing Test CMAKE_HAVE_LIBC_PTHREAD
[1.216s] -- Performing Test CMAKE_HAVE_LIBC_PTHREAD - Failed
[1.216s] -- Looking for pthread_create in pthreads
[1.264s] -- Looking for pthread_create in pthreads - not found
[1.265s] -- Looking for pthread_create in pthread
[1.316s] -- Looking for pthread_create in pthread - found
[1.317s] -- Found Threads: TRUE  
[1.442s] -- Found rclpy: 1.0.13 (/opt/ros/foxy/share/rclpy/cmake)
[1.443s] -- Found nav_msgs: 2.0.5 (/opt/ros/foxy/share/nav_msgs/cmake)
[1.539s] -- Found ackermann_msgs: 2.0.2 (/home/tim/ackermann_msgs-ros2/install/ackermann_msgs/share/ackermann_msgs/cmake)
[1.567s] -- Found sensor_msgs: 2.0.5 (/opt/ros/foxy/share/sensor_msgs/cmake)
[1.649s] -- Found ament_lint_auto: 0.9.8 (/opt/ros/foxy/share/ament_lint_auto/cmake)
[1.703s] -- Added test 'copyright' to check source files copyright and LICENSE
[1.704s] -- Added test 'cppcheck' to perform static code analysis on C / C++ code
[1.704s] -- Configured cppcheck include dirs: /home/tim/F1_10/sim_ws/src/safety_node/include
[1.704s] -- Configured cppcheck exclude dirs and/or files: 
[1.705s] -- Added test 'cpplint' to check C / C++ code against the Google style
[1.705s] -- Configured cpplint exclude dirs and/or files: 
[1.705s] -- Added test 'flake8' to check Python code syntax and style conventions
[1.706s] -- Added test 'lint_cmake' to check CMake code style
[1.706s] -- Added test 'pep257' to check Python code against some of the style conventions in PEP 257
[1.707s] -- Added test 'uncrustify' to check C / C++ code style
[1.707s] -- Configured uncrustify additional arguments: 
[1.707s] -- Added test 'xmllint' to check XML markup files
[1.709s] -- Configuring done
[1.717s] -- Generating done
[1.718s] -- Build files have been written to: /home/tim/F1_10/sim_ws/build/safety_node
[1.723s] Invoked command in '/home/tim/F1_10/sim_ws/build/safety_node' returned '0': CMAKE_PREFIX_PATH=${CMAKE_PREFIX_PATH}:/opt/ros/foxy /usr/bin/cmake /home/tim/F1_10/sim_ws/src/safety_node -DCMAKE_INSTALL_PREFIX=/home/tim/F1_10/sim_ws/install/safety_node
[1.725s] Invoking command in '/home/tim/F1_10/sim_ws/build/safety_node': CMAKE_PREFIX_PATH=${CMAKE_PREFIX_PATH}:/opt/ros/foxy /usr/bin/cmake --build /home/tim/F1_10/sim_ws/build/safety_node -- -j8 -l8
[1.753s] [35m[1mScanning dependencies of target safety_node[0m
[1.776s] [ 50%] [32mBuilding CXX object CMakeFiles/safety_node.dir/src/safety_node.cpp.o[0m
[3.052s] [100%] [32m[1mLinking CXX executable safety_node[0m
[3.134s] [100%] Built target safety_node
[3.142s] Invoked command in '/home/tim/F1_10/sim_ws/build/safety_node' returned '0': CMAKE_PREFIX_PATH=${CMAKE_PREFIX_PATH}:/opt/ros/foxy /usr/bin/cmake --build /home/tim/F1_10/sim_ws/build/safety_node -- -j8 -l8
[3.165s] Invoking command in '/home/tim/F1_10/sim_ws/build/safety_node': CMAKE_PREFIX_PATH=${CMAKE_PREFIX_PATH}:/opt/ros/foxy /usr/bin/cmake --install /home/tim/F1_10/sim_ws/build/safety_node
[3.171s] -- Install configuration: ""
[3.171s] -- Installing: /home/tim/F1_10/sim_ws/install/safety_node/lib/safety_node/safety_node
[3.171s] -- Set runtime path of "/home/tim/F1_10/sim_ws/install/safety_node/lib/safety_node/safety_node" to ""
[3.171s] -- Installing: /home/tim/F1_10/sim_ws/install/safety_node/share/safety_node/environment/pythonpath.sh
[3.171s] -- Installing: /home/tim/F1_10/sim_ws/install/safety_node/share/safety_node/environment/pythonpath.dsv
[3.171s] -- Installing: /home/tim/F1_10/sim_ws/install/safety_node/lib/python3.8/site-packages/safety_node
[3.171s] -- Installing: /home/tim/F1_10/sim_ws/install/safety_node/lib/python3.8/site-packages/safety_node/__init__.py
[3.195s] Listing '/home/tim/F1_10/sim_ws/install/safety_node/lib/python3.8/site-packages/safety_node'...
[3.195s] Compiling '/home/tim/F1_10/sim_ws/install/safety_node/lib/python3.8/site-packages/safety_node/__init__.py'...
[3.197s] -- Installing: /home/tim/F1_10/sim_ws/install/safety_node/lib/safety_node/safety_node.py
[3.198s] -- Installing: /home/tim/F1_10/sim_ws/install/safety_node/share/ament_index/resource_index/package_run_dependencies/safety_node
[3.198s] -- Installing: /home/tim/F1_10/sim_ws/install/safety_node/share/ament_index/resource_index/parent_prefix_path/safety_node
[3.198s] -- Installing: /home/tim/F1_10/sim_ws/install/safety_node/share/safety_node/environment/ament_prefix_path.sh
[3.198s] -- Installing: /home/tim/F1_10/sim_ws/install/safety_node/share/safety_node/environment/ament_prefix_path.dsv
[3.198s] -- Installing: /home/tim/F1_10/sim_ws/install/safety_node/share/safety_node/environment/path.sh
[3.198s] -- Installing: /home/tim/F1_10/sim_ws/install/safety_node/share/safety_node/environment/path.dsv
[3.198s] -- Installing: /home/tim/F1_10/sim_ws/install/safety_node/share/safety_node/local_setup.bash
[3.198s] -- Installing: /home/tim/F1_10/sim_ws/install/safety_node/share/safety_node/local_setup.sh
[3.198s] -- Installing: /home/tim/F1_10/sim_ws/install/safety_node/share/safety_node/local_setup.zsh
[3.198s] -- Installing: /home/tim/F1_10/sim_ws/install/safety_node/share/safety_node/local_setup.dsv
[3.198s] -- Installing: /home/tim/F1_10/sim_ws/install/safety_node/share/safety_node/package.dsv
[3.199s] -- Installing: /home/tim/F1_10/sim_ws/install/safety_node/share/ament_index/resource_index/packages/safety_node
[3.199s] -- Installing: /home/tim/F1_10/sim_ws/install/safety_node/share/safety_node/cmake/safety_nodeConfig.cmake
[3.199s] -- Installing: /home/tim/F1_10/sim_ws/install/safety_node/share/safety_node/cmake/safety_nodeConfig-version.cmake
[3.199s] -- Installing: /home/tim/F1_10/sim_ws/install/safety_node/share/safety_node/package.xml
[3.200s] Invoked command in '/home/tim/F1_10/sim_ws/build/safety_node' returned '0': CMAKE_PREFIX_PATH=${CMAKE_PREFIX_PATH}:/opt/ros/foxy /usr/bin/cmake --install /home/tim/F1_10/sim_ws/build/safety_node
