[0.875s] Invoking command in '/home/tim/F1_10/sim_ws/build/pure_pursuit': CMAKE_PREFIX_PATH=${CMAKE_PREFIX_PATH}:/home/tim/F1_10/sim_ws/install/f1tenth_gym_ros:/opt/ros/foxy /home/tim/.local/bin/cmake --build /home/tim/F1_10/sim_ws/build/pure_pursuit -- -j8 -l8
[0.912s] [100%] Built target pure_pursuit_node
[0.918s] Invoked command in '/home/tim/F1_10/sim_ws/build/pure_pursuit' returned '0': CMAKE_PREFIX_PATH=${CMAKE_PREFIX_PATH}:/home/tim/F1_10/sim_ws/install/f1tenth_gym_ros:/opt/ros/foxy /home/tim/.local/bin/cmake --build /home/tim/F1_10/sim_ws/build/pure_pursuit -- -j8 -l8
[0.985s] Invoking command in '/home/tim/F1_10/sim_ws/build/pure_pursuit': CMAKE_PREFIX_PATH=${CMAKE_PREFIX_PATH}:/home/tim/F1_10/sim_ws/install/f1tenth_gym_ros:/opt/ros/foxy /home/tim/.local/bin/cmake --install /home/tim/F1_10/sim_ws/build/pure_pursuit
[1.009s] -- Install configuration: ""
[1.009s] -- Up-to-date: /home/tim/F1_10/sim_ws/install/pure_pursuit/lib/pure_pursuit/pure_pursuit_node
[1.009s] -- Up-to-date: /home/tim/F1_10/sim_ws/install/pure_pursuit/share/pure_pursuit/environment/pythonpath.sh
[1.009s] -- Up-to-date: /home/tim/F1_10/sim_ws/install/pure_pursuit/share/pure_pursuit/environment/pythonpath.dsv
[1.009s] -- Up-to-date: /home/tim/F1_10/sim_ws/install/pure_pursuit/lib/python3.8/site-packages/pure_pursuit
[1.009s] -- Up-to-date: /home/tim/F1_10/sim_ws/install/pure_pursuit/lib/python3.8/site-packages/pure_pursuit/__init__.py
[1.033s] Listing '/home/tim/F1_10/sim_ws/install/pure_pursuit/lib/python3.8/site-packages/pure_pursuit'...
[1.038s] -- Up-to-date: /home/tim/F1_10/sim_ws/install/pure_pursuit/lib/pure_pursuit/pure_pursuit_node.py
[1.038s] -- Up-to-date: /home/tim/F1_10/sim_ws/install/pure_pursuit/share/ament_index/resource_index/package_run_dependencies/pure_pursuit
[1.038s] -- Up-to-date: /home/tim/F1_10/sim_ws/install/pure_pursuit/share/ament_index/resource_index/parent_prefix_path/pure_pursuit
[1.038s] -- Up-to-date: /home/tim/F1_10/sim_ws/install/pure_pursuit/share/pure_pursuit/environment/ament_prefix_path.sh
[1.038s] -- Up-to-date: /home/tim/F1_10/sim_ws/install/pure_pursuit/share/pure_pursuit/environment/ament_prefix_path.dsv
[1.038s] -- Up-to-date: /home/tim/F1_10/sim_ws/install/pure_pursuit/share/pure_pursuit/environment/path.sh
[1.038s] -- Up-to-date: /home/tim/F1_10/sim_ws/install/pure_pursuit/share/pure_pursuit/environment/path.dsv
[1.038s] -- Up-to-date: /home/tim/F1_10/sim_ws/install/pure_pursuit/share/pure_pursuit/local_setup.bash
[1.038s] -- Up-to-date: /home/tim/F1_10/sim_ws/install/pure_pursuit/share/pure_pursuit/local_setup.sh
[1.038s] -- Up-to-date: /home/tim/F1_10/sim_ws/install/pure_pursuit/share/pure_pursuit/local_setup.zsh
[1.039s] -- Up-to-date: /home/tim/F1_10/sim_ws/install/pure_pursuit/share/pure_pursuit/local_setup.dsv
[1.039s] -- Up-to-date: /home/tim/F1_10/sim_ws/install/pure_pursuit/share/pure_pursuit/package.dsv
[1.039s] -- Up-to-date: /home/tim/F1_10/sim_ws/install/pure_pursuit/share/ament_index/resource_index/packages/pure_pursuit
[1.039s] -- Up-to-date: /home/tim/F1_10/sim_ws/install/pure_pursuit/share/pure_pursuit/cmake/pure_pursuitConfig.cmake
[1.039s] -- Up-to-date: /home/tim/F1_10/sim_ws/install/pure_pursuit/share/pure_pursuit/cmake/pure_pursuitConfig-version.cmake
[1.039s] -- Up-to-date: /home/tim/F1_10/sim_ws/install/pure_pursuit/share/pure_pursuit/package.xml
[1.046s] Invoked command in '/home/tim/F1_10/sim_ws/build/pure_pursuit' returned '0': CMAKE_PREFIX_PATH=${CMAKE_PREFIX_PATH}:/home/tim/F1_10/sim_ws/install/f1tenth_gym_ros:/opt/ros/foxy /home/tim/.local/bin/cmake --install /home/tim/F1_10/sim_ws/build/pure_pursuit
