[1.871s] DEBUG:colcon:Command line arguments: ['/usr/bin/colcon', 'build']
[1.871s] DEBUG:colcon:Parsed command line arguments: Namespace(allow_overriding=[], ament_cmake_args=None, base_paths=['.'], build_base='build', catkin_cmake_args=None, catkin_skip_building_tests=False, cmake_args=None, cmake_clean_cache=False, cmake_clean_first=False, cmake_force_configure=False, cmake_target=None, cmake_target_skip_unavailable=False, continue_on_error=False, event_handlers=None, executor='parallel', ignore_user_meta=False, install_base='install', log_base=None, log_level=None, main=<bound method BuildVerb.main of <colcon_core.verb.build.BuildVerb object at 0x7f17426e5820>>, merge_install=False, metas=['./colcon.meta'], packages_above=None, packages_above_and_dependencies=None, packages_above_depth=None, packages_end=None, packages_ignore=None, packages_ignore_regex=None, packages_select=None, packages_select_build_failed=False, packages_select_by_dep=None, packages_select_regex=None, packages_select_test_failures=False, packages_skip=None, packages_skip_build_finished=False, packages_skip_by_dep=None, packages_skip_regex=None, packages_skip_test_passed=False, packages_skip_up_to=None, packages_start=None, packages_up_to=None, packages_up_to_regex=None, parallel_workers=8, paths=None, symlink_install=False, test_result_base=None, verb_extension=<colcon_core.verb.build.BuildVerb object at 0x7f17426e5820>, verb_name='build', verb_parser=<colcon_defaults.argument_parser.defaults.DefaultArgumentsDecorator object at 0x7f17422b6e20>)
[1.948s] Level 1:colcon.colcon_core.package_discovery:discover_packages(colcon_meta) check parameters
[1.949s] Level 1:colcon.colcon_core.package_discovery:discover_packages(recursive) check parameters
[1.949s] Level 1:colcon.colcon_core.package_discovery:discover_packages(ignore) check parameters
[1.949s] Level 1:colcon.colcon_core.package_discovery:discover_packages(path) check parameters
[1.949s] Level 1:colcon.colcon_core.package_discovery:discover_packages(colcon_meta) discover
[1.949s] Level 1:colcon.colcon_core.package_discovery:discover_packages(recursive) discover
[1.949s] INFO:colcon.colcon_core.package_discovery:Crawling recursively for packages in '/home/tim/F1_10/sim_ws'
[1.949s] Level 1:colcon.colcon_core.package_identification:_identify(.) by extensions ['ignore', 'ignore_ament_install']
[1.949s] Level 1:colcon.colcon_core.package_identification:_identify(.) by extension 'ignore'
[1.949s] Level 1:colcon.colcon_core.package_identification:_identify(.) by extension 'ignore_ament_install'
[1.949s] Level 1:colcon.colcon_core.package_identification:_identify(.) by extensions ['colcon_pkg']
[1.949s] Level 1:colcon.colcon_core.package_identification:_identify(.) by extension 'colcon_pkg'
[1.949s] Level 1:colcon.colcon_core.package_identification:_identify(.) by extensions ['colcon_meta']
[1.949s] Level 1:colcon.colcon_core.package_identification:_identify(.) by extension 'colcon_meta'
[1.949s] Level 1:colcon.colcon_core.package_identification:_identify(.) by extensions ['ros']
[1.949s] Level 1:colcon.colcon_core.package_identification:_identify(.) by extension 'ros'
[1.957s] Level 1:colcon.colcon_core.package_identification:_identify(.) by extensions ['cmake', 'python']
[1.957s] Level 1:colcon.colcon_core.package_identification:_identify(.) by extension 'cmake'
[1.957s] Level 1:colcon.colcon_core.package_identification:_identify(.) by extension 'python'
[1.958s] Level 1:colcon.colcon_core.package_identification:_identify(.) by extensions ['python_setup_py']
[1.958s] Level 1:colcon.colcon_core.package_identification:_identify(.) by extension 'python_setup_py'
[1.958s] Level 1:colcon.colcon_core.package_identification:_identify(build) by extensions ['ignore', 'ignore_ament_install']
[1.958s] Level 1:colcon.colcon_core.package_identification:_identify(build) by extension 'ignore'
[1.958s] Level 1:colcon.colcon_core.package_identification:_identify(build) ignored
[1.958s] Level 1:colcon.colcon_core.package_identification:_identify(install) by extensions ['ignore', 'ignore_ament_install']
[1.958s] Level 1:colcon.colcon_core.package_identification:_identify(install) by extension 'ignore'
[1.958s] Level 1:colcon.colcon_core.package_identification:_identify(install) ignored
[1.958s] Level 1:colcon.colcon_core.package_identification:_identify(log) by extensions ['ignore', 'ignore_ament_install']
[1.958s] Level 1:colcon.colcon_core.package_identification:_identify(log) by extension 'ignore'
[1.958s] Level 1:colcon.colcon_core.package_identification:_identify(log) ignored
[1.958s] Level 1:colcon.colcon_core.package_identification:_identify(src) by extensions ['ignore', 'ignore_ament_install']
[1.958s] Level 1:colcon.colcon_core.package_identification:_identify(src) by extension 'ignore'
[1.958s] Level 1:colcon.colcon_core.package_identification:_identify(src) by extension 'ignore_ament_install'
[1.958s] Level 1:colcon.colcon_core.package_identification:_identify(src) by extensions ['colcon_pkg']
[1.958s] Level 1:colcon.colcon_core.package_identification:_identify(src) by extension 'colcon_pkg'
[1.958s] Level 1:colcon.colcon_core.package_identification:_identify(src) by extensions ['colcon_meta']
[1.958s] Level 1:colcon.colcon_core.package_identification:_identify(src) by extension 'colcon_meta'
[1.959s] Level 1:colcon.colcon_core.package_identification:_identify(src) by extensions ['ros']
[1.959s] Level 1:colcon.colcon_core.package_identification:_identify(src) by extension 'ros'
[1.959s] Level 1:colcon.colcon_core.package_identification:_identify(src) by extensions ['cmake', 'python']
[1.959s] Level 1:colcon.colcon_core.package_identification:_identify(src) by extension 'cmake'
[1.959s] Level 1:colcon.colcon_core.package_identification:_identify(src) by extension 'python'
[1.959s] Level 1:colcon.colcon_core.package_identification:_identify(src) by extensions ['python_setup_py']
[1.959s] Level 1:colcon.colcon_core.package_identification:_identify(src) by extension 'python_setup_py'
[1.959s] Level 1:colcon.colcon_core.package_identification:_identify(src/f1tenth_gym_ros) by extensions ['ignore', 'ignore_ament_install']
[1.959s] Level 1:colcon.colcon_core.package_identification:_identify(src/f1tenth_gym_ros) by extension 'ignore'
[1.959s] Level 1:colcon.colcon_core.package_identification:_identify(src/f1tenth_gym_ros) by extension 'ignore_ament_install'
[1.959s] Level 1:colcon.colcon_core.package_identification:_identify(src/f1tenth_gym_ros) by extensions ['colcon_pkg']
[1.959s] Level 1:colcon.colcon_core.package_identification:_identify(src/f1tenth_gym_ros) by extension 'colcon_pkg'
[1.959s] Level 1:colcon.colcon_core.package_identification:_identify(src/f1tenth_gym_ros) by extensions ['colcon_meta']
[1.959s] Level 1:colcon.colcon_core.package_identification:_identify(src/f1tenth_gym_ros) by extension 'colcon_meta'
[1.959s] Level 1:colcon.colcon_core.package_identification:_identify(src/f1tenth_gym_ros) by extensions ['ros']
[1.959s] Level 1:colcon.colcon_core.package_identification:_identify(src/f1tenth_gym_ros) by extension 'ros'
[1.961s] DEBUG:colcon.colcon_core.package_identification:Package 'src/f1tenth_gym_ros' with type 'ros.ament_python' and name 'f1tenth_gym_ros'
[1.961s] Level 1:colcon.colcon_core.package_identification:_identify(src/gap_follow) by extensions ['ignore', 'ignore_ament_install']
[1.961s] Level 1:colcon.colcon_core.package_identification:_identify(src/gap_follow) by extension 'ignore'
[1.961s] Level 1:colcon.colcon_core.package_identification:_identify(src/gap_follow) by extension 'ignore_ament_install'
[1.961s] Level 1:colcon.colcon_core.package_identification:_identify(src/gap_follow) by extensions ['colcon_pkg']
[1.961s] Level 1:colcon.colcon_core.package_identification:_identify(src/gap_follow) by extension 'colcon_pkg'
[1.961s] Level 1:colcon.colcon_core.package_identification:_identify(src/gap_follow) by extensions ['colcon_meta']
[1.961s] Level 1:colcon.colcon_core.package_identification:_identify(src/gap_follow) by extension 'colcon_meta'
[1.961s] Level 1:colcon.colcon_core.package_identification:_identify(src/gap_follow) by extensions ['ros']
[1.961s] Level 1:colcon.colcon_core.package_identification:_identify(src/gap_follow) by extension 'ros'
[1.962s] DEBUG:colcon.colcon_core.package_identification:Package 'src/gap_follow' with type 'ros.ament_cmake' and name 'gap_follow'
[1.962s] Level 1:colcon.colcon_core.package_identification:_identify(src/safety_node) by extensions ['ignore', 'ignore_ament_install']
[1.962s] Level 1:colcon.colcon_core.package_identification:_identify(src/safety_node) by extension 'ignore'
[1.962s] Level 1:colcon.colcon_core.package_identification:_identify(src/safety_node) by extension 'ignore_ament_install'
[1.962s] Level 1:colcon.colcon_core.package_identification:_identify(src/safety_node) by extensions ['colcon_pkg']
[1.962s] Level 1:colcon.colcon_core.package_identification:_identify(src/safety_node) by extension 'colcon_pkg'
[1.962s] Level 1:colcon.colcon_core.package_identification:_identify(src/safety_node) by extensions ['colcon_meta']
[1.962s] Level 1:colcon.colcon_core.package_identification:_identify(src/safety_node) by extension 'colcon_meta'
[1.962s] Level 1:colcon.colcon_core.package_identification:_identify(src/safety_node) by extensions ['ros']
[1.963s] Level 1:colcon.colcon_core.package_identification:_identify(src/safety_node) by extension 'ros'
[1.963s] DEBUG:colcon.colcon_core.package_identification:Package 'src/safety_node' with type 'ros.ament_cmake' and name 'safety_node'
[1.963s] Level 1:colcon.colcon_core.package_identification:_identify(src/wall_follow) by extensions ['ignore', 'ignore_ament_install']
[1.963s] Level 1:colcon.colcon_core.package_identification:_identify(src/wall_follow) by extension 'ignore'
[1.963s] Level 1:colcon.colcon_core.package_identification:_identify(src/wall_follow) by extension 'ignore_ament_install'
[1.963s] Level 1:colcon.colcon_core.package_identification:_identify(src/wall_follow) by extensions ['colcon_pkg']
[1.963s] Level 1:colcon.colcon_core.package_identification:_identify(src/wall_follow) by extension 'colcon_pkg'
[1.963s] Level 1:colcon.colcon_core.package_identification:_identify(src/wall_follow) by extensions ['colcon_meta']
[1.964s] Level 1:colcon.colcon_core.package_identification:_identify(src/wall_follow) by extension 'colcon_meta'
[1.964s] Level 1:colcon.colcon_core.package_identification:_identify(src/wall_follow) by extensions ['ros']
[1.964s] Level 1:colcon.colcon_core.package_identification:_identify(src/wall_follow) by extension 'ros'
[1.964s] DEBUG:colcon.colcon_core.package_identification:Package 'src/wall_follow' with type 'ros.ament_cmake' and name 'wall_follow'
[1.964s] Level 1:colcon.colcon_core.package_discovery:discover_packages(recursive) using defaults
[1.964s] Level 1:colcon.colcon_core.package_discovery:discover_packages(ignore) discover
[1.964s] Level 1:colcon.colcon_core.package_discovery:discover_packages(ignore) using defaults
[1.964s] Level 1:colcon.colcon_core.package_discovery:discover_packages(path) discover
[1.964s] Level 1:colcon.colcon_core.package_discovery:discover_packages(path) using defaults
[2.136s] Level 1:colcon.colcon_core.package_discovery:discover_packages(prefix_path) check parameters
[2.136s] Level 1:colcon.colcon_core.package_discovery:discover_packages(prefix_path) discover
[2.198s] DEBUG:colcon.colcon_installed_package_information.package_discovery:Found 4 installed packages in /home/tim/F1_10/sim_ws/install
[2.230s] DEBUG:colcon.colcon_installed_package_information.package_discovery:Found 1 installed packages in /home/tim/ackermann_msgs-ros2/install
[2.262s] DEBUG:colcon.colcon_installed_package_information.package_discovery:Found 288 installed packages in /opt/ros/foxy
[2.263s] Level 1:colcon.colcon_core.package_discovery:discover_packages(prefix_path) using defaults
[2.381s] Level 5:colcon.colcon_core.verb:set package 'f1tenth_gym_ros' build argument 'cmake_args' from command line to 'None'
[2.381s] Level 5:colcon.colcon_core.verb:set package 'f1tenth_gym_ros' build argument 'cmake_target' from command line to 'None'
[2.381s] Level 5:colcon.colcon_core.verb:set package 'f1tenth_gym_ros' build argument 'cmake_target_skip_unavailable' from command line to 'False'
[2.381s] Level 5:colcon.colcon_core.verb:set package 'f1tenth_gym_ros' build argument 'cmake_clean_cache' from command line to 'False'
[2.381s] Level 5:colcon.colcon_core.verb:set package 'f1tenth_gym_ros' build argument 'cmake_clean_first' from command line to 'False'
[2.381s] Level 5:colcon.colcon_core.verb:set package 'f1tenth_gym_ros' build argument 'cmake_force_configure' from command line to 'False'
[2.381s] Level 5:colcon.colcon_core.verb:set package 'f1tenth_gym_ros' build argument 'ament_cmake_args' from command line to 'None'
[2.381s] Level 5:colcon.colcon_core.verb:set package 'f1tenth_gym_ros' build argument 'catkin_cmake_args' from command line to 'None'
[2.381s] Level 5:colcon.colcon_core.verb:set package 'f1tenth_gym_ros' build argument 'catkin_skip_building_tests' from command line to 'False'
[2.381s] DEBUG:colcon.colcon_core.verb:Building package 'f1tenth_gym_ros' with the following arguments: {'ament_cmake_args': None, 'build_base': '/home/tim/F1_10/sim_ws/build/f1tenth_gym_ros', 'catkin_cmake_args': None, 'catkin_skip_building_tests': False, 'cmake_args': None, 'cmake_clean_cache': False, 'cmake_clean_first': False, 'cmake_force_configure': False, 'cmake_target': None, 'cmake_target_skip_unavailable': False, 'install_base': '/home/tim/F1_10/sim_ws/install/f1tenth_gym_ros', 'merge_install': False, 'path': '/home/tim/F1_10/sim_ws/src/f1tenth_gym_ros', 'symlink_install': False, 'test_result_base': None}
[2.412s] Level 5:colcon.colcon_core.verb:set package 'gap_follow' build argument 'cmake_args' from command line to 'None'
[2.412s] Level 5:colcon.colcon_core.verb:set package 'gap_follow' build argument 'cmake_target' from command line to 'None'
[2.412s] Level 5:colcon.colcon_core.verb:set package 'gap_follow' build argument 'cmake_target_skip_unavailable' from command line to 'False'
[2.412s] Level 5:colcon.colcon_core.verb:set package 'gap_follow' build argument 'cmake_clean_cache' from command line to 'False'
[2.412s] Level 5:colcon.colcon_core.verb:set package 'gap_follow' build argument 'cmake_clean_first' from command line to 'False'
[2.412s] Level 5:colcon.colcon_core.verb:set package 'gap_follow' build argument 'cmake_force_configure' from command line to 'False'
[2.412s] Level 5:colcon.colcon_core.verb:set package 'gap_follow' build argument 'ament_cmake_args' from command line to 'None'
[2.412s] Level 5:colcon.colcon_core.verb:set package 'gap_follow' build argument 'catkin_cmake_args' from command line to 'None'
[2.412s] Level 5:colcon.colcon_core.verb:set package 'gap_follow' build argument 'catkin_skip_building_tests' from command line to 'False'
[2.412s] DEBUG:colcon.colcon_core.verb:Building package 'gap_follow' with the following arguments: {'ament_cmake_args': None, 'build_base': '/home/tim/F1_10/sim_ws/build/gap_follow', 'catkin_cmake_args': None, 'catkin_skip_building_tests': False, 'cmake_args': None, 'cmake_clean_cache': False, 'cmake_clean_first': False, 'cmake_force_configure': False, 'cmake_target': None, 'cmake_target_skip_unavailable': False, 'install_base': '/home/tim/F1_10/sim_ws/install/gap_follow', 'merge_install': False, 'path': '/home/tim/F1_10/sim_ws/src/gap_follow', 'symlink_install': False, 'test_result_base': None}
[2.450s] Level 5:colcon.colcon_core.verb:set package 'safety_node' build argument 'cmake_args' from command line to 'None'
[2.450s] Level 5:colcon.colcon_core.verb:set package 'safety_node' build argument 'cmake_target' from command line to 'None'
[2.450s] Level 5:colcon.colcon_core.verb:set package 'safety_node' build argument 'cmake_target_skip_unavailable' from command line to 'False'
[2.450s] Level 5:colcon.colcon_core.verb:set package 'safety_node' build argument 'cmake_clean_cache' from command line to 'False'
[2.450s] Level 5:colcon.colcon_core.verb:set package 'safety_node' build argument 'cmake_clean_first' from command line to 'False'
[2.450s] Level 5:colcon.colcon_core.verb:set package 'safety_node' build argument 'cmake_force_configure' from command line to 'False'
[2.450s] Level 5:colcon.colcon_core.verb:set package 'safety_node' build argument 'ament_cmake_args' from command line to 'None'
[2.450s] Level 5:colcon.colcon_core.verb:set package 'safety_node' build argument 'catkin_cmake_args' from command line to 'None'
[2.450s] Level 5:colcon.colcon_core.verb:set package 'safety_node' build argument 'catkin_skip_building_tests' from command line to 'False'
[2.450s] DEBUG:colcon.colcon_core.verb:Building package 'safety_node' with the following arguments: {'ament_cmake_args': None, 'build_base': '/home/tim/F1_10/sim_ws/build/safety_node', 'catkin_cmake_args': None, 'catkin_skip_building_tests': False, 'cmake_args': None, 'cmake_clean_cache': False, 'cmake_clean_first': False, 'cmake_force_configure': False, 'cmake_target': None, 'cmake_target_skip_unavailable': False, 'install_base': '/home/tim/F1_10/sim_ws/install/safety_node', 'merge_install': False, 'path': '/home/tim/F1_10/sim_ws/src/safety_node', 'symlink_install': False, 'test_result_base': None}
[2.481s] Level 5:colcon.colcon_core.verb:set package 'wall_follow' build argument 'cmake_args' from command line to 'None'
[2.481s] Level 5:colcon.colcon_core.verb:set package 'wall_follow' build argument 'cmake_target' from command line to 'None'
[2.481s] Level 5:colcon.colcon_core.verb:set package 'wall_follow' build argument 'cmake_target_skip_unavailable' from command line to 'False'
[2.481s] Level 5:colcon.colcon_core.verb:set package 'wall_follow' build argument 'cmake_clean_cache' from command line to 'False'
[2.481s] Level 5:colcon.colcon_core.verb:set package 'wall_follow' build argument 'cmake_clean_first' from command line to 'False'
[2.481s] Level 5:colcon.colcon_core.verb:set package 'wall_follow' build argument 'cmake_force_configure' from command line to 'False'
[2.481s] Level 5:colcon.colcon_core.verb:set package 'wall_follow' build argument 'ament_cmake_args' from command line to 'None'
[2.481s] Level 5:colcon.colcon_core.verb:set package 'wall_follow' build argument 'catkin_cmake_args' from command line to 'None'
[2.481s] Level 5:colcon.colcon_core.verb:set package 'wall_follow' build argument 'catkin_skip_building_tests' from command line to 'False'
[2.481s] DEBUG:colcon.colcon_core.verb:Building package 'wall_follow' with the following arguments: {'ament_cmake_args': None, 'build_base': '/home/tim/F1_10/sim_ws/build/wall_follow', 'catkin_cmake_args': None, 'catkin_skip_building_tests': False, 'cmake_args': None, 'cmake_clean_cache': False, 'cmake_clean_first': False, 'cmake_force_configure': False, 'cmake_target': None, 'cmake_target_skip_unavailable': False, 'install_base': '/home/tim/F1_10/sim_ws/install/wall_follow', 'merge_install': False, 'path': '/home/tim/F1_10/sim_ws/src/wall_follow', 'symlink_install': False, 'test_result_base': None}
[2.512s] INFO:colcon.colcon_core.executor:Executing jobs using 'parallel' executor
[2.543s] DEBUG:colcon.colcon_parallel_executor.executor.parallel:run_until_complete
[2.543s] INFO:colcon.colcon_ros.task.ament_python.build:Building ROS package in '/home/tim/F1_10/sim_ws/src/f1tenth_gym_ros' with build type 'ament_python'
[2.543s] Level 1:colcon.colcon_core.shell:create_environment_hook('f1tenth_gym_ros', 'ament_prefix_path')
[2.577s] INFO:colcon.colcon_core.plugin_system:Skipping extension 'colcon_core.shell.bat': Not used on non-Windows systems
[2.577s] INFO:colcon.colcon_core.shell:Creating environment hook '/home/tim/F1_10/sim_ws/install/f1tenth_gym_ros/share/f1tenth_gym_ros/hook/ament_prefix_path.ps1'
[2.577s] INFO:colcon.colcon_core.shell:Creating environment descriptor '/home/tim/F1_10/sim_ws/install/f1tenth_gym_ros/share/f1tenth_gym_ros/hook/ament_prefix_path.dsv'
[2.578s] INFO:colcon.colcon_core.shell:Creating environment hook '/home/tim/F1_10/sim_ws/install/f1tenth_gym_ros/share/f1tenth_gym_ros/hook/ament_prefix_path.sh'
[2.609s] INFO:colcon.colcon_core.shell:Skip shell extension 'powershell' for command environment: Not usable outside of PowerShell
[2.609s] DEBUG:colcon.colcon_core.shell:Skip shell extension 'dsv' for command environment
[2.738s] INFO:colcon.colcon_ros.task.ament_cmake.build:Building ROS package in '/home/tim/F1_10/sim_ws/src/gap_follow' with build type 'ament_cmake'
[2.738s] INFO:colcon.colcon_cmake.task.cmake.build:Building CMake package in '/home/tim/F1_10/sim_ws/src/gap_follow'
[2.771s] INFO:colcon.colcon_core.shell:Skip shell extension 'powershell' for command environment: Not usable outside of PowerShell
[2.772s] DEBUG:colcon.colcon_core.shell:Skip shell extension 'dsv' for command environment
[2.900s] INFO:colcon.colcon_ros.task.ament_cmake.build:Building ROS package in '/home/tim/F1_10/sim_ws/src/safety_node' with build type 'ament_cmake'
[2.900s] INFO:colcon.colcon_cmake.task.cmake.build:Building CMake package in '/home/tim/F1_10/sim_ws/src/safety_node'
[2.933s] INFO:colcon.colcon_core.shell:Skip shell extension 'powershell' for command environment: Not usable outside of PowerShell
[2.933s] DEBUG:colcon.colcon_core.shell:Skip shell extension 'dsv' for command environment
[3.063s] INFO:colcon.colcon_ros.task.ament_cmake.build:Building ROS package in '/home/tim/F1_10/sim_ws/src/wall_follow' with build type 'ament_cmake'
[3.063s] INFO:colcon.colcon_cmake.task.cmake.build:Building CMake package in '/home/tim/F1_10/sim_ws/src/wall_follow'
[3.096s] INFO:colcon.colcon_core.shell:Skip shell extension 'powershell' for command environment: Not usable outside of PowerShell
[3.096s] DEBUG:colcon.colcon_core.shell:Skip shell extension 'dsv' for command environment
[3.392s] INFO:colcon.colcon_core.task.python.build:Building Python package in '/home/tim/F1_10/sim_ws/src/f1tenth_gym_ros'
[3.424s] INFO:colcon.colcon_core.shell:Skip shell extension 'powershell' for command environment: Not usable outside of PowerShell
[3.425s] DEBUG:colcon.colcon_core.shell:Skip shell extension 'dsv' for command environment
[3.566s] DEBUG:colcon.colcon_core.event_handler.log_command:Invoking command in '/home/tim/F1_10/sim_ws/build/gap_follow': CMAKE_PREFIX_PATH=${CMAKE_PREFIX_PATH}:/home/tim/F1_10/sim_ws/install/f1tenth_gym_ros:/opt/ros/foxy /home/tim/.local/bin/cmake --build /home/tim/F1_10/sim_ws/build/gap_follow -- -j8 -l8
[3.569s] DEBUG:colcon.colcon_core.event_handler.log_command:Invoking command in '/home/tim/F1_10/sim_ws/build/safety_node': CMAKE_PREFIX_PATH=${CMAKE_PREFIX_PATH}:/home/tim/F1_10/sim_ws/install/f1tenth_gym_ros:/opt/ros/foxy /home/tim/.local/bin/cmake --build /home/tim/F1_10/sim_ws/build/safety_node -- -j8 -l8
[3.572s] DEBUG:colcon.colcon_core.event_handler.log_command:Invoking command in '/home/tim/F1_10/sim_ws/build/wall_follow': CMAKE_PREFIX_PATH=${CMAKE_PREFIX_PATH}:/home/tim/F1_10/sim_ws/install/f1tenth_gym_ros:/opt/ros/foxy /home/tim/.local/bin/cmake --build /home/tim/F1_10/sim_ws/build/wall_follow -- -j8 -l8
[3.606s] DEBUG:colcon.colcon_core.event_handler.log_command:Invoked command in '/home/tim/F1_10/sim_ws/build/gap_follow' returned '0': CMAKE_PREFIX_PATH=${CMAKE_PREFIX_PATH}:/home/tim/F1_10/sim_ws/install/f1tenth_gym_ros:/opt/ros/foxy /home/tim/.local/bin/cmake --build /home/tim/F1_10/sim_ws/build/gap_follow -- -j8 -l8
[3.609s] DEBUG:colcon.colcon_core.event_handler.log_command:Invoked command in '/home/tim/F1_10/sim_ws/build/safety_node' returned '0': CMAKE_PREFIX_PATH=${CMAKE_PREFIX_PATH}:/home/tim/F1_10/sim_ws/install/f1tenth_gym_ros:/opt/ros/foxy /home/tim/.local/bin/cmake --build /home/tim/F1_10/sim_ws/build/safety_node -- -j8 -l8
[3.613s] DEBUG:colcon.colcon_core.event_handler.log_command:Invoked command in '/home/tim/F1_10/sim_ws/build/wall_follow' returned '0': CMAKE_PREFIX_PATH=${CMAKE_PREFIX_PATH}:/home/tim/F1_10/sim_ws/install/f1tenth_gym_ros:/opt/ros/foxy /home/tim/.local/bin/cmake --build /home/tim/F1_10/sim_ws/build/wall_follow -- -j8 -l8
[3.664s] DEBUG:colcon.colcon_core.event_handler.log_command:Invoking command in '/home/tim/F1_10/sim_ws/build/gap_follow': CMAKE_PREFIX_PATH=${CMAKE_PREFIX_PATH}:/home/tim/F1_10/sim_ws/install/f1tenth_gym_ros:/opt/ros/foxy /home/tim/.local/bin/cmake --install /home/tim/F1_10/sim_ws/build/gap_follow
[3.667s] DEBUG:colcon.colcon_core.event_handler.log_command:Invoking command in '/home/tim/F1_10/sim_ws/build/safety_node': CMAKE_PREFIX_PATH=${CMAKE_PREFIX_PATH}:/home/tim/F1_10/sim_ws/install/f1tenth_gym_ros:/opt/ros/foxy /home/tim/.local/bin/cmake --install /home/tim/F1_10/sim_ws/build/safety_node
[3.669s] DEBUG:colcon.colcon_core.event_handler.log_command:Invoking command in '/home/tim/F1_10/sim_ws/build/wall_follow': CMAKE_PREFIX_PATH=${CMAKE_PREFIX_PATH}:/home/tim/F1_10/sim_ws/install/f1tenth_gym_ros:/opt/ros/foxy /home/tim/.local/bin/cmake --install /home/tim/F1_10/sim_ws/build/wall_follow
[3.715s] Level 1:colcon.colcon_core.environment:create_environment_scripts_only(gap_follow)
[3.716s] DEBUG:colcon.colcon_core.event_handler.log_command:Invoked command in '/home/tim/F1_10/sim_ws/build/gap_follow' returned '0': CMAKE_PREFIX_PATH=${CMAKE_PREFIX_PATH}:/home/tim/F1_10/sim_ws/install/f1tenth_gym_ros:/opt/ros/foxy /home/tim/.local/bin/cmake --install /home/tim/F1_10/sim_ws/build/gap_follow
[3.751s] Level 1:colcon.colcon_core.environment:checking '/home/tim/F1_10/sim_ws/install/gap_follow' for CMake module files
[3.751s] Level 1:colcon.colcon_core.environment:checking '/home/tim/F1_10/sim_ws/install/gap_follow' for CMake config files
[3.751s] Level 1:colcon.colcon_core.shell:create_environment_hook('gap_follow', 'cmake_prefix_path')
[3.784s] INFO:colcon.colcon_core.shell:Creating environment hook '/home/tim/F1_10/sim_ws/install/gap_follow/share/gap_follow/hook/cmake_prefix_path.ps1'
[3.785s] INFO:colcon.colcon_core.shell:Creating environment descriptor '/home/tim/F1_10/sim_ws/install/gap_follow/share/gap_follow/hook/cmake_prefix_path.dsv'
[3.785s] INFO:colcon.colcon_core.shell:Creating environment hook '/home/tim/F1_10/sim_ws/install/gap_follow/share/gap_follow/hook/cmake_prefix_path.sh'
[3.785s] Level 1:colcon.colcon_core.environment:checking '/home/tim/F1_10/sim_ws/install/gap_follow/lib'
[3.785s] Level 1:colcon.colcon_core.environment:checking '/home/tim/F1_10/sim_ws/install/gap_follow/bin'
[3.785s] Level 1:colcon.colcon_core.environment:checking '/home/tim/F1_10/sim_ws/install/gap_follow/lib/pkgconfig/gap_follow.pc'
[3.786s] Level 1:colcon.colcon_core.environment:checking '/home/tim/F1_10/sim_ws/install/gap_follow/lib/python3.8/site-packages'
[3.786s] Level 1:colcon.colcon_core.shell:create_environment_hook('gap_follow', 'pythonpath')
[3.818s] INFO:colcon.colcon_core.shell:Creating environment hook '/home/tim/F1_10/sim_ws/install/gap_follow/share/gap_follow/hook/pythonpath.ps1'
[3.818s] INFO:colcon.colcon_core.shell:Creating environment descriptor '/home/tim/F1_10/sim_ws/install/gap_follow/share/gap_follow/hook/pythonpath.dsv'
[3.818s] INFO:colcon.colcon_core.shell:Creating environment hook '/home/tim/F1_10/sim_ws/install/gap_follow/share/gap_follow/hook/pythonpath.sh'
[3.818s] Level 1:colcon.colcon_core.environment:checking '/home/tim/F1_10/sim_ws/install/gap_follow/bin'
[3.851s] INFO:colcon.colcon_core.shell:Creating package script '/home/tim/F1_10/sim_ws/install/gap_follow/share/gap_follow/package.ps1'
[3.852s] INFO:colcon.colcon_core.shell:Creating package descriptor '/home/tim/F1_10/sim_ws/install/gap_follow/share/gap_follow/package.dsv'
[3.852s] INFO:colcon.colcon_core.shell:Creating package script '/home/tim/F1_10/sim_ws/install/gap_follow/share/gap_follow/package.sh'
[3.853s] INFO:colcon.colcon_core.shell:Creating package script '/home/tim/F1_10/sim_ws/install/gap_follow/share/gap_follow/package.bash'
[3.853s] INFO:colcon.colcon_core.shell:Creating package script '/home/tim/F1_10/sim_ws/install/gap_follow/share/gap_follow/package.zsh'
[3.854s] Level 1:colcon.colcon_core.environment:create_file_with_runtime_dependencies(/home/tim/F1_10/sim_ws/install/gap_follow/share/colcon-core/packages/gap_follow)
[3.857s] Level 1:colcon.colcon_core.environment:create_environment_scripts_only(safety_node)
[3.858s] DEBUG:colcon.colcon_core.event_handler.log_command:Invoked command in '/home/tim/F1_10/sim_ws/build/safety_node' returned '0': CMAKE_PREFIX_PATH=${CMAKE_PREFIX_PATH}:/home/tim/F1_10/sim_ws/install/f1tenth_gym_ros:/opt/ros/foxy /home/tim/.local/bin/cmake --install /home/tim/F1_10/sim_ws/build/safety_node
[3.891s] Level 1:colcon.colcon_core.environment:checking '/home/tim/F1_10/sim_ws/install/safety_node' for CMake module files
[3.892s] Level 1:colcon.colcon_core.environment:checking '/home/tim/F1_10/sim_ws/install/safety_node' for CMake config files
[3.892s] Level 1:colcon.colcon_core.shell:create_environment_hook('safety_node', 'cmake_prefix_path')
[3.924s] INFO:colcon.colcon_core.shell:Creating environment hook '/home/tim/F1_10/sim_ws/install/safety_node/share/safety_node/hook/cmake_prefix_path.ps1'
[3.924s] INFO:colcon.colcon_core.shell:Creating environment descriptor '/home/tim/F1_10/sim_ws/install/safety_node/share/safety_node/hook/cmake_prefix_path.dsv'
[3.924s] INFO:colcon.colcon_core.shell:Creating environment hook '/home/tim/F1_10/sim_ws/install/safety_node/share/safety_node/hook/cmake_prefix_path.sh'
[3.924s] Level 1:colcon.colcon_core.environment:checking '/home/tim/F1_10/sim_ws/install/safety_node/lib'
[3.925s] Level 1:colcon.colcon_core.environment:checking '/home/tim/F1_10/sim_ws/install/safety_node/bin'
[3.925s] Level 1:colcon.colcon_core.environment:checking '/home/tim/F1_10/sim_ws/install/safety_node/lib/pkgconfig/safety_node.pc'
[3.925s] Level 1:colcon.colcon_core.environment:checking '/home/tim/F1_10/sim_ws/install/safety_node/lib/python3.8/site-packages'
[3.925s] Level 1:colcon.colcon_core.shell:create_environment_hook('safety_node', 'pythonpath')
[3.957s] INFO:colcon.colcon_core.shell:Creating environment hook '/home/tim/F1_10/sim_ws/install/safety_node/share/safety_node/hook/pythonpath.ps1'
[3.957s] INFO:colcon.colcon_core.shell:Creating environment descriptor '/home/tim/F1_10/sim_ws/install/safety_node/share/safety_node/hook/pythonpath.dsv'
[3.957s] INFO:colcon.colcon_core.shell:Creating environment hook '/home/tim/F1_10/sim_ws/install/safety_node/share/safety_node/hook/pythonpath.sh'
[3.958s] Level 1:colcon.colcon_core.environment:checking '/home/tim/F1_10/sim_ws/install/safety_node/bin'
[3.991s] INFO:colcon.colcon_core.shell:Creating package script '/home/tim/F1_10/sim_ws/install/safety_node/share/safety_node/package.ps1'
[3.991s] INFO:colcon.colcon_core.shell:Creating package descriptor '/home/tim/F1_10/sim_ws/install/safety_node/share/safety_node/package.dsv'
[3.991s] INFO:colcon.colcon_core.shell:Creating package script '/home/tim/F1_10/sim_ws/install/safety_node/share/safety_node/package.sh'
[3.992s] INFO:colcon.colcon_core.shell:Creating package script '/home/tim/F1_10/sim_ws/install/safety_node/share/safety_node/package.bash'
[3.992s] INFO:colcon.colcon_core.shell:Creating package script '/home/tim/F1_10/sim_ws/install/safety_node/share/safety_node/package.zsh'
[3.992s] Level 1:colcon.colcon_core.environment:create_file_with_runtime_dependencies(/home/tim/F1_10/sim_ws/install/safety_node/share/colcon-core/packages/safety_node)
[3.994s] Level 1:colcon.colcon_core.environment:create_environment_scripts_only(wall_follow)
[3.994s] DEBUG:colcon.colcon_core.event_handler.log_command:Invoked command in '/home/tim/F1_10/sim_ws/build/wall_follow' returned '0': CMAKE_PREFIX_PATH=${CMAKE_PREFIX_PATH}:/home/tim/F1_10/sim_ws/install/f1tenth_gym_ros:/opt/ros/foxy /home/tim/.local/bin/cmake --install /home/tim/F1_10/sim_ws/build/wall_follow
[4.028s] Level 1:colcon.colcon_core.environment:checking '/home/tim/F1_10/sim_ws/install/wall_follow' for CMake module files
[4.028s] Level 1:colcon.colcon_core.environment:checking '/home/tim/F1_10/sim_ws/install/wall_follow' for CMake config files
[4.028s] Level 1:colcon.colcon_core.shell:create_environment_hook('wall_follow', 'cmake_prefix_path')
[4.060s] INFO:colcon.colcon_core.shell:Creating environment hook '/home/tim/F1_10/sim_ws/install/wall_follow/share/wall_follow/hook/cmake_prefix_path.ps1'
[4.060s] INFO:colcon.colcon_core.shell:Creating environment descriptor '/home/tim/F1_10/sim_ws/install/wall_follow/share/wall_follow/hook/cmake_prefix_path.dsv'
[4.061s] INFO:colcon.colcon_core.shell:Creating environment hook '/home/tim/F1_10/sim_ws/install/wall_follow/share/wall_follow/hook/cmake_prefix_path.sh'
[4.061s] Level 1:colcon.colcon_core.environment:checking '/home/tim/F1_10/sim_ws/install/wall_follow/lib'
[4.061s] Level 1:colcon.colcon_core.environment:checking '/home/tim/F1_10/sim_ws/install/wall_follow/bin'
[4.061s] Level 1:colcon.colcon_core.environment:checking '/home/tim/F1_10/sim_ws/install/wall_follow/lib/pkgconfig/wall_follow.pc'
[4.061s] Level 1:colcon.colcon_core.environment:checking '/home/tim/F1_10/sim_ws/install/wall_follow/lib/python3.8/site-packages'
[4.061s] Level 1:colcon.colcon_core.shell:create_environment_hook('wall_follow', 'pythonpath')
[4.093s] INFO:colcon.colcon_core.shell:Creating environment hook '/home/tim/F1_10/sim_ws/install/wall_follow/share/wall_follow/hook/pythonpath.ps1'
[4.093s] INFO:colcon.colcon_core.shell:Creating environment descriptor '/home/tim/F1_10/sim_ws/install/wall_follow/share/wall_follow/hook/pythonpath.dsv'
[4.093s] INFO:colcon.colcon_core.shell:Creating environment hook '/home/tim/F1_10/sim_ws/install/wall_follow/share/wall_follow/hook/pythonpath.sh'
[4.094s] Level 1:colcon.colcon_core.environment:checking '/home/tim/F1_10/sim_ws/install/wall_follow/bin'
[4.125s] INFO:colcon.colcon_core.shell:Creating package script '/home/tim/F1_10/sim_ws/install/wall_follow/share/wall_follow/package.ps1'
[4.126s] INFO:colcon.colcon_core.shell:Creating package descriptor '/home/tim/F1_10/sim_ws/install/wall_follow/share/wall_follow/package.dsv'
[4.126s] INFO:colcon.colcon_core.shell:Creating package script '/home/tim/F1_10/sim_ws/install/wall_follow/share/wall_follow/package.sh'
[4.126s] INFO:colcon.colcon_core.shell:Creating package script '/home/tim/F1_10/sim_ws/install/wall_follow/share/wall_follow/package.bash'
[4.127s] INFO:colcon.colcon_core.shell:Creating package script '/home/tim/F1_10/sim_ws/install/wall_follow/share/wall_follow/package.zsh'
[4.127s] Level 1:colcon.colcon_core.environment:create_file_with_runtime_dependencies(/home/tim/F1_10/sim_ws/install/wall_follow/share/colcon-core/packages/wall_follow)
[4.132s] DEBUG:colcon.colcon_core.event_handler.log_command:Invoking command in '/home/tim/F1_10/sim_ws/src/f1tenth_gym_ros': PYTHONPATH=/home/tim/F1_10/sim_ws/build/f1tenth_gym_ros/prefix_override:/home/tim/F1_10/sim_ws/install/f1tenth_gym_ros/lib/python3.8/site-packages:${PYTHONPATH} /usr/bin/python3 setup.py egg_info --egg-base ../../build/f1tenth_gym_ros build --build-base /home/tim/F1_10/sim_ws/build/f1tenth_gym_ros/build install --record /home/tim/F1_10/sim_ws/build/f1tenth_gym_ros/install.log --install-scripts $base/lib/f1tenth_gym_ros --single-version-externally-managed
[4.165s] Level 1:colcon.colcon_core.environment:create_environment_scripts_only(gap_follow)
[4.197s] Level 1:colcon.colcon_core.environment:checking '/home/tim/F1_10/sim_ws/install/gap_follow' for CMake module files
[4.197s] Level 1:colcon.colcon_core.environment:checking '/home/tim/F1_10/sim_ws/install/gap_follow' for CMake config files
[4.197s] Level 1:colcon.colcon_core.shell:create_environment_hook('gap_follow', 'cmake_prefix_path')
[4.229s] INFO:colcon.colcon_core.shell:Creating environment hook '/home/tim/F1_10/sim_ws/install/gap_follow/share/gap_follow/hook/cmake_prefix_path.ps1'
[4.229s] INFO:colcon.colcon_core.shell:Creating environment descriptor '/home/tim/F1_10/sim_ws/install/gap_follow/share/gap_follow/hook/cmake_prefix_path.dsv'
[4.229s] INFO:colcon.colcon_core.shell:Creating environment hook '/home/tim/F1_10/sim_ws/install/gap_follow/share/gap_follow/hook/cmake_prefix_path.sh'
[4.230s] Level 1:colcon.colcon_core.environment:checking '/home/tim/F1_10/sim_ws/install/gap_follow/lib'
[4.230s] Level 1:colcon.colcon_core.environment:checking '/home/tim/F1_10/sim_ws/install/gap_follow/bin'
[4.230s] Level 1:colcon.colcon_core.environment:checking '/home/tim/F1_10/sim_ws/install/gap_follow/lib/pkgconfig/gap_follow.pc'
[4.230s] Level 1:colcon.colcon_core.environment:checking '/home/tim/F1_10/sim_ws/install/gap_follow/lib/python3.8/site-packages'
[4.230s] Level 1:colcon.colcon_core.shell:create_environment_hook('gap_follow', 'pythonpath')
[4.262s] INFO:colcon.colcon_core.shell:Creating environment hook '/home/tim/F1_10/sim_ws/install/gap_follow/share/gap_follow/hook/pythonpath.ps1'
[4.262s] INFO:colcon.colcon_core.shell:Creating environment descriptor '/home/tim/F1_10/sim_ws/install/gap_follow/share/gap_follow/hook/pythonpath.dsv'
[4.263s] INFO:colcon.colcon_core.shell:Creating environment hook '/home/tim/F1_10/sim_ws/install/gap_follow/share/gap_follow/hook/pythonpath.sh'
[4.263s] Level 1:colcon.colcon_core.environment:checking '/home/tim/F1_10/sim_ws/install/gap_follow/bin'
[4.296s] INFO:colcon.colcon_core.shell:Creating package script '/home/tim/F1_10/sim_ws/install/gap_follow/share/gap_follow/package.ps1'
[4.296s] INFO:colcon.colcon_core.shell:Creating package descriptor '/home/tim/F1_10/sim_ws/install/gap_follow/share/gap_follow/package.dsv'
[4.296s] INFO:colcon.colcon_core.shell:Creating package script '/home/tim/F1_10/sim_ws/install/gap_follow/share/gap_follow/package.sh'
[4.297s] INFO:colcon.colcon_core.shell:Creating package script '/home/tim/F1_10/sim_ws/install/gap_follow/share/gap_follow/package.bash'
[4.297s] INFO:colcon.colcon_core.shell:Creating package script '/home/tim/F1_10/sim_ws/install/gap_follow/share/gap_follow/package.zsh'
[4.297s] Level 1:colcon.colcon_core.environment:create_file_with_runtime_dependencies(/home/tim/F1_10/sim_ws/install/gap_follow/share/colcon-core/packages/gap_follow)
[4.334s] Level 1:colcon.colcon_core.environment:create_environment_scripts_only(safety_node)
[4.365s] Level 1:colcon.colcon_core.environment:checking '/home/tim/F1_10/sim_ws/install/safety_node' for CMake module files
[4.366s] Level 1:colcon.colcon_core.environment:checking '/home/tim/F1_10/sim_ws/install/safety_node' for CMake config files
[4.366s] Level 1:colcon.colcon_core.shell:create_environment_hook('safety_node', 'cmake_prefix_path')
[4.397s] INFO:colcon.colcon_core.shell:Creating environment hook '/home/tim/F1_10/sim_ws/install/safety_node/share/safety_node/hook/cmake_prefix_path.ps1'
[4.398s] INFO:colcon.colcon_core.shell:Creating environment descriptor '/home/tim/F1_10/sim_ws/install/safety_node/share/safety_node/hook/cmake_prefix_path.dsv'
[4.398s] INFO:colcon.colcon_core.shell:Creating environment hook '/home/tim/F1_10/sim_ws/install/safety_node/share/safety_node/hook/cmake_prefix_path.sh'
[4.398s] Level 1:colcon.colcon_core.environment:checking '/home/tim/F1_10/sim_ws/install/safety_node/lib'
[4.398s] Level 1:colcon.colcon_core.environment:checking '/home/tim/F1_10/sim_ws/install/safety_node/bin'
[4.398s] Level 1:colcon.colcon_core.environment:checking '/home/tim/F1_10/sim_ws/install/safety_node/lib/pkgconfig/safety_node.pc'
[4.398s] Level 1:colcon.colcon_core.environment:checking '/home/tim/F1_10/sim_ws/install/safety_node/lib/python3.8/site-packages'
[4.398s] Level 1:colcon.colcon_core.shell:create_environment_hook('safety_node', 'pythonpath')
[4.430s] INFO:colcon.colcon_core.shell:Creating environment hook '/home/tim/F1_10/sim_ws/install/safety_node/share/safety_node/hook/pythonpath.ps1'
[4.431s] INFO:colcon.colcon_core.shell:Creating environment descriptor '/home/tim/F1_10/sim_ws/install/safety_node/share/safety_node/hook/pythonpath.dsv'
[4.431s] INFO:colcon.colcon_core.shell:Creating environment hook '/home/tim/F1_10/sim_ws/install/safety_node/share/safety_node/hook/pythonpath.sh'
[4.431s] Level 1:colcon.colcon_core.environment:checking '/home/tim/F1_10/sim_ws/install/safety_node/bin'
[4.463s] INFO:colcon.colcon_core.shell:Creating package script '/home/tim/F1_10/sim_ws/install/safety_node/share/safety_node/package.ps1'
[4.463s] INFO:colcon.colcon_core.shell:Creating package descriptor '/home/tim/F1_10/sim_ws/install/safety_node/share/safety_node/package.dsv'
[4.463s] INFO:colcon.colcon_core.shell:Creating package script '/home/tim/F1_10/sim_ws/install/safety_node/share/safety_node/package.sh'
[4.464s] INFO:colcon.colcon_core.shell:Creating package script '/home/tim/F1_10/sim_ws/install/safety_node/share/safety_node/package.bash'
[4.464s] INFO:colcon.colcon_core.shell:Creating package script '/home/tim/F1_10/sim_ws/install/safety_node/share/safety_node/package.zsh'
[4.464s] Level 1:colcon.colcon_core.environment:create_file_with_runtime_dependencies(/home/tim/F1_10/sim_ws/install/safety_node/share/colcon-core/packages/safety_node)
[4.498s] Level 1:colcon.colcon_core.environment:create_environment_scripts_only(wall_follow)
[4.530s] Level 1:colcon.colcon_core.environment:checking '/home/tim/F1_10/sim_ws/install/wall_follow' for CMake module files
[4.530s] Level 1:colcon.colcon_core.environment:checking '/home/tim/F1_10/sim_ws/install/wall_follow' for CMake config files
[4.531s] Level 1:colcon.colcon_core.shell:create_environment_hook('wall_follow', 'cmake_prefix_path')
[4.569s] INFO:colcon.colcon_core.shell:Creating environment hook '/home/tim/F1_10/sim_ws/install/wall_follow/share/wall_follow/hook/cmake_prefix_path.ps1'
[4.570s] INFO:colcon.colcon_core.shell:Creating environment descriptor '/home/tim/F1_10/sim_ws/install/wall_follow/share/wall_follow/hook/cmake_prefix_path.dsv'
[4.570s] INFO:colcon.colcon_core.shell:Creating environment hook '/home/tim/F1_10/sim_ws/install/wall_follow/share/wall_follow/hook/cmake_prefix_path.sh'
[4.571s] Level 1:colcon.colcon_core.environment:checking '/home/tim/F1_10/sim_ws/install/wall_follow/lib'
[4.571s] Level 1:colcon.colcon_core.environment:checking '/home/tim/F1_10/sim_ws/install/wall_follow/bin'
[4.571s] Level 1:colcon.colcon_core.environment:checking '/home/tim/F1_10/sim_ws/install/wall_follow/lib/pkgconfig/wall_follow.pc'
[4.571s] Level 1:colcon.colcon_core.environment:checking '/home/tim/F1_10/sim_ws/install/wall_follow/lib/python3.8/site-packages'
[4.571s] Level 1:colcon.colcon_core.shell:create_environment_hook('wall_follow', 'pythonpath')
[4.603s] INFO:colcon.colcon_core.shell:Creating environment hook '/home/tim/F1_10/sim_ws/install/wall_follow/share/wall_follow/hook/pythonpath.ps1'
[4.603s] INFO:colcon.colcon_core.shell:Creating environment descriptor '/home/tim/F1_10/sim_ws/install/wall_follow/share/wall_follow/hook/pythonpath.dsv'
[4.603s] INFO:colcon.colcon_core.shell:Creating environment hook '/home/tim/F1_10/sim_ws/install/wall_follow/share/wall_follow/hook/pythonpath.sh'
[4.604s] Level 1:colcon.colcon_core.environment:checking '/home/tim/F1_10/sim_ws/install/wall_follow/bin'
[4.635s] INFO:colcon.colcon_core.shell:Creating package script '/home/tim/F1_10/sim_ws/install/wall_follow/share/wall_follow/package.ps1'
[4.635s] INFO:colcon.colcon_core.shell:Creating package descriptor '/home/tim/F1_10/sim_ws/install/wall_follow/share/wall_follow/package.dsv'
[4.636s] INFO:colcon.colcon_core.shell:Creating package script '/home/tim/F1_10/sim_ws/install/wall_follow/share/wall_follow/package.sh'
[4.636s] INFO:colcon.colcon_core.shell:Creating package script '/home/tim/F1_10/sim_ws/install/wall_follow/share/wall_follow/package.bash'
[4.636s] INFO:colcon.colcon_core.shell:Creating package script '/home/tim/F1_10/sim_ws/install/wall_follow/share/wall_follow/package.zsh'
[4.637s] Level 1:colcon.colcon_core.environment:create_file_with_runtime_dependencies(/home/tim/F1_10/sim_ws/install/wall_follow/share/colcon-core/packages/wall_follow)
[4.637s] DEBUG:colcon.colcon_core.event_handler.log_command:Invoked command in '/home/tim/F1_10/sim_ws/src/f1tenth_gym_ros' returned '0': PYTHONPATH=/home/tim/F1_10/sim_ws/build/f1tenth_gym_ros/prefix_override:/home/tim/F1_10/sim_ws/install/f1tenth_gym_ros/lib/python3.8/site-packages:${PYTHONPATH} /usr/bin/python3 setup.py egg_info --egg-base ../../build/f1tenth_gym_ros build --build-base /home/tim/F1_10/sim_ws/build/f1tenth_gym_ros/build install --record /home/tim/F1_10/sim_ws/build/f1tenth_gym_ros/install.log --install-scripts $base/lib/f1tenth_gym_ros --single-version-externally-managed
[4.670s] Level 1:colcon.colcon_core.environment:checking '/home/tim/F1_10/sim_ws/install/f1tenth_gym_ros' for CMake module files
[4.670s] Level 1:colcon.colcon_core.environment:checking '/home/tim/F1_10/sim_ws/install/f1tenth_gym_ros' for CMake config files
[4.671s] Level 1:colcon.colcon_core.environment:checking '/home/tim/F1_10/sim_ws/install/f1tenth_gym_ros/lib'
[4.671s] Level 1:colcon.colcon_core.environment:checking '/home/tim/F1_10/sim_ws/install/f1tenth_gym_ros/bin'
[4.671s] Level 1:colcon.colcon_core.environment:checking '/home/tim/F1_10/sim_ws/install/f1tenth_gym_ros/lib/pkgconfig/f1tenth_gym_ros.pc'
[4.671s] Level 1:colcon.colcon_core.environment:checking '/home/tim/F1_10/sim_ws/install/f1tenth_gym_ros/lib/python3.8/site-packages'
[4.671s] Level 1:colcon.colcon_core.shell:create_environment_hook('f1tenth_gym_ros', 'pythonpath')
[4.702s] INFO:colcon.colcon_core.shell:Creating environment hook '/home/tim/F1_10/sim_ws/install/f1tenth_gym_ros/share/f1tenth_gym_ros/hook/pythonpath.ps1'
[4.702s] INFO:colcon.colcon_core.shell:Creating environment descriptor '/home/tim/F1_10/sim_ws/install/f1tenth_gym_ros/share/f1tenth_gym_ros/hook/pythonpath.dsv'
[4.703s] INFO:colcon.colcon_core.shell:Creating environment hook '/home/tim/F1_10/sim_ws/install/f1tenth_gym_ros/share/f1tenth_gym_ros/hook/pythonpath.sh'
[4.703s] Level 1:colcon.colcon_core.environment:checking '/home/tim/F1_10/sim_ws/install/f1tenth_gym_ros/bin'
[4.703s] Level 1:colcon.colcon_core.environment:create_environment_scripts_only(f1tenth_gym_ros)
[4.734s] INFO:colcon.colcon_core.shell:Creating package script '/home/tim/F1_10/sim_ws/install/f1tenth_gym_ros/share/f1tenth_gym_ros/package.ps1'
[4.734s] INFO:colcon.colcon_core.shell:Creating package descriptor '/home/tim/F1_10/sim_ws/install/f1tenth_gym_ros/share/f1tenth_gym_ros/package.dsv'
[4.735s] INFO:colcon.colcon_core.shell:Creating package script '/home/tim/F1_10/sim_ws/install/f1tenth_gym_ros/share/f1tenth_gym_ros/package.sh'
[4.735s] INFO:colcon.colcon_core.shell:Creating package script '/home/tim/F1_10/sim_ws/install/f1tenth_gym_ros/share/f1tenth_gym_ros/package.bash'
[4.735s] INFO:colcon.colcon_core.shell:Creating package script '/home/tim/F1_10/sim_ws/install/f1tenth_gym_ros/share/f1tenth_gym_ros/package.zsh'
[4.735s] Level 1:colcon.colcon_core.environment:create_file_with_runtime_dependencies(/home/tim/F1_10/sim_ws/install/f1tenth_gym_ros/share/colcon-core/packages/f1tenth_gym_ros)
[4.736s] DEBUG:colcon.colcon_parallel_executor.executor.parallel:closing loop
[4.736s] DEBUG:colcon.colcon_parallel_executor.executor.parallel:loop closed
[4.736s] DEBUG:colcon.colcon_parallel_executor.executor.parallel:run_until_complete finished with '0'
[4.736s] DEBUG:colcon.colcon_core.event_reactor:joining thread
[4.771s] INFO:colcon.colcon_core.plugin_system:Skipping extension 'colcon_notification.desktop_notification.terminal_notifier': Not used on non-Darwin systems
[4.771s] INFO:colcon.colcon_core.plugin_system:Skipping extension 'colcon_notification.desktop_notification.win32': Not used on non-Windows systems
[4.771s] INFO:colcon.colcon_notification.desktop_notification:Sending desktop notification using 'notify2'
[4.781s] DEBUG:colcon.colcon_core.event_reactor:joined thread
[4.813s] INFO:colcon.colcon_core.shell:Creating prefix script '/home/tim/F1_10/sim_ws/install/local_setup.ps1'
[4.813s] INFO:colcon.colcon_core.shell:Creating prefix util module '/home/tim/F1_10/sim_ws/install/_local_setup_util_ps1.py'
[4.814s] INFO:colcon.colcon_core.shell:Creating prefix chain script '/home/tim/F1_10/sim_ws/install/setup.ps1'
[4.847s] INFO:colcon.colcon_core.shell:Creating prefix script '/home/tim/F1_10/sim_ws/install/local_setup.sh'
[4.847s] INFO:colcon.colcon_core.shell:Creating prefix util module '/home/tim/F1_10/sim_ws/install/_local_setup_util_sh.py'
[4.847s] INFO:colcon.colcon_core.shell:Creating prefix chain script '/home/tim/F1_10/sim_ws/install/setup.sh'
[4.880s] INFO:colcon.colcon_core.shell:Creating prefix script '/home/tim/F1_10/sim_ws/install/local_setup.bash'
[4.880s] INFO:colcon.colcon_core.shell:Creating prefix chain script '/home/tim/F1_10/sim_ws/install/setup.bash'
[4.912s] INFO:colcon.colcon_core.shell:Creating prefix script '/home/tim/F1_10/sim_ws/install/local_setup.zsh'
[4.913s] INFO:colcon.colcon_core.shell:Creating prefix chain script '/home/tim/F1_10/sim_ws/install/setup.zsh'
