[1.179s] Invoking command in '/home/tim/F1_10/sim_ws/src/f1tenth_gym_ros': PYTHONPATH=/home/tim/F1_10/sim_ws/build/f1tenth_gym_ros/prefix_override:/home/tim/F1_10/sim_ws/install/f1tenth_gym_ros/lib/python3.8/site-packages:${PYTHONPATH} /usr/bin/python3 setup.py egg_info --egg-base ../../build/f1tenth_gym_ros build --build-base /home/tim/F1_10/sim_ws/build/f1tenth_gym_ros/build install --record /home/tim/F1_10/sim_ws/build/f1tenth_gym_ros/install.log --install-scripts $base/lib/f1tenth_gym_ros --single-version-externally-managed
[1.341s] running egg_info
[1.341s] creating ../../build/f1tenth_gym_ros/f1tenth_gym_ros.egg-info
[1.341s] writing ../../build/f1tenth_gym_ros/f1tenth_gym_ros.egg-info/PKG-INFO
[1.342s] writing dependency_links to ../../build/f1tenth_gym_ros/f1tenth_gym_ros.egg-info/dependency_links.txt
[1.342s] writing entry points to ../../build/f1tenth_gym_ros/f1tenth_gym_ros.egg-info/entry_points.txt
[1.342s] writing requirements to ../../build/f1tenth_gym_ros/f1tenth_gym_ros.egg-info/requires.txt
[1.342s] writing top-level names to ../../build/f1tenth_gym_ros/f1tenth_gym_ros.egg-info/top_level.txt
[1.343s] writing manifest file '../../build/f1tenth_gym_ros/f1tenth_gym_ros.egg-info/SOURCES.txt'
[1.371s] reading manifest file '../../build/f1tenth_gym_ros/f1tenth_gym_ros.egg-info/SOURCES.txt'
[1.372s] writing manifest file '../../build/f1tenth_gym_ros/f1tenth_gym_ros.egg-info/SOURCES.txt'
[1.372s] running build
[1.372s] running build_py
[1.372s] creating /home/tim/F1_10/sim_ws/build/f1tenth_gym_ros/build
[1.372s] creating /home/tim/F1_10/sim_ws/build/f1tenth_gym_ros/build/lib
[1.372s] creating /home/tim/F1_10/sim_ws/build/f1tenth_gym_ros/build/lib/f1tenth_gym_ros
[1.372s] copying f1tenth_gym_ros/__init__.py -> /home/tim/F1_10/sim_ws/build/f1tenth_gym_ros/build/lib/f1tenth_gym_ros
[1.372s] copying f1tenth_gym_ros/gym_bridge.py -> /home/tim/F1_10/sim_ws/build/f1tenth_gym_ros/build/lib/f1tenth_gym_ros
[1.372s] running install
[1.373s] running install_lib
[1.373s] creating /home/tim/F1_10/sim_ws/install/f1tenth_gym_ros/lib/python3.8/site-packages/f1tenth_gym_ros
[1.373s] copying /home/tim/F1_10/sim_ws/build/f1tenth_gym_ros/build/lib/f1tenth_gym_ros/__init__.py -> /home/tim/F1_10/sim_ws/install/f1tenth_gym_ros/lib/python3.8/site-packages/f1tenth_gym_ros
[1.373s] copying /home/tim/F1_10/sim_ws/build/f1tenth_gym_ros/build/lib/f1tenth_gym_ros/gym_bridge.py -> /home/tim/F1_10/sim_ws/install/f1tenth_gym_ros/lib/python3.8/site-packages/f1tenth_gym_ros
[1.374s] byte-compiling /home/tim/F1_10/sim_ws/install/f1tenth_gym_ros/lib/python3.8/site-packages/f1tenth_gym_ros/__init__.py to __init__.cpython-38.pyc
[1.375s] byte-compiling /home/tim/F1_10/sim_ws/install/f1tenth_gym_ros/lib/python3.8/site-packages/f1tenth_gym_ros/gym_bridge.py to gym_bridge.cpython-38.pyc
[1.377s] running install_data
[1.377s] creating /home/tim/F1_10/sim_ws/install/f1tenth_gym_ros/share/ament_index
[1.378s] creating /home/tim/F1_10/sim_ws/install/f1tenth_gym_ros/share/ament_index/resource_index
[1.378s] creating /home/tim/F1_10/sim_ws/install/f1tenth_gym_ros/share/ament_index/resource_index/packages
[1.378s] copying resource/f1tenth_gym_ros -> /home/tim/F1_10/sim_ws/install/f1tenth_gym_ros/share/ament_index/resource_index/packages
[1.378s] copying package.xml -> /home/tim/F1_10/sim_ws/install/f1tenth_gym_ros/share/f1tenth_gym_ros
[1.378s] creating /home/tim/F1_10/sim_ws/install/f1tenth_gym_ros/share/f1tenth_gym_ros/launch
[1.378s] copying launch/gym_bridge_launch.py -> /home/tim/F1_10/sim_ws/install/f1tenth_gym_ros/share/f1tenth_gym_ros/launch
[1.378s] copying launch/opp_racecar.xacro -> /home/tim/F1_10/sim_ws/install/f1tenth_gym_ros/share/f1tenth_gym_ros/launch
[1.378s] copying launch/ego_racecar.xacro -> /home/tim/F1_10/sim_ws/install/f1tenth_gym_ros/share/f1tenth_gym_ros/launch
[1.378s] copying launch/gym_bridge.rviz -> /home/tim/F1_10/sim_ws/install/f1tenth_gym_ros/share/f1tenth_gym_ros/launch
[1.378s] creating /home/tim/F1_10/sim_ws/install/f1tenth_gym_ros/share/f1tenth_gym_ros/config
[1.378s] copying config/sim.yaml -> /home/tim/F1_10/sim_ws/install/f1tenth_gym_ros/share/f1tenth_gym_ros/config
[1.378s] running install_egg_info
[1.379s] Copying ../../build/f1tenth_gym_ros/f1tenth_gym_ros.egg-info to /home/tim/F1_10/sim_ws/install/f1tenth_gym_ros/lib/python3.8/site-packages/f1tenth_gym_ros-0.0.0-py3.8.egg-info
[1.380s] running install_scripts
[1.392s] Installing gym_bridge script to /home/tim/F1_10/sim_ws/install/f1tenth_gym_ros/lib/f1tenth_gym_ros
[1.392s] writing list of installed files to '/home/tim/F1_10/sim_ws/build/f1tenth_gym_ros/install.log'
[1.407s] Invoked command in '/home/tim/F1_10/sim_ws/src/f1tenth_gym_ros' returned '0': PYTHONPATH=/home/tim/F1_10/sim_ws/build/f1tenth_gym_ros/prefix_override:/home/tim/F1_10/sim_ws/install/f1tenth_gym_ros/lib/python3.8/site-packages:${PYTHONPATH} /usr/bin/python3 setup.py egg_info --egg-base ../../build/f1tenth_gym_ros build --build-base /home/tim/F1_10/sim_ws/build/f1tenth_gym_ros/build install --record /home/tim/F1_10/sim_ws/build/f1tenth_gym_ros/install.log --install-scripts $base/lib/f1tenth_gym_ros --single-version-externally-managed
