[0.436s] Invoking command in '/home/tim/F1_10/sim_ws/build/wall_follow': CMAKE_PREFIX_PATH=${CMAKE_PREFIX_PATH}:/opt/ros/foxy /home/tim/.local/bin/cmake /home/tim/F1_10/sim_ws/src/wall_follow -DCMAKE_INSTALL_PREFIX=/home/tim/F1_10/sim_ws/install/wall_follow
[0.489s] -- The C compiler identification is GNU 9.4.0
[0.531s] -- The CXX compiler identification is GNU 9.4.0
[0.543s] -- Detecting C compiler ABI info
[0.587s] -- Detecting C compiler ABI info - done
[0.596s] -- Check for working C compiler: /usr/bin/cc - skipped
[0.596s] -- Detecting C compile features
[0.596s] -- Detecting C compile features - done
[0.604s] -- Detecting CXX compiler ABI info
[0.656s] -- Detecting CXX compiler ABI info - done
[0.666s] -- Check for working CXX compiler: /usr/bin/c++ - skipped
[0.666s] -- Detecting CXX compile features
[0.666s] -- Detecting CXX compile features - done
[0.667s] -- Found ament_cmake: 0.9.12 (/opt/ros/foxy/share/ament_cmake/cmake)
[0.670s] [33mCMake Warning (dev) at /opt/ros/foxy/share/ament_cmake_core/cmake/core/python.cmake:22 (find_package):
[0.670s]   Policy CMP0148 is not set: The FindPythonInterp and FindPythonLibs modules
[0.670s]   are removed.  Run "cmake --help-policy CMP0148" for policy details.  Use
[0.670s]   the cmake_policy command to set the policy and suppress this warning.
[0.670s] 
[0.670s] Call Stack (most recent call first):
[0.670s]   /opt/ros/foxy/share/ament_cmake_core/cmake/core/all.cmake:53 (include)
[0.670s]   /opt/ros/foxy/share/ament_cmake_core/cmake/ament_cmake_core-extras.cmake:17 (include)
[0.671s]   /opt/ros/foxy/share/ament_cmake_core/cmake/ament_cmake_coreConfig.cmake:41 (include)
[0.671s]   /opt/ros/foxy/share/ament_cmake/cmake/ament_cmake_export_dependencies-extras.cmake:15 (find_package)
[0.671s]   /opt/ros/foxy/share/ament_cmake/cmake/ament_cmakeConfig.cmake:41 (include)
[0.671s]   CMakeLists.txt:25 (find_package)
[0.671s] This warning is for project developers.  Use -Wno-dev to suppress it.
[0.671s] [0m
[0.686s] -- Found PythonInterp: /usr/bin/python3 (found suitable version "3.8.10", minimum required is "3") 
[0.686s] -- Using PYTHON_EXECUTABLE: /usr/bin/python3
[0.842s] -- Found rclcpp: 2.4.3 (/opt/ros/foxy/share/rclcpp/cmake)
[0.878s] -- Using all available rosidl_typesupport_c: rosidl_typesupport_fastrtps_c;rosidl_typesupport_introspection_c
[0.883s] -- Found rosidl_adapter: 1.3.1 (/opt/ros/foxy/share/rosidl_adapter/cmake)
[0.935s] -- Found OpenSSL: /usr/lib/x86_64-linux-gnu/libcrypto.so (found version "1.1.1f")  
[0.959s] -- Found FastRTPS: /opt/ros/foxy/include  
[1.024s] -- Using all available rosidl_typesupport_cpp: rosidl_typesupport_fastrtps_cpp;rosidl_typesupport_introspection_cpp
[1.071s] -- Found rmw_implementation_cmake: 1.0.4 (/opt/ros/foxy/share/rmw_implementation_cmake/cmake)
[1.072s] -- Using RMW implementation 'rmw_fastrtps_cpp' as default
[1.072s] -- Performing Test CMAKE_HAVE_LIBC_PTHREAD
[1.114s] -- Performing Test CMAKE_HAVE_LIBC_PTHREAD - Failed
[1.114s] -- Looking for pthread_create in pthreads
[1.147s] -- Looking for pthread_create in pthreads - not found
[1.147s] -- Looking for pthread_create in pthread
[1.184s] -- Looking for pthread_create in pthread - found
[1.185s] -- Found Threads: TRUE  
[1.306s] -- Found rclpy: 1.0.13 (/opt/ros/foxy/share/rclpy/cmake)
[1.307s] -- Found geometry_msgs: 2.0.5 (/opt/ros/foxy/share/geometry_msgs/cmake)
[1.334s] -- Found nav_msgs: 2.0.5 (/opt/ros/foxy/share/nav_msgs/cmake)
[1.392s] -- Found ackermann_msgs: 2.0.2 (/home/tim/ackermann_msgs-ros2/install/ackermann_msgs/share/ackermann_msgs/cmake)
[1.419s] -- Found sensor_msgs: 2.0.5 (/opt/ros/foxy/share/sensor_msgs/cmake)
[1.498s] -- Found ament_lint_auto: 0.9.8 (/opt/ros/foxy/share/ament_lint_auto/cmake)
[1.555s] -- Added test 'copyright' to check source files copyright and LICENSE
[1.556s] -- Added test 'cppcheck' to perform static code analysis on C / C++ code
[1.556s] -- Configured cppcheck include dirs: /home/tim/F1_10/sim_ws/src/wall_follow/include
[1.556s] -- Configured cppcheck exclude dirs and/or files: 
[1.556s] -- Added test 'cpplint' to check C / C++ code against the Google style
[1.557s] -- Configured cpplint exclude dirs and/or files: 
[1.557s] -- Added test 'flake8' to check Python code syntax and style conventions
[1.557s] -- Added test 'lint_cmake' to check CMake code style
[1.558s] -- Added test 'pep257' to check Python code against some of the style conventions in PEP 257
[1.559s] -- Added test 'uncrustify' to check C / C++ code style
[1.559s] -- Configured uncrustify additional arguments: 
[1.559s] -- Added test 'xmllint' to check XML markup files
[1.560s] -- Configuring done (1.1s)
[1.569s] -- Generating done (0.0s)
[1.571s] -- Build files have been written to: /home/tim/F1_10/sim_ws/build/wall_follow
[1.581s] Invoked command in '/home/tim/F1_10/sim_ws/build/wall_follow' returned '0': CMAKE_PREFIX_PATH=${CMAKE_PREFIX_PATH}:/opt/ros/foxy /home/tim/.local/bin/cmake /home/tim/F1_10/sim_ws/src/wall_follow -DCMAKE_INSTALL_PREFIX=/home/tim/F1_10/sim_ws/install/wall_follow
[1.583s] Invoking command in '/home/tim/F1_10/sim_ws/build/wall_follow': CMAKE_PREFIX_PATH=${CMAKE_PREFIX_PATH}:/opt/ros/foxy /home/tim/.local/bin/cmake --build /home/tim/F1_10/sim_ws/build/wall_follow -- -j8 -l8
[1.616s] [ 50%] [32mBuilding CXX object CMakeFiles/wall_follow_node.dir/src/wall_follow_node.cpp.o[0m
[2.940s] [100%] [32m[1mLinking CXX executable wall_follow_node[0m
[3.029s] [100%] Built target wall_follow_node
[3.059s] Invoked command in '/home/tim/F1_10/sim_ws/build/wall_follow' returned '0': CMAKE_PREFIX_PATH=${CMAKE_PREFIX_PATH}:/opt/ros/foxy /home/tim/.local/bin/cmake --build /home/tim/F1_10/sim_ws/build/wall_follow -- -j8 -l8
[3.090s] Invoking command in '/home/tim/F1_10/sim_ws/build/wall_follow': CMAKE_PREFIX_PATH=${CMAKE_PREFIX_PATH}:/opt/ros/foxy /home/tim/.local/bin/cmake --install /home/tim/F1_10/sim_ws/build/wall_follow
[3.111s] -- Install configuration: ""
[3.112s] -- Installing: /home/tim/F1_10/sim_ws/install/wall_follow/lib/wall_follow/wall_follow_node
[3.112s] -- Set non-toolchain portion of runtime path of "/home/tim/F1_10/sim_ws/install/wall_follow/lib/wall_follow/wall_follow_node" to ""
[3.112s] -- Installing: /home/tim/F1_10/sim_ws/install/wall_follow/share/wall_follow/environment/pythonpath.sh
[3.112s] -- Installing: /home/tim/F1_10/sim_ws/install/wall_follow/share/wall_follow/environment/pythonpath.dsv
[3.112s] -- Installing: /home/tim/F1_10/sim_ws/install/wall_follow/lib/python3.8/site-packages/wall_follow
[3.112s] -- Installing: /home/tim/F1_10/sim_ws/install/wall_follow/lib/python3.8/site-packages/wall_follow/__init__.py
[3.133s] Listing '/home/tim/F1_10/sim_ws/install/wall_follow/lib/python3.8/site-packages/wall_follow'...
[3.133s] Compiling '/home/tim/F1_10/sim_ws/install/wall_follow/lib/python3.8/site-packages/wall_follow/__init__.py'...
[3.136s] -- Installing: /home/tim/F1_10/sim_ws/install/wall_follow/lib/wall_follow/wall_follow_node.py
[3.136s] -- Installing: /home/tim/F1_10/sim_ws/install/wall_follow/share/ament_index/resource_index/package_run_dependencies/wall_follow
[3.136s] -- Installing: /home/tim/F1_10/sim_ws/install/wall_follow/share/ament_index/resource_index/parent_prefix_path/wall_follow
[3.136s] -- Installing: /home/tim/F1_10/sim_ws/install/wall_follow/share/wall_follow/environment/ament_prefix_path.sh
[3.137s] -- Installing: /home/tim/F1_10/sim_ws/install/wall_follow/share/wall_follow/environment/ament_prefix_path.dsv
[3.137s] -- Installing: /home/tim/F1_10/sim_ws/install/wall_follow/share/wall_follow/environment/path.sh
[3.139s] -- Installing: /home/tim/F1_10/sim_ws/install/wall_follow/share/wall_follow/environment/path.dsv
[3.139s] -- Installing: /home/tim/F1_10/sim_ws/install/wall_follow/share/wall_follow/local_setup.bash
[3.139s] -- Installing: /home/tim/F1_10/sim_ws/install/wall_follow/share/wall_follow/local_setup.sh
[3.139s] -- Installing: /home/tim/F1_10/sim_ws/install/wall_follow/share/wall_follow/local_setup.zsh
[3.139s] -- Installing: /home/tim/F1_10/sim_ws/install/wall_follow/share/wall_follow/local_setup.dsv
[3.139s] -- Installing: /home/tim/F1_10/sim_ws/install/wall_follow/share/wall_follow/package.dsv
[3.139s] -- Installing: /home/tim/F1_10/sim_ws/install/wall_follow/share/ament_index/resource_index/packages/wall_follow
[3.139s] -- Installing: /home/tim/F1_10/sim_ws/install/wall_follow/share/wall_follow/cmake/wall_followConfig.cmake
[3.139s] -- Installing: /home/tim/F1_10/sim_ws/install/wall_follow/share/wall_follow/cmake/wall_followConfig-version.cmake
[3.140s] -- Installing: /home/tim/F1_10/sim_ws/install/wall_follow/share/wall_follow/package.xml
[3.251s] Invoked command in '/home/tim/F1_10/sim_ws/build/wall_follow' returned '0': CMAKE_PREFIX_PATH=${CMAKE_PREFIX_PATH}:/opt/ros/foxy /home/tim/.local/bin/cmake --install /home/tim/F1_10/sim_ws/build/wall_follow
