[0.506s] Invoking command in '/home/tim/F1_10/sim_ws/build/wall_follow': CMAKE_PREFIX_PATH=${CMAKE_PREFIX_PATH}:/home/tim/F1_10/sim_ws/install/f1tenth_gym_ros:/opt/ros/foxy /home/tim/.local/bin/cmake /home/tim/F1_10/sim_ws/src/wall_follow -DCMAKE_INSTALL_PREFIX=/home/tim/F1_10/sim_ws/install/wall_follow
[0.556s] -- The C compiler identification is GNU 9.4.0
[0.600s] -- The CXX compiler identification is GNU 9.4.0
[0.614s] -- Detecting C compiler ABI info
[0.657s] -- Detecting C compiler ABI info - done
[0.667s] -- Check for working C compiler: /usr/bin/cc - skipped
[0.667s] -- Detecting C compile features
[0.667s] -- Detecting C compile features - done
[0.675s] -- Detecting CXX compiler ABI info
[0.727s] -- Detecting CXX compiler ABI info - done
[0.736s] -- Check for working CXX compiler: /usr/bin/c++ - skipped
[0.737s] -- Detecting CXX compile features
[0.737s] -- Detecting CXX compile features - done
[0.739s] -- Found ament_cmake: 0.9.12 (/opt/ros/foxy/share/ament_cmake/cmake)
[0.742s] [33mCMake Warning (dev) at /opt/ros/foxy/share/ament_cmake_core/cmake/core/python.cmake:22 (find_package):
[0.742s]   Policy CMP0148 is not set: The FindPythonInterp and FindPythonLibs modules
[0.742s]   are removed.  Run "cmake --help-policy CMP0148" for policy details.  Use
[0.742s]   the cmake_policy command to set the policy and suppress this warning.
[0.742s] 
[0.742s] Call Stack (most recent call first):
[0.742s]   /opt/ros/foxy/share/ament_cmake_core/cmake/core/all.cmake:53 (include)
[0.742s]   /opt/ros/foxy/share/ament_cmake_core/cmake/ament_cmake_core-extras.cmake:17 (include)
[0.742s]   /opt/ros/foxy/share/ament_cmake_core/cmake/ament_cmake_coreConfig.cmake:41 (include)
[0.742s]   /opt/ros/foxy/share/ament_cmake/cmake/ament_cmake_export_dependencies-extras.cmake:15 (find_package)
[0.742s]   /opt/ros/foxy/share/ament_cmake/cmake/ament_cmakeConfig.cmake:41 (include)
[0.742s]   CMakeLists.txt:25 (find_package)
[0.742s] This warning is for project developers.  Use -Wno-dev to suppress it.
[0.742s] [0m
[0.758s] -- Found PythonInterp: /usr/bin/python3 (found suitable version "3.8.10", minimum required is "3") 
[0.758s] -- Using PYTHON_EXECUTABLE: /usr/bin/python3
[0.913s] -- Found rclcpp: 2.4.3 (/opt/ros/foxy/share/rclcpp/cmake)
[0.949s] -- Using all available rosidl_typesupport_c: rosidl_typesupport_fastrtps_c;rosidl_typesupport_introspection_c
[0.955s] -- Found rosidl_adapter: 1.3.1 (/opt/ros/foxy/share/rosidl_adapter/cmake)
[1.006s] -- Found OpenSSL: /usr/lib/x86_64-linux-gnu/libcrypto.so (found version "1.1.1f")  
[1.031s] -- Found FastRTPS: /opt/ros/foxy/include  
[1.097s] -- Using all available rosidl_typesupport_cpp: rosidl_typesupport_fastrtps_cpp;rosidl_typesupport_introspection_cpp
[1.142s] -- Found rmw_implementation_cmake: 1.0.4 (/opt/ros/foxy/share/rmw_implementation_cmake/cmake)
[1.144s] -- Using RMW implementation 'rmw_fastrtps_cpp' as default
[1.144s] -- Performing Test CMAKE_HAVE_LIBC_PTHREAD
[1.187s] -- Performing Test CMAKE_HAVE_LIBC_PTHREAD - Failed
[1.187s] -- Looking for pthread_create in pthreads
[1.219s] -- Looking for pthread_create in pthreads - not found
[1.219s] -- Looking for pthread_create in pthread
[1.259s] -- Looking for pthread_create in pthread - found
[1.260s] -- Found Threads: TRUE  
[1.382s] -- Found rclpy: 1.0.13 (/opt/ros/foxy/share/rclpy/cmake)
[1.383s] -- Found geometry_msgs: 2.0.5 (/opt/ros/foxy/share/geometry_msgs/cmake)
[1.411s] -- Found nav_msgs: 2.0.5 (/opt/ros/foxy/share/nav_msgs/cmake)
[1.471s] -- Found ackermann_msgs: 2.0.2 (/home/tim/ackermann_msgs-ros2/install/ackermann_msgs/share/ackermann_msgs/cmake)
[1.500s] -- Found sensor_msgs: 2.0.5 (/opt/ros/foxy/share/sensor_msgs/cmake)
[1.584s] -- Found ament_lint_auto: 0.9.8 (/opt/ros/foxy/share/ament_lint_auto/cmake)
[1.644s] -- Added test 'copyright' to check source files copyright and LICENSE
[1.645s] -- Added test 'cppcheck' to perform static code analysis on C / C++ code
[1.645s] -- Configured cppcheck include dirs: /home/tim/F1_10/sim_ws/src/wall_follow/include
[1.645s] -- Configured cppcheck exclude dirs and/or files: 
[1.646s] -- Added test 'cpplint' to check C / C++ code against the Google style
[1.646s] -- Configured cpplint exclude dirs and/or files: 
[1.646s] -- Added test 'flake8' to check Python code syntax and style conventions
[1.647s] -- Added test 'lint_cmake' to check CMake code style
[1.647s] -- Added test 'pep257' to check Python code against some of the style conventions in PEP 257
[1.648s] -- Added test 'uncrustify' to check C / C++ code style
[1.648s] -- Configured uncrustify additional arguments: 
[1.648s] -- Added test 'xmllint' to check XML markup files
[1.650s] -- Configuring done (1.1s)
[1.658s] -- Generating done (0.0s)
[1.660s] -- Build files have been written to: /home/tim/F1_10/sim_ws/build/wall_follow
[1.673s] Invoked command in '/home/tim/F1_10/sim_ws/build/wall_follow' returned '0': CMAKE_PREFIX_PATH=${CMAKE_PREFIX_PATH}:/home/tim/F1_10/sim_ws/install/f1tenth_gym_ros:/opt/ros/foxy /home/tim/.local/bin/cmake /home/tim/F1_10/sim_ws/src/wall_follow -DCMAKE_INSTALL_PREFIX=/home/tim/F1_10/sim_ws/install/wall_follow
[1.675s] Invoking command in '/home/tim/F1_10/sim_ws/build/wall_follow': CMAKE_PREFIX_PATH=${CMAKE_PREFIX_PATH}:/home/tim/F1_10/sim_ws/install/f1tenth_gym_ros:/opt/ros/foxy /home/tim/.local/bin/cmake --build /home/tim/F1_10/sim_ws/build/wall_follow -- -j8 -l8
[1.709s] [ 50%] [32mBuilding CXX object CMakeFiles/wall_follow_node.dir/src/wall_follow_node.cpp.o[0m
[3.068s] [100%] [32m[1mLinking CXX executable wall_follow_node[0m
[3.182s] [100%] Built target wall_follow_node
[3.201s] Invoked command in '/home/tim/F1_10/sim_ws/build/wall_follow' returned '0': CMAKE_PREFIX_PATH=${CMAKE_PREFIX_PATH}:/home/tim/F1_10/sim_ws/install/f1tenth_gym_ros:/opt/ros/foxy /home/tim/.local/bin/cmake --build /home/tim/F1_10/sim_ws/build/wall_follow -- -j8 -l8
[3.261s] Invoking command in '/home/tim/F1_10/sim_ws/build/wall_follow': CMAKE_PREFIX_PATH=${CMAKE_PREFIX_PATH}:/home/tim/F1_10/sim_ws/install/f1tenth_gym_ros:/opt/ros/foxy /home/tim/.local/bin/cmake --install /home/tim/F1_10/sim_ws/build/wall_follow
[3.281s] -- Install configuration: ""
[3.281s] -- Installing: /home/tim/F1_10/sim_ws/install/wall_follow/lib/wall_follow/wall_follow_node
[3.282s] -- Set non-toolchain portion of runtime path of "/home/tim/F1_10/sim_ws/install/wall_follow/lib/wall_follow/wall_follow_node" to ""
[3.282s] -- Installing: /home/tim/F1_10/sim_ws/install/wall_follow/share/wall_follow/environment/pythonpath.sh
[3.282s] -- Installing: /home/tim/F1_10/sim_ws/install/wall_follow/share/wall_follow/environment/pythonpath.dsv
[3.282s] -- Installing: /home/tim/F1_10/sim_ws/install/wall_follow/lib/python3.8/site-packages/wall_follow
[3.282s] -- Installing: /home/tim/F1_10/sim_ws/install/wall_follow/lib/python3.8/site-packages/wall_follow/__init__.py
[3.308s] Listing '/home/tim/F1_10/sim_ws/install/wall_follow/lib/python3.8/site-packages/wall_follow'...
[3.308s] Compiling '/home/tim/F1_10/sim_ws/install/wall_follow/lib/python3.8/site-packages/wall_follow/__init__.py'...
[3.312s] -- Installing: /home/tim/F1_10/sim_ws/install/wall_follow/lib/wall_follow/wall_follow_node.py
[3.313s] -- Installing: /home/tim/F1_10/sim_ws/install/wall_follow/share/ament_index/resource_index/package_run_dependencies/wall_follow
[3.313s] -- Installing: /home/tim/F1_10/sim_ws/install/wall_follow/share/ament_index/resource_index/parent_prefix_path/wall_follow
[3.313s] -- Installing: /home/tim/F1_10/sim_ws/install/wall_follow/share/wall_follow/environment/ament_prefix_path.sh
[3.313s] -- Installing: /home/tim/F1_10/sim_ws/install/wall_follow/share/wall_follow/environment/ament_prefix_path.dsv
[3.313s] -- Installing: /home/tim/F1_10/sim_ws/install/wall_follow/share/wall_follow/environment/path.sh
[3.313s] -- Installing: /home/tim/F1_10/sim_ws/install/wall_follow/share/wall_follow/environment/path.dsv
[3.313s] -- Installing: /home/tim/F1_10/sim_ws/install/wall_follow/share/wall_follow/local_setup.bash
[3.313s] -- Installing: /home/tim/F1_10/sim_ws/install/wall_follow/share/wall_follow/local_setup.sh
[3.314s] -- Installing: /home/tim/F1_10/sim_ws/install/wall_follow/share/wall_follow/local_setup.zsh
[3.314s] -- Installing: /home/tim/F1_10/sim_ws/install/wall_follow/share/wall_follow/local_setup.dsv
[3.314s] -- Installing: /home/tim/F1_10/sim_ws/install/wall_follow/share/wall_follow/package.dsv
[3.314s] -- Installing: /home/tim/F1_10/sim_ws/install/wall_follow/share/ament_index/resource_index/packages/wall_follow
[3.314s] -- Installing: /home/tim/F1_10/sim_ws/install/wall_follow/share/wall_follow/cmake/wall_followConfig.cmake
[3.314s] -- Installing: /home/tim/F1_10/sim_ws/install/wall_follow/share/wall_follow/cmake/wall_followConfig-version.cmake
[3.314s] -- Installing: /home/tim/F1_10/sim_ws/install/wall_follow/share/wall_follow/package.xml
[3.483s] Invoked command in '/home/tim/F1_10/sim_ws/build/wall_follow' returned '0': CMAKE_PREFIX_PATH=${CMAKE_PREFIX_PATH}:/home/tim/F1_10/sim_ws/install/f1tenth_gym_ros:/opt/ros/foxy /home/tim/.local/bin/cmake --install /home/tim/F1_10/sim_ws/build/wall_follow
