[0.418s] Invoking command in '/home/tim/F1_10/sim_ws/build/safety_node': CMAKE_PREFIX_PATH=${CMAKE_PREFIX_PATH}:/opt/ros/foxy /usr/bin/cmake --build /home/tim/F1_10/sim_ws/build/safety_node -- -j8 -l8
[0.460s] [100%] Built target safety_node
[0.468s] Invoked command in '/home/tim/F1_10/sim_ws/build/safety_node' returned '0': CMAKE_PREFIX_PATH=${CMAKE_PREFIX_PATH}:/opt/ros/foxy /usr/bin/cmake --build /home/tim/F1_10/sim_ws/build/safety_node -- -j8 -l8
[0.492s] Invoking command in '/home/tim/F1_10/sim_ws/build/safety_node': CMAKE_PREFIX_PATH=${CMAKE_PREFIX_PATH}:/opt/ros/foxy /usr/bin/cmake --install /home/tim/F1_10/sim_ws/build/safety_node
[0.498s] -- Install configuration: ""
[0.498s] -- Up-to-date: /home/tim/F1_10/sim_ws/install/safety_node/lib/safety_node/safety_node
[0.498s] -- Up-to-date: /home/tim/F1_10/sim_ws/install/safety_node/share/safety_node/environment/pythonpath.sh
[0.498s] -- Up-to-date: /home/tim/F1_10/sim_ws/install/safety_node/share/safety_node/environment/pythonpath.dsv
[0.498s] -- Up-to-date: /home/tim/F1_10/sim_ws/install/safety_node/lib/python3.8/site-packages/safety_node
[0.498s] -- Up-to-date: /home/tim/F1_10/sim_ws/install/safety_node/lib/python3.8/site-packages/safety_node/__init__.py
[0.519s] Listing '/home/tim/F1_10/sim_ws/install/safety_node/lib/python3.8/site-packages/safety_node'...
[0.522s] -- Up-to-date: /home/tim/F1_10/sim_ws/install/safety_node/lib/safety_node/safety_node.py
[0.522s] -- Up-to-date: /home/tim/F1_10/sim_ws/install/safety_node/share/ament_index/resource_index/package_run_dependencies/safety_node
[0.522s] -- Up-to-date: /home/tim/F1_10/sim_ws/install/safety_node/share/ament_index/resource_index/parent_prefix_path/safety_node
[0.522s] -- Up-to-date: /home/tim/F1_10/sim_ws/install/safety_node/share/safety_node/environment/ament_prefix_path.sh
[0.522s] -- Up-to-date: /home/tim/F1_10/sim_ws/install/safety_node/share/safety_node/environment/ament_prefix_path.dsv
[0.522s] -- Up-to-date: /home/tim/F1_10/sim_ws/install/safety_node/share/safety_node/environment/path.sh
[0.522s] -- Up-to-date: /home/tim/F1_10/sim_ws/install/safety_node/share/safety_node/environment/path.dsv
[0.523s] -- Up-to-date: /home/tim/F1_10/sim_ws/install/safety_node/share/safety_node/local_setup.bash
[0.523s] -- Up-to-date: /home/tim/F1_10/sim_ws/install/safety_node/share/safety_node/local_setup.sh
[0.523s] -- Up-to-date: /home/tim/F1_10/sim_ws/install/safety_node/share/safety_node/local_setup.zsh
[0.523s] -- Up-to-date: /home/tim/F1_10/sim_ws/install/safety_node/share/safety_node/local_setup.dsv
[0.523s] -- Installing: /home/tim/F1_10/sim_ws/install/safety_node/share/safety_node/package.dsv
[0.523s] -- Up-to-date: /home/tim/F1_10/sim_ws/install/safety_node/share/ament_index/resource_index/packages/safety_node
[0.523s] -- Up-to-date: /home/tim/F1_10/sim_ws/install/safety_node/share/safety_node/cmake/safety_nodeConfig.cmake
[0.523s] -- Up-to-date: /home/tim/F1_10/sim_ws/install/safety_node/share/safety_node/cmake/safety_nodeConfig-version.cmake
[0.523s] -- Up-to-date: /home/tim/F1_10/sim_ws/install/safety_node/share/safety_node/package.xml
[0.524s] Invoked command in '/home/tim/F1_10/sim_ws/build/safety_node' returned '0': CMAKE_PREFIX_PATH=${CMAKE_PREFIX_PATH}:/opt/ros/foxy /usr/bin/cmake --install /home/tim/F1_10/sim_ws/build/safety_node
