[0.505s] Invoking command in '/home/tim/F1_10/sim_ws/build/wall_follow': CMAKE_PREFIX_PATH=${CMAKE_PREFIX_PATH}:/home/tim/F1_10/sim_ws/install/f1tenth_gym_ros:/opt/ros/foxy /home/tim/.local/bin/cmake --build /home/tim/F1_10/sim_ws/build/wall_follow -- -j8 -l8
[0.542s] [100%] Built target wall_follow_node
[0.548s] Invoked command in '/home/tim/F1_10/sim_ws/build/wall_follow' returned '0': CMAKE_PREFIX_PATH=${CMAKE_PREFIX_PATH}:/home/tim/F1_10/sim_ws/install/f1tenth_gym_ros:/opt/ros/foxy /home/tim/.local/bin/cmake --build /home/tim/F1_10/sim_ws/build/wall_follow -- -j8 -l8
[0.602s] Invoking command in '/home/tim/F1_10/sim_ws/build/wall_follow': CMAKE_PREFIX_PATH=${CMAKE_PREFIX_PATH}:/home/tim/F1_10/sim_ws/install/f1tenth_gym_ros:/opt/ros/foxy /home/tim/.local/bin/cmake --install /home/tim/F1_10/sim_ws/build/wall_follow
[0.621s] -- Install configuration: ""
[0.621s] -- Up-to-date: /home/tim/F1_10/sim_ws/install/wall_follow/lib/wall_follow/wall_follow_node
[0.621s] -- Up-to-date: /home/tim/F1_10/sim_ws/install/wall_follow/share/wall_follow/environment/pythonpath.sh
[0.621s] -- Up-to-date: /home/tim/F1_10/sim_ws/install/wall_follow/share/wall_follow/environment/pythonpath.dsv
[0.621s] -- Up-to-date: /home/tim/F1_10/sim_ws/install/wall_follow/lib/python3.8/site-packages/wall_follow
[0.621s] -- Up-to-date: /home/tim/F1_10/sim_ws/install/wall_follow/lib/python3.8/site-packages/wall_follow/__init__.py
[0.643s] Listing '/home/tim/F1_10/sim_ws/install/wall_follow/lib/python3.8/site-packages/wall_follow'...
[0.647s] -- Up-to-date: /home/tim/F1_10/sim_ws/install/wall_follow/lib/wall_follow/wall_follow_node.py
[0.647s] -- Up-to-date: /home/tim/F1_10/sim_ws/install/wall_follow/share/ament_index/resource_index/package_run_dependencies/wall_follow
[0.647s] -- Up-to-date: /home/tim/F1_10/sim_ws/install/wall_follow/share/ament_index/resource_index/parent_prefix_path/wall_follow
[0.648s] -- Up-to-date: /home/tim/F1_10/sim_ws/install/wall_follow/share/wall_follow/environment/ament_prefix_path.sh
[0.648s] -- Up-to-date: /home/tim/F1_10/sim_ws/install/wall_follow/share/wall_follow/environment/ament_prefix_path.dsv
[0.648s] -- Up-to-date: /home/tim/F1_10/sim_ws/install/wall_follow/share/wall_follow/environment/path.sh
[0.648s] -- Up-to-date: /home/tim/F1_10/sim_ws/install/wall_follow/share/wall_follow/environment/path.dsv
[0.648s] -- Up-to-date: /home/tim/F1_10/sim_ws/install/wall_follow/share/wall_follow/local_setup.bash
[0.648s] -- Up-to-date: /home/tim/F1_10/sim_ws/install/wall_follow/share/wall_follow/local_setup.sh
[0.648s] -- Up-to-date: /home/tim/F1_10/sim_ws/install/wall_follow/share/wall_follow/local_setup.zsh
[0.648s] -- Up-to-date: /home/tim/F1_10/sim_ws/install/wall_follow/share/wall_follow/local_setup.dsv
[0.648s] -- Installing: /home/tim/F1_10/sim_ws/install/wall_follow/share/wall_follow/package.dsv
[0.648s] -- Up-to-date: /home/tim/F1_10/sim_ws/install/wall_follow/share/ament_index/resource_index/packages/wall_follow
[0.648s] -- Up-to-date: /home/tim/F1_10/sim_ws/install/wall_follow/share/wall_follow/cmake/wall_followConfig.cmake
[0.648s] -- Up-to-date: /home/tim/F1_10/sim_ws/install/wall_follow/share/wall_follow/cmake/wall_followConfig-version.cmake
[0.648s] -- Up-to-date: /home/tim/F1_10/sim_ws/install/wall_follow/share/wall_follow/package.xml
[0.786s] Invoked command in '/home/tim/F1_10/sim_ws/build/wall_follow' returned '0': CMAKE_PREFIX_PATH=${CMAKE_PREFIX_PATH}:/home/tim/F1_10/sim_ws/install/f1tenth_gym_ros:/opt/ros/foxy /home/tim/.local/bin/cmake --install /home/tim/F1_10/sim_ws/build/wall_follow
