[0.566s] Invoking command in '/home/tim/F1_10/sim_ws/build/safety_node': CMAKE_PREFIX_PATH=${CMAKE_PREFIX_PATH}:/opt/ros/foxy /home/tim/.local/bin/cmake /home/tim/F1_10/sim_ws/src/safety_node -DCMAKE_INSTALL_PREFIX=/home/tim/F1_10/sim_ws/install/safety_node
[0.618s] -- The C compiler identification is GNU 9.4.0
[0.659s] -- The CXX compiler identification is GNU 9.4.0
[0.670s] -- Detecting C compiler ABI info
[0.714s] -- Detecting C compiler ABI info - done
[0.723s] -- Check for working C compiler: /usr/bin/cc - skipped
[0.724s] -- Detecting C compile features
[0.724s] -- Detecting C compile features - done
[0.731s] -- Detecting CXX compiler ABI info
[0.783s] -- Detecting CXX compiler ABI info - done
[0.793s] -- Check for working CXX compiler: /usr/bin/c++ - skipped
[0.793s] -- Detecting CXX compile features
[0.794s] -- Detecting CXX compile features - done
[0.795s] -- Found ament_cmake: 0.9.12 (/opt/ros/foxy/share/ament_cmake/cmake)
[0.799s] [33mCMake Warning (dev) at /opt/ros/foxy/share/ament_cmake_core/cmake/core/python.cmake:22 (find_package):
[0.799s]   Policy CMP0148 is not set: The FindPythonInterp and FindPythonLibs modules
[0.799s]   are removed.  Run "cmake --help-policy CMP0148" for policy details.  Use
[0.799s]   the cmake_policy command to set the policy and suppress this warning.
[0.799s] 
[0.799s] Call Stack (most recent call first):
[0.799s]   /opt/ros/foxy/share/ament_cmake_core/cmake/core/all.cmake:53 (include)
[0.799s]   /opt/ros/foxy/share/ament_cmake_core/cmake/ament_cmake_core-extras.cmake:17 (include)
[0.799s]   /opt/ros/foxy/share/ament_cmake_core/cmake/ament_cmake_coreConfig.cmake:41 (include)
[0.799s]   /opt/ros/foxy/share/ament_cmake/cmake/ament_cmake_export_dependencies-extras.cmake:15 (find_package)
[0.799s]   /opt/ros/foxy/share/ament_cmake/cmake/ament_cmakeConfig.cmake:41 (include)
[0.799s]   CMakeLists.txt:24 (find_package)
[0.799s] This warning is for project developers.  Use -Wno-dev to suppress it.
[0.799s] [0m
[0.813s] -- Found PythonInterp: /usr/bin/python3 (found suitable version "3.8.10", minimum required is "3") 
[0.813s] -- Using PYTHON_EXECUTABLE: /usr/bin/python3
[0.972s] -- Found rclcpp: 2.4.3 (/opt/ros/foxy/share/rclcpp/cmake)
[1.007s] -- Using all available rosidl_typesupport_c: rosidl_typesupport_fastrtps_c;rosidl_typesupport_introspection_c
[1.012s] -- Found rosidl_adapter: 1.3.1 (/opt/ros/foxy/share/rosidl_adapter/cmake)
[1.064s] -- Found OpenSSL: /usr/lib/x86_64-linux-gnu/libcrypto.so (found version "1.1.1f")  
[1.088s] -- Found FastRTPS: /opt/ros/foxy/include  
[1.153s] -- Using all available rosidl_typesupport_cpp: rosidl_typesupport_fastrtps_cpp;rosidl_typesupport_introspection_cpp
[1.199s] -- Found rmw_implementation_cmake: 1.0.4 (/opt/ros/foxy/share/rmw_implementation_cmake/cmake)
[1.201s] -- Using RMW implementation 'rmw_fastrtps_cpp' as default
[1.202s] -- Performing Test CMAKE_HAVE_LIBC_PTHREAD
[1.244s] -- Performing Test CMAKE_HAVE_LIBC_PTHREAD - Failed
[1.245s] -- Looking for pthread_create in pthreads
[1.276s] -- Looking for pthread_create in pthreads - not found
[1.276s] -- Looking for pthread_create in pthread
[1.314s] -- Looking for pthread_create in pthread - found
[1.315s] -- Found Threads: TRUE  
[1.437s] -- Found rclpy: 1.0.13 (/opt/ros/foxy/share/rclpy/cmake)
[1.438s] -- Found nav_msgs: 2.0.5 (/opt/ros/foxy/share/nav_msgs/cmake)
[1.532s] -- Found ackermann_msgs: 2.0.2 (/home/tim/ackermann_msgs-ros2/install/ackermann_msgs/share/ackermann_msgs/cmake)
[1.559s] -- Found sensor_msgs: 2.0.5 (/opt/ros/foxy/share/sensor_msgs/cmake)
[1.639s] -- Found ament_lint_auto: 0.9.8 (/opt/ros/foxy/share/ament_lint_auto/cmake)
[1.697s] -- Added test 'copyright' to check source files copyright and LICENSE
[1.698s] -- Added test 'cppcheck' to perform static code analysis on C / C++ code
[1.698s] -- Configured cppcheck include dirs: /home/tim/F1_10/sim_ws/src/safety_node/include
[1.698s] -- Configured cppcheck exclude dirs and/or files: 
[1.699s] -- Added test 'cpplint' to check C / C++ code against the Google style
[1.699s] -- Configured cpplint exclude dirs and/or files: 
[1.699s] -- Added test 'flake8' to check Python code syntax and style conventions
[1.700s] -- Added test 'lint_cmake' to check CMake code style
[1.700s] -- Added test 'pep257' to check Python code against some of the style conventions in PEP 257
[1.701s] -- Added test 'uncrustify' to check C / C++ code style
[1.701s] -- Configured uncrustify additional arguments: 
[1.701s] -- Added test 'xmllint' to check XML markup files
[1.702s] -- Configuring done (1.1s)
[1.711s] -- Generating done (0.0s)
[1.713s] -- Build files have been written to: /home/tim/F1_10/sim_ws/build/safety_node
[1.725s] Invoked command in '/home/tim/F1_10/sim_ws/build/safety_node' returned '0': CMAKE_PREFIX_PATH=${CMAKE_PREFIX_PATH}:/opt/ros/foxy /home/tim/.local/bin/cmake /home/tim/F1_10/sim_ws/src/safety_node -DCMAKE_INSTALL_PREFIX=/home/tim/F1_10/sim_ws/install/safety_node
[1.727s] Invoking command in '/home/tim/F1_10/sim_ws/build/safety_node': CMAKE_PREFIX_PATH=${CMAKE_PREFIX_PATH}:/opt/ros/foxy /home/tim/.local/bin/cmake --build /home/tim/F1_10/sim_ws/build/safety_node -- -j8 -l8
[1.759s] [ 50%] [32mBuilding CXX object CMakeFiles/safety_node.dir/src/safety_node.cpp.o[0m
[3.053s] [100%] [32m[1mLinking CXX executable safety_node[0m
[3.143s] [100%] Built target safety_node
[3.149s] Invoked command in '/home/tim/F1_10/sim_ws/build/safety_node' returned '0': CMAKE_PREFIX_PATH=${CMAKE_PREFIX_PATH}:/opt/ros/foxy /home/tim/.local/bin/cmake --build /home/tim/F1_10/sim_ws/build/safety_node -- -j8 -l8
[3.191s] Invoking command in '/home/tim/F1_10/sim_ws/build/safety_node': CMAKE_PREFIX_PATH=${CMAKE_PREFIX_PATH}:/opt/ros/foxy /home/tim/.local/bin/cmake --install /home/tim/F1_10/sim_ws/build/safety_node
[3.210s] -- Install configuration: ""
[3.210s] -- Installing: /home/tim/F1_10/sim_ws/install/safety_node/lib/safety_node/safety_node
[3.210s] -- Set non-toolchain portion of runtime path of "/home/tim/F1_10/sim_ws/install/safety_node/lib/safety_node/safety_node" to ""
[3.211s] -- Installing: /home/tim/F1_10/sim_ws/install/safety_node/share/safety_node/environment/pythonpath.sh
[3.211s] -- Installing: /home/tim/F1_10/sim_ws/install/safety_node/share/safety_node/environment/pythonpath.dsv
[3.211s] -- Installing: /home/tim/F1_10/sim_ws/install/safety_node/lib/python3.8/site-packages/safety_node
[3.211s] -- Installing: /home/tim/F1_10/sim_ws/install/safety_node/lib/python3.8/site-packages/safety_node/__init__.py
[3.233s] Listing '/home/tim/F1_10/sim_ws/install/safety_node/lib/python3.8/site-packages/safety_node'...
[3.233s] Compiling '/home/tim/F1_10/sim_ws/install/safety_node/lib/python3.8/site-packages/safety_node/__init__.py'...
[3.236s] -- Installing: /home/tim/F1_10/sim_ws/install/safety_node/lib/safety_node/safety_node.py
[3.236s] -- Installing: /home/tim/F1_10/sim_ws/install/safety_node/share/safety_node//launch
[3.236s] -- Installing: /home/tim/F1_10/sim_ws/install/safety_node/share/safety_node//launch/safety_node_launch.py
[3.236s] -- Installing: /home/tim/F1_10/sim_ws/install/safety_node/share/ament_index/resource_index/package_run_dependencies/safety_node
[3.237s] -- Installing: /home/tim/F1_10/sim_ws/install/safety_node/share/ament_index/resource_index/parent_prefix_path/safety_node
[3.237s] -- Installing: /home/tim/F1_10/sim_ws/install/safety_node/share/safety_node/environment/ament_prefix_path.sh
[3.237s] -- Installing: /home/tim/F1_10/sim_ws/install/safety_node/share/safety_node/environment/ament_prefix_path.dsv
[3.237s] -- Installing: /home/tim/F1_10/sim_ws/install/safety_node/share/safety_node/environment/path.sh
[3.237s] -- Installing: /home/tim/F1_10/sim_ws/install/safety_node/share/safety_node/environment/path.dsv
[3.237s] -- Installing: /home/tim/F1_10/sim_ws/install/safety_node/share/safety_node/local_setup.bash
[3.237s] -- Installing: /home/tim/F1_10/sim_ws/install/safety_node/share/safety_node/local_setup.sh
[3.237s] -- Installing: /home/tim/F1_10/sim_ws/install/safety_node/share/safety_node/local_setup.zsh
[3.237s] -- Installing: /home/tim/F1_10/sim_ws/install/safety_node/share/safety_node/local_setup.dsv
[3.237s] -- Installing: /home/tim/F1_10/sim_ws/install/safety_node/share/safety_node/package.dsv
[3.238s] -- Installing: /home/tim/F1_10/sim_ws/install/safety_node/share/ament_index/resource_index/packages/safety_node
[3.238s] -- Installing: /home/tim/F1_10/sim_ws/install/safety_node/share/safety_node/cmake/safety_nodeConfig.cmake
[3.238s] -- Installing: /home/tim/F1_10/sim_ws/install/safety_node/share/safety_node/cmake/safety_nodeConfig-version.cmake
[3.239s] -- Installing: /home/tim/F1_10/sim_ws/install/safety_node/share/safety_node/package.xml
[3.522s] Invoked command in '/home/tim/F1_10/sim_ws/build/safety_node' returned '0': CMAKE_PREFIX_PATH=${CMAKE_PREFIX_PATH}:/opt/ros/foxy /home/tim/.local/bin/cmake --install /home/tim/F1_10/sim_ws/build/safety_node
