[100%] Built target safety_node
-- Install configuration: ""
-- Installing: /home/tim/F1_10/sim_ws/install/safety_node/lib/safety_node/safety_node
-- Set non-toolchain portion of runtime path of "/home/tim/F1_10/sim_ws/install/safety_node/lib/safety_node/safety_node" to ""
-- Installing: /home/tim/F1_10/sim_ws/install/safety_node/share/safety_node/environment/pythonpath.sh
-- Installing: /home/tim/F1_10/sim_ws/install/safety_node/share/safety_node/environment/pythonpath.dsv
-- Installing: /home/tim/F1_10/sim_ws/install/safety_node/lib/python3.8/site-packages/safety_node
-- Installing: /home/tim/F1_10/sim_ws/install/safety_node/lib/python3.8/site-packages/safety_node/__init__.py
Listing '/home/tim/F1_10/sim_ws/install/safety_node/lib/python3.8/site-packages/safety_node'...
Compiling '/home/tim/F1_10/sim_ws/install/safety_node/lib/python3.8/site-packages/safety_node/__init__.py'...
-- Installing: /home/tim/F1_10/sim_ws/install/safety_node/lib/safety_node/safety_node.py
-- Installing: /home/tim/F1_10/sim_ws/install/safety_node/share/safety_node//launch
-- Installing: /home/tim/F1_10/sim_ws/install/safety_node/share/safety_node//launch/safety_node_launch.py
-- Installing: /home/tim/F1_10/sim_ws/install/safety_node/share/ament_index/resource_index/package_run_dependencies/safety_node
-- Installing: /home/tim/F1_10/sim_ws/install/safety_node/share/ament_index/resource_index/parent_prefix_path/safety_node
-- Installing: /home/tim/F1_10/sim_ws/install/safety_node/share/safety_node/environment/ament_prefix_path.sh
-- Installing: /home/tim/F1_10/sim_ws/install/safety_node/share/safety_node/environment/ament_prefix_path.dsv
-- Installing: /home/tim/F1_10/sim_ws/install/safety_node/share/safety_node/environment/path.sh
-- Installing: /home/tim/F1_10/sim_ws/install/safety_node/share/safety_node/environment/path.dsv
-- Installing: /home/tim/F1_10/sim_ws/install/safety_node/share/safety_node/local_setup.bash
-- Installing: /home/tim/F1_10/sim_ws/install/safety_node/share/safety_node/local_setup.sh
-- Installing: /home/tim/F1_10/sim_ws/install/safety_node/share/safety_node/local_setup.zsh
-- Installing: /home/tim/F1_10/sim_ws/install/safety_node/share/safety_node/local_setup.dsv
-- Installing: /home/tim/F1_10/sim_ws/install/safety_node/share/safety_node/package.dsv
-- Installing: /home/tim/F1_10/sim_ws/install/safety_node/share/ament_index/resource_index/packages/safety_node
-- Installing: /home/tim/F1_10/sim_ws/install/safety_node/share/safety_node/cmake/safety_nodeConfig.cmake
-- Installing: /home/tim/F1_10/sim_ws/install/safety_node/share/safety_node/cmake/safety_nodeConfig-version.cmake
-- Installing: /home/tim/F1_10/sim_ws/install/safety_node/share/safety_node/package.xml
