[0.703s] Invoking command in '/home/tim/F1_10/sim_ws/build/safety_node': CMAKE_PREFIX_PATH=${CMAKE_PREFIX_PATH}:/home/tim/F1_10/sim_ws/install/f1tenth_gym_ros:/opt/ros/foxy /home/tim/.local/bin/cmake --build /home/tim/F1_10/sim_ws/build/safety_node -- -j8 -l8
[0.740s] [100%] Built target safety_node
[0.747s] Invoked command in '/home/tim/F1_10/sim_ws/build/safety_node' returned '0': CMAKE_PREFIX_PATH=${CMAKE_PREFIX_PATH}:/home/tim/F1_10/sim_ws/install/f1tenth_gym_ros:/opt/ros/foxy /home/tim/.local/bin/cmake --build /home/tim/F1_10/sim_ws/build/safety_node -- -j8 -l8
[0.804s] Invoking command in '/home/tim/F1_10/sim_ws/build/safety_node': CMAKE_PREFIX_PATH=${CMAKE_PREFIX_PATH}:/home/tim/F1_10/sim_ws/install/f1tenth_gym_ros:/opt/ros/foxy /home/tim/.local/bin/cmake --install /home/tim/F1_10/sim_ws/build/safety_node
[0.824s] -- Install configuration: ""
[0.824s] -- Installing: /home/tim/F1_10/sim_ws/install/safety_node/lib/safety_node/safety_node
[0.825s] -- Set non-toolchain portion of runtime path of "/home/tim/F1_10/sim_ws/install/safety_node/lib/safety_node/safety_node" to ""
[0.825s] -- Installing: /home/tim/F1_10/sim_ws/install/safety_node/share/safety_node/environment/pythonpath.sh
[0.825s] -- Installing: /home/tim/F1_10/sim_ws/install/safety_node/share/safety_node/environment/pythonpath.dsv
[0.825s] -- Installing: /home/tim/F1_10/sim_ws/install/safety_node/lib/python3.8/site-packages/safety_node
[0.825s] -- Installing: /home/tim/F1_10/sim_ws/install/safety_node/lib/python3.8/site-packages/safety_node/__init__.py
[0.851s] Listing '/home/tim/F1_10/sim_ws/install/safety_node/lib/python3.8/site-packages/safety_node'...
[0.851s] Compiling '/home/tim/F1_10/sim_ws/install/safety_node/lib/python3.8/site-packages/safety_node/__init__.py'...
[0.855s] -- Installing: /home/tim/F1_10/sim_ws/install/safety_node/lib/safety_node/safety_node.py
[0.855s] -- Installing: /home/tim/F1_10/sim_ws/install/safety_node/share/safety_node//launch
[0.855s] -- Installing: /home/tim/F1_10/sim_ws/install/safety_node/share/safety_node//launch/safety_node_launch.py
[0.856s] -- Installing: /home/tim/F1_10/sim_ws/install/safety_node/share/ament_index/resource_index/package_run_dependencies/safety_node
[0.856s] -- Installing: /home/tim/F1_10/sim_ws/install/safety_node/share/ament_index/resource_index/parent_prefix_path/safety_node
[0.857s] -- Installing: /home/tim/F1_10/sim_ws/install/safety_node/share/safety_node/environment/ament_prefix_path.sh
[0.857s] -- Installing: /home/tim/F1_10/sim_ws/install/safety_node/share/safety_node/environment/ament_prefix_path.dsv
[0.857s] -- Installing: /home/tim/F1_10/sim_ws/install/safety_node/share/safety_node/environment/path.sh
[0.857s] -- Installing: /home/tim/F1_10/sim_ws/install/safety_node/share/safety_node/environment/path.dsv
[0.857s] -- Installing: /home/tim/F1_10/sim_ws/install/safety_node/share/safety_node/local_setup.bash
[0.858s] -- Installing: /home/tim/F1_10/sim_ws/install/safety_node/share/safety_node/local_setup.sh
[0.858s] -- Installing: /home/tim/F1_10/sim_ws/install/safety_node/share/safety_node/local_setup.zsh
[0.858s] -- Installing: /home/tim/F1_10/sim_ws/install/safety_node/share/safety_node/local_setup.dsv
[0.858s] -- Installing: /home/tim/F1_10/sim_ws/install/safety_node/share/safety_node/package.dsv
[0.858s] -- Installing: /home/tim/F1_10/sim_ws/install/safety_node/share/ament_index/resource_index/packages/safety_node
[0.858s] -- Installing: /home/tim/F1_10/sim_ws/install/safety_node/share/safety_node/cmake/safety_nodeConfig.cmake
[0.858s] -- Installing: /home/tim/F1_10/sim_ws/install/safety_node/share/safety_node/cmake/safety_nodeConfig-version.cmake
[0.858s] -- Installing: /home/tim/F1_10/sim_ws/install/safety_node/share/safety_node/package.xml
[1.010s] Invoked command in '/home/tim/F1_10/sim_ws/build/safety_node' returned '0': CMAKE_PREFIX_PATH=${CMAKE_PREFIX_PATH}:/home/tim/F1_10/sim_ws/install/f1tenth_gym_ros:/opt/ros/foxy /home/tim/.local/bin/cmake --install /home/tim/F1_10/sim_ws/build/safety_node
