[1.794s] DEBUG:colcon:Command line arguments: ['/usr/bin/colcon', 'build']
[1.794s] DEBUG:colcon:Parsed command line arguments: Namespace(allow_overriding=[], ament_cmake_args=None, base_paths=['.'], build_base='build', catkin_cmake_args=None, catkin_skip_building_tests=False, cmake_args=None, cmake_clean_cache=False, cmake_clean_first=False, cmake_force_configure=False, cmake_target=None, cmake_target_skip_unavailable=False, continue_on_error=False, event_handlers=None, executor='parallel', ignore_user_meta=False, install_base='install', log_base=None, log_level=None, main=<bound method BuildVerb.main of <colcon_core.verb.build.BuildVerb object at 0x7fe3ce939820>>, merge_install=False, metas=['./colcon.meta'], packages_above=None, packages_above_and_dependencies=None, packages_above_depth=None, packages_end=None, packages_ignore=None, packages_ignore_regex=None, packages_select=None, packages_select_build_failed=False, packages_select_by_dep=None, packages_select_regex=None, packages_select_test_failures=False, packages_skip=None, packages_skip_build_finished=False, packages_skip_by_dep=None, packages_skip_regex=None, packages_skip_test_passed=False, packages_skip_up_to=None, packages_start=None, packages_up_to=None, packages_up_to_regex=None, parallel_workers=8, paths=None, symlink_install=False, test_result_base=None, verb_extension=<colcon_core.verb.build.BuildVerb object at 0x7fe3ce939820>, verb_name='build', verb_parser=<colcon_defaults.argument_parser.defaults.DefaultArgumentsDecorator object at 0x7fe3ce50a370>)
[1.871s] Level 1:colcon.colcon_core.package_discovery:discover_packages(colcon_meta) check parameters
[1.871s] Level 1:colcon.colcon_core.package_discovery:discover_packages(recursive) check parameters
[1.871s] Level 1:colcon.colcon_core.package_discovery:discover_packages(ignore) check parameters
[1.871s] Level 1:colcon.colcon_core.package_discovery:discover_packages(path) check parameters
[1.871s] Level 1:colcon.colcon_core.package_discovery:discover_packages(colcon_meta) discover
[1.871s] Level 1:colcon.colcon_core.package_discovery:discover_packages(recursive) discover
[1.871s] INFO:colcon.colcon_core.package_discovery:Crawling recursively for packages in '/home/tim/F1_10/sim_ws'
[1.871s] Level 1:colcon.colcon_core.package_identification:_identify(.) by extensions ['ignore', 'ignore_ament_install']
[1.871s] Level 1:colcon.colcon_core.package_identification:_identify(.) by extension 'ignore'
[1.871s] Level 1:colcon.colcon_core.package_identification:_identify(.) by extension 'ignore_ament_install'
[1.871s] Level 1:colcon.colcon_core.package_identification:_identify(.) by extensions ['colcon_pkg']
[1.871s] Level 1:colcon.colcon_core.package_identification:_identify(.) by extension 'colcon_pkg'
[1.871s] Level 1:colcon.colcon_core.package_identification:_identify(.) by extensions ['colcon_meta']
[1.871s] Level 1:colcon.colcon_core.package_identification:_identify(.) by extension 'colcon_meta'
[1.871s] Level 1:colcon.colcon_core.package_identification:_identify(.) by extensions ['ros']
[1.871s] Level 1:colcon.colcon_core.package_identification:_identify(.) by extension 'ros'
[1.879s] Level 1:colcon.colcon_core.package_identification:_identify(.) by extensions ['cmake', 'python']
[1.879s] Level 1:colcon.colcon_core.package_identification:_identify(.) by extension 'cmake'
[1.879s] Level 1:colcon.colcon_core.package_identification:_identify(.) by extension 'python'
[1.880s] Level 1:colcon.colcon_core.package_identification:_identify(.) by extensions ['python_setup_py']
[1.880s] Level 1:colcon.colcon_core.package_identification:_identify(.) by extension 'python_setup_py'
[1.880s] Level 1:colcon.colcon_core.package_identification:_identify(build) by extensions ['ignore', 'ignore_ament_install']
[1.880s] Level 1:colcon.colcon_core.package_identification:_identify(build) by extension 'ignore'
[1.880s] Level 1:colcon.colcon_core.package_identification:_identify(build) ignored
[1.880s] Level 1:colcon.colcon_core.package_identification:_identify(install) by extensions ['ignore', 'ignore_ament_install']
[1.880s] Level 1:colcon.colcon_core.package_identification:_identify(install) by extension 'ignore'
[1.880s] Level 1:colcon.colcon_core.package_identification:_identify(install) ignored
[1.880s] Level 1:colcon.colcon_core.package_identification:_identify(log) by extensions ['ignore', 'ignore_ament_install']
[1.880s] Level 1:colcon.colcon_core.package_identification:_identify(log) by extension 'ignore'
[1.880s] Level 1:colcon.colcon_core.package_identification:_identify(log) ignored
[1.880s] Level 1:colcon.colcon_core.package_identification:_identify(src) by extensions ['ignore', 'ignore_ament_install']
[1.880s] Level 1:colcon.colcon_core.package_identification:_identify(src) by extension 'ignore'
[1.880s] Level 1:colcon.colcon_core.package_identification:_identify(src) by extension 'ignore_ament_install'
[1.880s] Level 1:colcon.colcon_core.package_identification:_identify(src) by extensions ['colcon_pkg']
[1.880s] Level 1:colcon.colcon_core.package_identification:_identify(src) by extension 'colcon_pkg'
[1.880s] Level 1:colcon.colcon_core.package_identification:_identify(src) by extensions ['colcon_meta']
[1.880s] Level 1:colcon.colcon_core.package_identification:_identify(src) by extension 'colcon_meta'
[1.881s] Level 1:colcon.colcon_core.package_identification:_identify(src) by extensions ['ros']
[1.881s] Level 1:colcon.colcon_core.package_identification:_identify(src) by extension 'ros'
[1.881s] Level 1:colcon.colcon_core.package_identification:_identify(src) by extensions ['cmake', 'python']
[1.881s] Level 1:colcon.colcon_core.package_identification:_identify(src) by extension 'cmake'
[1.881s] Level 1:colcon.colcon_core.package_identification:_identify(src) by extension 'python'
[1.881s] Level 1:colcon.colcon_core.package_identification:_identify(src) by extensions ['python_setup_py']
[1.881s] Level 1:colcon.colcon_core.package_identification:_identify(src) by extension 'python_setup_py'
[1.881s] Level 1:colcon.colcon_core.package_identification:_identify(src/f1tenth_gym_ros) by extensions ['ignore', 'ignore_ament_install']
[1.881s] Level 1:colcon.colcon_core.package_identification:_identify(src/f1tenth_gym_ros) by extension 'ignore'
[1.881s] Level 1:colcon.colcon_core.package_identification:_identify(src/f1tenth_gym_ros) by extension 'ignore_ament_install'
[1.881s] Level 1:colcon.colcon_core.package_identification:_identify(src/f1tenth_gym_ros) by extensions ['colcon_pkg']
[1.881s] Level 1:colcon.colcon_core.package_identification:_identify(src/f1tenth_gym_ros) by extension 'colcon_pkg'
[1.881s] Level 1:colcon.colcon_core.package_identification:_identify(src/f1tenth_gym_ros) by extensions ['colcon_meta']
[1.881s] Level 1:colcon.colcon_core.package_identification:_identify(src/f1tenth_gym_ros) by extension 'colcon_meta'
[1.881s] Level 1:colcon.colcon_core.package_identification:_identify(src/f1tenth_gym_ros) by extensions ['ros']
[1.881s] Level 1:colcon.colcon_core.package_identification:_identify(src/f1tenth_gym_ros) by extension 'ros'
[1.883s] DEBUG:colcon.colcon_core.package_identification:Package 'src/f1tenth_gym_ros' with type 'ros.ament_python' and name 'f1tenth_gym_ros'
[1.883s] Level 1:colcon.colcon_core.package_identification:_identify(src/gap_follow) by extensions ['ignore', 'ignore_ament_install']
[1.883s] Level 1:colcon.colcon_core.package_identification:_identify(src/gap_follow) by extension 'ignore'
[1.883s] Level 1:colcon.colcon_core.package_identification:_identify(src/gap_follow) by extension 'ignore_ament_install'
[1.883s] Level 1:colcon.colcon_core.package_identification:_identify(src/gap_follow) by extensions ['colcon_pkg']
[1.883s] Level 1:colcon.colcon_core.package_identification:_identify(src/gap_follow) by extension 'colcon_pkg'
[1.883s] Level 1:colcon.colcon_core.package_identification:_identify(src/gap_follow) by extensions ['colcon_meta']
[1.883s] Level 1:colcon.colcon_core.package_identification:_identify(src/gap_follow) by extension 'colcon_meta'
[1.883s] Level 1:colcon.colcon_core.package_identification:_identify(src/gap_follow) by extensions ['ros']
[1.883s] Level 1:colcon.colcon_core.package_identification:_identify(src/gap_follow) by extension 'ros'
[1.884s] DEBUG:colcon.colcon_core.package_identification:Package 'src/gap_follow' with type 'ros.ament_cmake' and name 'gap_follow'
[1.884s] Level 1:colcon.colcon_core.package_identification:_identify(src/safety_node) by extensions ['ignore', 'ignore_ament_install']
[1.884s] Level 1:colcon.colcon_core.package_identification:_identify(src/safety_node) by extension 'ignore'
[1.884s] Level 1:colcon.colcon_core.package_identification:_identify(src/safety_node) by extension 'ignore_ament_install'
[1.884s] Level 1:colcon.colcon_core.package_identification:_identify(src/safety_node) by extensions ['colcon_pkg']
[1.884s] Level 1:colcon.colcon_core.package_identification:_identify(src/safety_node) by extension 'colcon_pkg'
[1.884s] Level 1:colcon.colcon_core.package_identification:_identify(src/safety_node) by extensions ['colcon_meta']
[1.884s] Level 1:colcon.colcon_core.package_identification:_identify(src/safety_node) by extension 'colcon_meta'
[1.884s] Level 1:colcon.colcon_core.package_identification:_identify(src/safety_node) by extensions ['ros']
[1.884s] Level 1:colcon.colcon_core.package_identification:_identify(src/safety_node) by extension 'ros'
[1.885s] DEBUG:colcon.colcon_core.package_identification:Package 'src/safety_node' with type 'ros.ament_cmake' and name 'safety_node'
[1.885s] Level 1:colcon.colcon_core.package_identification:_identify(src/wall_follow) by extensions ['ignore', 'ignore_ament_install']
[1.885s] Level 1:colcon.colcon_core.package_identification:_identify(src/wall_follow) by extension 'ignore'
[1.885s] Level 1:colcon.colcon_core.package_identification:_identify(src/wall_follow) by extension 'ignore_ament_install'
[1.885s] Level 1:colcon.colcon_core.package_identification:_identify(src/wall_follow) by extensions ['colcon_pkg']
[1.885s] Level 1:colcon.colcon_core.package_identification:_identify(src/wall_follow) by extension 'colcon_pkg'
[1.885s] Level 1:colcon.colcon_core.package_identification:_identify(src/wall_follow) by extensions ['colcon_meta']
[1.885s] Level 1:colcon.colcon_core.package_identification:_identify(src/wall_follow) by extension 'colcon_meta'
[1.885s] Level 1:colcon.colcon_core.package_identification:_identify(src/wall_follow) by extensions ['ros']
[1.885s] Level 1:colcon.colcon_core.package_identification:_identify(src/wall_follow) by extension 'ros'
[1.886s] DEBUG:colcon.colcon_core.package_identification:Package 'src/wall_follow' with type 'ros.ament_cmake' and name 'wall_follow'
[1.886s] Level 1:colcon.colcon_core.package_discovery:discover_packages(recursive) using defaults
[1.886s] Level 1:colcon.colcon_core.package_discovery:discover_packages(ignore) discover
[1.886s] Level 1:colcon.colcon_core.package_discovery:discover_packages(ignore) using defaults
[1.886s] Level 1:colcon.colcon_core.package_discovery:discover_packages(path) discover
[1.886s] Level 1:colcon.colcon_core.package_discovery:discover_packages(path) using defaults
[2.055s] Level 1:colcon.colcon_core.package_discovery:discover_packages(prefix_path) check parameters
[2.055s] Level 1:colcon.colcon_core.package_discovery:discover_packages(prefix_path) discover
[2.116s] DEBUG:colcon.colcon_installed_package_information.package_discovery:Found 4 installed packages in /home/tim/F1_10/sim_ws/install
[2.147s] DEBUG:colcon.colcon_installed_package_information.package_discovery:Found 1 installed packages in /home/tim/ackermann_msgs-ros2/install
[2.177s] DEBUG:colcon.colcon_installed_package_information.package_discovery:Found 288 installed packages in /opt/ros/foxy
[2.178s] Level 1:colcon.colcon_core.package_discovery:discover_packages(prefix_path) using defaults
[2.294s] Level 5:colcon.colcon_core.verb:set package 'f1tenth_gym_ros' build argument 'cmake_args' from command line to 'None'
[2.294s] Level 5:colcon.colcon_core.verb:set package 'f1tenth_gym_ros' build argument 'cmake_target' from command line to 'None'
[2.294s] Level 5:colcon.colcon_core.verb:set package 'f1tenth_gym_ros' build argument 'cmake_target_skip_unavailable' from command line to 'False'
[2.294s] Level 5:colcon.colcon_core.verb:set package 'f1tenth_gym_ros' build argument 'cmake_clean_cache' from command line to 'False'
[2.294s] Level 5:colcon.colcon_core.verb:set package 'f1tenth_gym_ros' build argument 'cmake_clean_first' from command line to 'False'
[2.294s] Level 5:colcon.colcon_core.verb:set package 'f1tenth_gym_ros' build argument 'cmake_force_configure' from command line to 'False'
[2.294s] Level 5:colcon.colcon_core.verb:set package 'f1tenth_gym_ros' build argument 'ament_cmake_args' from command line to 'None'
[2.294s] Level 5:colcon.colcon_core.verb:set package 'f1tenth_gym_ros' build argument 'catkin_cmake_args' from command line to 'None'
[2.294s] Level 5:colcon.colcon_core.verb:set package 'f1tenth_gym_ros' build argument 'catkin_skip_building_tests' from command line to 'False'
[2.294s] DEBUG:colcon.colcon_core.verb:Building package 'f1tenth_gym_ros' with the following arguments: {'ament_cmake_args': None, 'build_base': '/home/tim/F1_10/sim_ws/build/f1tenth_gym_ros', 'catkin_cmake_args': None, 'catkin_skip_building_tests': False, 'cmake_args': None, 'cmake_clean_cache': False, 'cmake_clean_first': False, 'cmake_force_configure': False, 'cmake_target': None, 'cmake_target_skip_unavailable': False, 'install_base': '/home/tim/F1_10/sim_ws/install/f1tenth_gym_ros', 'merge_install': False, 'path': '/home/tim/F1_10/sim_ws/src/f1tenth_gym_ros', 'symlink_install': False, 'test_result_base': None}
[2.324s] Level 5:colcon.colcon_core.verb:set package 'gap_follow' build argument 'cmake_args' from command line to 'None'
[2.324s] Level 5:colcon.colcon_core.verb:set package 'gap_follow' build argument 'cmake_target' from command line to 'None'
[2.324s] Level 5:colcon.colcon_core.verb:set package 'gap_follow' build argument 'cmake_target_skip_unavailable' from command line to 'False'
[2.324s] Level 5:colcon.colcon_core.verb:set package 'gap_follow' build argument 'cmake_clean_cache' from command line to 'False'
[2.324s] Level 5:colcon.colcon_core.verb:set package 'gap_follow' build argument 'cmake_clean_first' from command line to 'False'
[2.325s] Level 5:colcon.colcon_core.verb:set package 'gap_follow' build argument 'cmake_force_configure' from command line to 'False'
[2.325s] Level 5:colcon.colcon_core.verb:set package 'gap_follow' build argument 'ament_cmake_args' from command line to 'None'
[2.325s] Level 5:colcon.colcon_core.verb:set package 'gap_follow' build argument 'catkin_cmake_args' from command line to 'None'
[2.325s] Level 5:colcon.colcon_core.verb:set package 'gap_follow' build argument 'catkin_skip_building_tests' from command line to 'False'
[2.325s] DEBUG:colcon.colcon_core.verb:Building package 'gap_follow' with the following arguments: {'ament_cmake_args': None, 'build_base': '/home/tim/F1_10/sim_ws/build/gap_follow', 'catkin_cmake_args': None, 'catkin_skip_building_tests': False, 'cmake_args': None, 'cmake_clean_cache': False, 'cmake_clean_first': False, 'cmake_force_configure': False, 'cmake_target': None, 'cmake_target_skip_unavailable': False, 'install_base': '/home/tim/F1_10/sim_ws/install/gap_follow', 'merge_install': False, 'path': '/home/tim/F1_10/sim_ws/src/gap_follow', 'symlink_install': False, 'test_result_base': None}
[2.360s] Level 5:colcon.colcon_core.verb:set package 'safety_node' build argument 'cmake_args' from command line to 'None'
[2.361s] Level 5:colcon.colcon_core.verb:set package 'safety_node' build argument 'cmake_target' from command line to 'None'
[2.361s] Level 5:colcon.colcon_core.verb:set package 'safety_node' build argument 'cmake_target_skip_unavailable' from command line to 'False'
[2.361s] Level 5:colcon.colcon_core.verb:set package 'safety_node' build argument 'cmake_clean_cache' from command line to 'False'
[2.361s] Level 5:colcon.colcon_core.verb:set package 'safety_node' build argument 'cmake_clean_first' from command line to 'False'
[2.361s] Level 5:colcon.colcon_core.verb:set package 'safety_node' build argument 'cmake_force_configure' from command line to 'False'
[2.361s] Level 5:colcon.colcon_core.verb:set package 'safety_node' build argument 'ament_cmake_args' from command line to 'None'
[2.361s] Level 5:colcon.colcon_core.verb:set package 'safety_node' build argument 'catkin_cmake_args' from command line to 'None'
[2.361s] Level 5:colcon.colcon_core.verb:set package 'safety_node' build argument 'catkin_skip_building_tests' from command line to 'False'
[2.361s] DEBUG:colcon.colcon_core.verb:Building package 'safety_node' with the following arguments: {'ament_cmake_args': None, 'build_base': '/home/tim/F1_10/sim_ws/build/safety_node', 'catkin_cmake_args': None, 'catkin_skip_building_tests': False, 'cmake_args': None, 'cmake_clean_cache': False, 'cmake_clean_first': False, 'cmake_force_configure': False, 'cmake_target': None, 'cmake_target_skip_unavailable': False, 'install_base': '/home/tim/F1_10/sim_ws/install/safety_node', 'merge_install': False, 'path': '/home/tim/F1_10/sim_ws/src/safety_node', 'symlink_install': False, 'test_result_base': None}
[2.391s] Level 5:colcon.colcon_core.verb:set package 'wall_follow' build argument 'cmake_args' from command line to 'None'
[2.391s] Level 5:colcon.colcon_core.verb:set package 'wall_follow' build argument 'cmake_target' from command line to 'None'
[2.391s] Level 5:colcon.colcon_core.verb:set package 'wall_follow' build argument 'cmake_target_skip_unavailable' from command line to 'False'
[2.391s] Level 5:colcon.colcon_core.verb:set package 'wall_follow' build argument 'cmake_clean_cache' from command line to 'False'
[2.391s] Level 5:colcon.colcon_core.verb:set package 'wall_follow' build argument 'cmake_clean_first' from command line to 'False'
[2.391s] Level 5:colcon.colcon_core.verb:set package 'wall_follow' build argument 'cmake_force_configure' from command line to 'False'
[2.391s] Level 5:colcon.colcon_core.verb:set package 'wall_follow' build argument 'ament_cmake_args' from command line to 'None'
[2.391s] Level 5:colcon.colcon_core.verb:set package 'wall_follow' build argument 'catkin_cmake_args' from command line to 'None'
[2.391s] Level 5:colcon.colcon_core.verb:set package 'wall_follow' build argument 'catkin_skip_building_tests' from command line to 'False'
[2.391s] DEBUG:colcon.colcon_core.verb:Building package 'wall_follow' with the following arguments: {'ament_cmake_args': None, 'build_base': '/home/tim/F1_10/sim_ws/build/wall_follow', 'catkin_cmake_args': None, 'catkin_skip_building_tests': False, 'cmake_args': None, 'cmake_clean_cache': False, 'cmake_clean_first': False, 'cmake_force_configure': False, 'cmake_target': None, 'cmake_target_skip_unavailable': False, 'install_base': '/home/tim/F1_10/sim_ws/install/wall_follow', 'merge_install': False, 'path': '/home/tim/F1_10/sim_ws/src/wall_follow', 'symlink_install': False, 'test_result_base': None}
[2.421s] INFO:colcon.colcon_core.executor:Executing jobs using 'parallel' executor
[2.452s] DEBUG:colcon.colcon_parallel_executor.executor.parallel:run_until_complete
[2.452s] INFO:colcon.colcon_ros.task.ament_python.build:Building ROS package in '/home/tim/F1_10/sim_ws/src/f1tenth_gym_ros' with build type 'ament_python'
[2.452s] Level 1:colcon.colcon_core.shell:create_environment_hook('f1tenth_gym_ros', 'ament_prefix_path')
[2.485s] INFO:colcon.colcon_core.plugin_system:Skipping extension 'colcon_core.shell.bat': Not used on non-Windows systems
[2.485s] INFO:colcon.colcon_core.shell:Creating environment hook '/home/tim/F1_10/sim_ws/install/f1tenth_gym_ros/share/f1tenth_gym_ros/hook/ament_prefix_path.ps1'
[2.485s] INFO:colcon.colcon_core.shell:Creating environment descriptor '/home/tim/F1_10/sim_ws/install/f1tenth_gym_ros/share/f1tenth_gym_ros/hook/ament_prefix_path.dsv'
[2.486s] INFO:colcon.colcon_core.shell:Creating environment hook '/home/tim/F1_10/sim_ws/install/f1tenth_gym_ros/share/f1tenth_gym_ros/hook/ament_prefix_path.sh'
[2.517s] INFO:colcon.colcon_core.shell:Skip shell extension 'powershell' for command environment: Not usable outside of PowerShell
[2.517s] DEBUG:colcon.colcon_core.shell:Skip shell extension 'dsv' for command environment
[2.643s] INFO:colcon.colcon_ros.task.ament_cmake.build:Building ROS package in '/home/tim/F1_10/sim_ws/src/gap_follow' with build type 'ament_cmake'
[2.644s] INFO:colcon.colcon_cmake.task.cmake.build:Building CMake package in '/home/tim/F1_10/sim_ws/src/gap_follow'
[2.676s] INFO:colcon.colcon_core.shell:Skip shell extension 'powershell' for command environment: Not usable outside of PowerShell
[2.676s] DEBUG:colcon.colcon_core.shell:Skip shell extension 'dsv' for command environment
[2.803s] INFO:colcon.colcon_ros.task.ament_cmake.build:Building ROS package in '/home/tim/F1_10/sim_ws/src/safety_node' with build type 'ament_cmake'
[2.803s] INFO:colcon.colcon_cmake.task.cmake.build:Building CMake package in '/home/tim/F1_10/sim_ws/src/safety_node'
[2.836s] INFO:colcon.colcon_core.shell:Skip shell extension 'powershell' for command environment: Not usable outside of PowerShell
[2.836s] DEBUG:colcon.colcon_core.shell:Skip shell extension 'dsv' for command environment
[2.964s] INFO:colcon.colcon_ros.task.ament_cmake.build:Building ROS package in '/home/tim/F1_10/sim_ws/src/wall_follow' with build type 'ament_cmake'
[2.964s] INFO:colcon.colcon_cmake.task.cmake.build:Building CMake package in '/home/tim/F1_10/sim_ws/src/wall_follow'
[2.997s] INFO:colcon.colcon_core.shell:Skip shell extension 'powershell' for command environment: Not usable outside of PowerShell
[2.997s] DEBUG:colcon.colcon_core.shell:Skip shell extension 'dsv' for command environment
[3.289s] INFO:colcon.colcon_core.task.python.build:Building Python package in '/home/tim/F1_10/sim_ws/src/f1tenth_gym_ros'
[3.321s] INFO:colcon.colcon_core.shell:Skip shell extension 'powershell' for command environment: Not usable outside of PowerShell
[3.321s] DEBUG:colcon.colcon_core.shell:Skip shell extension 'dsv' for command environment
[3.461s] DEBUG:colcon.colcon_core.event_handler.log_command:Invoking command in '/home/tim/F1_10/sim_ws/build/gap_follow': CMAKE_PREFIX_PATH=${CMAKE_PREFIX_PATH}:/home/tim/F1_10/sim_ws/install/f1tenth_gym_ros:/opt/ros/foxy /home/tim/.local/bin/cmake --build /home/tim/F1_10/sim_ws/build/gap_follow -- -j8 -l8
[3.464s] DEBUG:colcon.colcon_core.event_handler.log_command:Invoking command in '/home/tim/F1_10/sim_ws/build/safety_node': CMAKE_PREFIX_PATH=${CMAKE_PREFIX_PATH}:/home/tim/F1_10/sim_ws/install/f1tenth_gym_ros:/opt/ros/foxy /home/tim/.local/bin/cmake --build /home/tim/F1_10/sim_ws/build/safety_node -- -j8 -l8
[3.469s] DEBUG:colcon.colcon_core.event_handler.log_command:Invoking command in '/home/tim/F1_10/sim_ws/build/wall_follow': CMAKE_PREFIX_PATH=${CMAKE_PREFIX_PATH}:/home/tim/F1_10/sim_ws/install/f1tenth_gym_ros:/opt/ros/foxy /home/tim/.local/bin/cmake --build /home/tim/F1_10/sim_ws/build/wall_follow -- -j8 -l8
[3.501s] DEBUG:colcon.colcon_core.event_handler.log_command:Invoked command in '/home/tim/F1_10/sim_ws/build/gap_follow' returned '0': CMAKE_PREFIX_PATH=${CMAKE_PREFIX_PATH}:/home/tim/F1_10/sim_ws/install/f1tenth_gym_ros:/opt/ros/foxy /home/tim/.local/bin/cmake --build /home/tim/F1_10/sim_ws/build/gap_follow -- -j8 -l8
[3.506s] DEBUG:colcon.colcon_core.event_handler.log_command:Invoked command in '/home/tim/F1_10/sim_ws/build/safety_node' returned '0': CMAKE_PREFIX_PATH=${CMAKE_PREFIX_PATH}:/home/tim/F1_10/sim_ws/install/f1tenth_gym_ros:/opt/ros/foxy /home/tim/.local/bin/cmake --build /home/tim/F1_10/sim_ws/build/safety_node -- -j8 -l8
[3.510s] DEBUG:colcon.colcon_core.event_handler.log_command:Invoked command in '/home/tim/F1_10/sim_ws/build/wall_follow' returned '0': CMAKE_PREFIX_PATH=${CMAKE_PREFIX_PATH}:/home/tim/F1_10/sim_ws/install/f1tenth_gym_ros:/opt/ros/foxy /home/tim/.local/bin/cmake --build /home/tim/F1_10/sim_ws/build/wall_follow -- -j8 -l8
[3.559s] DEBUG:colcon.colcon_core.event_handler.log_command:Invoking command in '/home/tim/F1_10/sim_ws/build/gap_follow': CMAKE_PREFIX_PATH=${CMAKE_PREFIX_PATH}:/home/tim/F1_10/sim_ws/install/f1tenth_gym_ros:/opt/ros/foxy /home/tim/.local/bin/cmake --install /home/tim/F1_10/sim_ws/build/gap_follow
[3.562s] DEBUG:colcon.colcon_core.event_handler.log_command:Invoking command in '/home/tim/F1_10/sim_ws/build/safety_node': CMAKE_PREFIX_PATH=${CMAKE_PREFIX_PATH}:/home/tim/F1_10/sim_ws/install/f1tenth_gym_ros:/opt/ros/foxy /home/tim/.local/bin/cmake --install /home/tim/F1_10/sim_ws/build/safety_node
[3.564s] DEBUG:colcon.colcon_core.event_handler.log_command:Invoking command in '/home/tim/F1_10/sim_ws/build/wall_follow': CMAKE_PREFIX_PATH=${CMAKE_PREFIX_PATH}:/home/tim/F1_10/sim_ws/install/f1tenth_gym_ros:/opt/ros/foxy /home/tim/.local/bin/cmake --install /home/tim/F1_10/sim_ws/build/wall_follow
[3.610s] Level 1:colcon.colcon_core.environment:create_environment_scripts_only(gap_follow)
[3.610s] DEBUG:colcon.colcon_core.event_handler.log_command:Invoked command in '/home/tim/F1_10/sim_ws/build/gap_follow' returned '0': CMAKE_PREFIX_PATH=${CMAKE_PREFIX_PATH}:/home/tim/F1_10/sim_ws/install/f1tenth_gym_ros:/opt/ros/foxy /home/tim/.local/bin/cmake --install /home/tim/F1_10/sim_ws/build/gap_follow
[3.645s] Level 1:colcon.colcon_core.environment:checking '/home/tim/F1_10/sim_ws/install/gap_follow' for CMake module files
[3.645s] Level 1:colcon.colcon_core.environment:checking '/home/tim/F1_10/sim_ws/install/gap_follow' for CMake config files
[3.646s] Level 1:colcon.colcon_core.shell:create_environment_hook('gap_follow', 'cmake_prefix_path')
[3.678s] INFO:colcon.colcon_core.shell:Creating environment hook '/home/tim/F1_10/sim_ws/install/gap_follow/share/gap_follow/hook/cmake_prefix_path.ps1'
[3.678s] INFO:colcon.colcon_core.shell:Creating environment descriptor '/home/tim/F1_10/sim_ws/install/gap_follow/share/gap_follow/hook/cmake_prefix_path.dsv'
[3.678s] INFO:colcon.colcon_core.shell:Creating environment hook '/home/tim/F1_10/sim_ws/install/gap_follow/share/gap_follow/hook/cmake_prefix_path.sh'
[3.679s] Level 1:colcon.colcon_core.environment:checking '/home/tim/F1_10/sim_ws/install/gap_follow/lib'
[3.679s] Level 1:colcon.colcon_core.environment:checking '/home/tim/F1_10/sim_ws/install/gap_follow/bin'
[3.679s] Level 1:colcon.colcon_core.environment:checking '/home/tim/F1_10/sim_ws/install/gap_follow/lib/pkgconfig/gap_follow.pc'
[3.679s] Level 1:colcon.colcon_core.environment:checking '/home/tim/F1_10/sim_ws/install/gap_follow/lib/python3.8/site-packages'
[3.679s] Level 1:colcon.colcon_core.shell:create_environment_hook('gap_follow', 'pythonpath')
[3.711s] INFO:colcon.colcon_core.shell:Creating environment hook '/home/tim/F1_10/sim_ws/install/gap_follow/share/gap_follow/hook/pythonpath.ps1'
[3.711s] INFO:colcon.colcon_core.shell:Creating environment descriptor '/home/tim/F1_10/sim_ws/install/gap_follow/share/gap_follow/hook/pythonpath.dsv'
[3.711s] INFO:colcon.colcon_core.shell:Creating environment hook '/home/tim/F1_10/sim_ws/install/gap_follow/share/gap_follow/hook/pythonpath.sh'
[3.711s] Level 1:colcon.colcon_core.environment:checking '/home/tim/F1_10/sim_ws/install/gap_follow/bin'
[3.743s] INFO:colcon.colcon_core.shell:Creating package script '/home/tim/F1_10/sim_ws/install/gap_follow/share/gap_follow/package.ps1'
[3.744s] INFO:colcon.colcon_core.shell:Creating package descriptor '/home/tim/F1_10/sim_ws/install/gap_follow/share/gap_follow/package.dsv'
[3.744s] INFO:colcon.colcon_core.shell:Creating package script '/home/tim/F1_10/sim_ws/install/gap_follow/share/gap_follow/package.sh'
[3.745s] INFO:colcon.colcon_core.shell:Creating package script '/home/tim/F1_10/sim_ws/install/gap_follow/share/gap_follow/package.bash'
[3.745s] INFO:colcon.colcon_core.shell:Creating package script '/home/tim/F1_10/sim_ws/install/gap_follow/share/gap_follow/package.zsh'
[3.746s] Level 1:colcon.colcon_core.environment:create_file_with_runtime_dependencies(/home/tim/F1_10/sim_ws/install/gap_follow/share/colcon-core/packages/gap_follow)
[3.749s] Level 1:colcon.colcon_core.environment:create_environment_scripts_only(wall_follow)
[3.750s] DEBUG:colcon.colcon_core.event_handler.log_command:Invoked command in '/home/tim/F1_10/sim_ws/build/wall_follow' returned '0': CMAKE_PREFIX_PATH=${CMAKE_PREFIX_PATH}:/home/tim/F1_10/sim_ws/install/f1tenth_gym_ros:/opt/ros/foxy /home/tim/.local/bin/cmake --install /home/tim/F1_10/sim_ws/build/wall_follow
[3.784s] Level 1:colcon.colcon_core.environment:checking '/home/tim/F1_10/sim_ws/install/wall_follow' for CMake module files
[3.784s] Level 1:colcon.colcon_core.environment:checking '/home/tim/F1_10/sim_ws/install/wall_follow' for CMake config files
[3.784s] Level 1:colcon.colcon_core.shell:create_environment_hook('wall_follow', 'cmake_prefix_path')
[3.818s] INFO:colcon.colcon_core.shell:Creating environment hook '/home/tim/F1_10/sim_ws/install/wall_follow/share/wall_follow/hook/cmake_prefix_path.ps1'
[3.819s] INFO:colcon.colcon_core.shell:Creating environment descriptor '/home/tim/F1_10/sim_ws/install/wall_follow/share/wall_follow/hook/cmake_prefix_path.dsv'
[3.819s] INFO:colcon.colcon_core.shell:Creating environment hook '/home/tim/F1_10/sim_ws/install/wall_follow/share/wall_follow/hook/cmake_prefix_path.sh'
[3.819s] Level 1:colcon.colcon_core.environment:checking '/home/tim/F1_10/sim_ws/install/wall_follow/lib'
[3.819s] Level 1:colcon.colcon_core.environment:checking '/home/tim/F1_10/sim_ws/install/wall_follow/bin'
[3.819s] Level 1:colcon.colcon_core.environment:checking '/home/tim/F1_10/sim_ws/install/wall_follow/lib/pkgconfig/wall_follow.pc'
[3.819s] Level 1:colcon.colcon_core.environment:checking '/home/tim/F1_10/sim_ws/install/wall_follow/lib/python3.8/site-packages'
[3.820s] Level 1:colcon.colcon_core.shell:create_environment_hook('wall_follow', 'pythonpath')
[3.851s] INFO:colcon.colcon_core.shell:Creating environment hook '/home/tim/F1_10/sim_ws/install/wall_follow/share/wall_follow/hook/pythonpath.ps1'
[3.851s] INFO:colcon.colcon_core.shell:Creating environment descriptor '/home/tim/F1_10/sim_ws/install/wall_follow/share/wall_follow/hook/pythonpath.dsv'
[3.851s] INFO:colcon.colcon_core.shell:Creating environment hook '/home/tim/F1_10/sim_ws/install/wall_follow/share/wall_follow/hook/pythonpath.sh'
[3.852s] Level 1:colcon.colcon_core.environment:checking '/home/tim/F1_10/sim_ws/install/wall_follow/bin'
[3.884s] INFO:colcon.colcon_core.shell:Creating package script '/home/tim/F1_10/sim_ws/install/wall_follow/share/wall_follow/package.ps1'
[3.884s] INFO:colcon.colcon_core.shell:Creating package descriptor '/home/tim/F1_10/sim_ws/install/wall_follow/share/wall_follow/package.dsv'
[3.885s] INFO:colcon.colcon_core.shell:Creating package script '/home/tim/F1_10/sim_ws/install/wall_follow/share/wall_follow/package.sh'
[3.885s] INFO:colcon.colcon_core.shell:Creating package script '/home/tim/F1_10/sim_ws/install/wall_follow/share/wall_follow/package.bash'
[3.885s] INFO:colcon.colcon_core.shell:Creating package script '/home/tim/F1_10/sim_ws/install/wall_follow/share/wall_follow/package.zsh'
[3.885s] Level 1:colcon.colcon_core.environment:create_file_with_runtime_dependencies(/home/tim/F1_10/sim_ws/install/wall_follow/share/colcon-core/packages/wall_follow)
[3.888s] Level 1:colcon.colcon_core.environment:create_environment_scripts_only(safety_node)
[3.888s] DEBUG:colcon.colcon_core.event_handler.log_command:Invoked command in '/home/tim/F1_10/sim_ws/build/safety_node' returned '0': CMAKE_PREFIX_PATH=${CMAKE_PREFIX_PATH}:/home/tim/F1_10/sim_ws/install/f1tenth_gym_ros:/opt/ros/foxy /home/tim/.local/bin/cmake --install /home/tim/F1_10/sim_ws/build/safety_node
[3.920s] Level 1:colcon.colcon_core.environment:checking '/home/tim/F1_10/sim_ws/install/safety_node' for CMake module files
[3.921s] Level 1:colcon.colcon_core.environment:checking '/home/tim/F1_10/sim_ws/install/safety_node' for CMake config files
[3.921s] Level 1:colcon.colcon_core.shell:create_environment_hook('safety_node', 'cmake_prefix_path')
[3.953s] INFO:colcon.colcon_core.shell:Creating environment hook '/home/tim/F1_10/sim_ws/install/safety_node/share/safety_node/hook/cmake_prefix_path.ps1'
[3.953s] INFO:colcon.colcon_core.shell:Creating environment descriptor '/home/tim/F1_10/sim_ws/install/safety_node/share/safety_node/hook/cmake_prefix_path.dsv'
[3.953s] INFO:colcon.colcon_core.shell:Creating environment hook '/home/tim/F1_10/sim_ws/install/safety_node/share/safety_node/hook/cmake_prefix_path.sh'
[3.953s] Level 1:colcon.colcon_core.environment:checking '/home/tim/F1_10/sim_ws/install/safety_node/lib'
[3.954s] Level 1:colcon.colcon_core.environment:checking '/home/tim/F1_10/sim_ws/install/safety_node/bin'
[3.954s] Level 1:colcon.colcon_core.environment:checking '/home/tim/F1_10/sim_ws/install/safety_node/lib/pkgconfig/safety_node.pc'
[3.954s] Level 1:colcon.colcon_core.environment:checking '/home/tim/F1_10/sim_ws/install/safety_node/lib/python3.8/site-packages'
[3.954s] Level 1:colcon.colcon_core.shell:create_environment_hook('safety_node', 'pythonpath')
[3.985s] INFO:colcon.colcon_core.shell:Creating environment hook '/home/tim/F1_10/sim_ws/install/safety_node/share/safety_node/hook/pythonpath.ps1'
[3.986s] INFO:colcon.colcon_core.shell:Creating environment descriptor '/home/tim/F1_10/sim_ws/install/safety_node/share/safety_node/hook/pythonpath.dsv'
[3.986s] INFO:colcon.colcon_core.shell:Creating environment hook '/home/tim/F1_10/sim_ws/install/safety_node/share/safety_node/hook/pythonpath.sh'
[3.986s] Level 1:colcon.colcon_core.environment:checking '/home/tim/F1_10/sim_ws/install/safety_node/bin'
[4.018s] INFO:colcon.colcon_core.shell:Creating package script '/home/tim/F1_10/sim_ws/install/safety_node/share/safety_node/package.ps1'
[4.018s] INFO:colcon.colcon_core.shell:Creating package descriptor '/home/tim/F1_10/sim_ws/install/safety_node/share/safety_node/package.dsv'
[4.019s] INFO:colcon.colcon_core.shell:Creating package script '/home/tim/F1_10/sim_ws/install/safety_node/share/safety_node/package.sh'
[4.019s] INFO:colcon.colcon_core.shell:Creating package script '/home/tim/F1_10/sim_ws/install/safety_node/share/safety_node/package.bash'
[4.019s] INFO:colcon.colcon_core.shell:Creating package script '/home/tim/F1_10/sim_ws/install/safety_node/share/safety_node/package.zsh'
[4.020s] Level 1:colcon.colcon_core.environment:create_file_with_runtime_dependencies(/home/tim/F1_10/sim_ws/install/safety_node/share/colcon-core/packages/safety_node)
[4.024s] DEBUG:colcon.colcon_core.event_handler.log_command:Invoking command in '/home/tim/F1_10/sim_ws/src/f1tenth_gym_ros': PYTHONPATH=/home/tim/F1_10/sim_ws/build/f1tenth_gym_ros/prefix_override:/home/tim/F1_10/sim_ws/install/f1tenth_gym_ros/lib/python3.8/site-packages:${PYTHONPATH} /usr/bin/python3 setup.py egg_info --egg-base ../../build/f1tenth_gym_ros build --build-base /home/tim/F1_10/sim_ws/build/f1tenth_gym_ros/build install --record /home/tim/F1_10/sim_ws/build/f1tenth_gym_ros/install.log --install-scripts $base/lib/f1tenth_gym_ros --single-version-externally-managed
[4.057s] Level 1:colcon.colcon_core.environment:create_environment_scripts_only(gap_follow)
[4.089s] Level 1:colcon.colcon_core.environment:checking '/home/tim/F1_10/sim_ws/install/gap_follow' for CMake module files
[4.090s] Level 1:colcon.colcon_core.environment:checking '/home/tim/F1_10/sim_ws/install/gap_follow' for CMake config files
[4.090s] Level 1:colcon.colcon_core.shell:create_environment_hook('gap_follow', 'cmake_prefix_path')
[4.122s] INFO:colcon.colcon_core.shell:Creating environment hook '/home/tim/F1_10/sim_ws/install/gap_follow/share/gap_follow/hook/cmake_prefix_path.ps1'
[4.122s] INFO:colcon.colcon_core.shell:Creating environment descriptor '/home/tim/F1_10/sim_ws/install/gap_follow/share/gap_follow/hook/cmake_prefix_path.dsv'
[4.122s] INFO:colcon.colcon_core.shell:Creating environment hook '/home/tim/F1_10/sim_ws/install/gap_follow/share/gap_follow/hook/cmake_prefix_path.sh'
[4.123s] Level 1:colcon.colcon_core.environment:checking '/home/tim/F1_10/sim_ws/install/gap_follow/lib'
[4.123s] Level 1:colcon.colcon_core.environment:checking '/home/tim/F1_10/sim_ws/install/gap_follow/bin'
[4.123s] Level 1:colcon.colcon_core.environment:checking '/home/tim/F1_10/sim_ws/install/gap_follow/lib/pkgconfig/gap_follow.pc'
[4.123s] Level 1:colcon.colcon_core.environment:checking '/home/tim/F1_10/sim_ws/install/gap_follow/lib/python3.8/site-packages'
[4.123s] Level 1:colcon.colcon_core.shell:create_environment_hook('gap_follow', 'pythonpath')
[4.155s] INFO:colcon.colcon_core.shell:Creating environment hook '/home/tim/F1_10/sim_ws/install/gap_follow/share/gap_follow/hook/pythonpath.ps1'
[4.155s] INFO:colcon.colcon_core.shell:Creating environment descriptor '/home/tim/F1_10/sim_ws/install/gap_follow/share/gap_follow/hook/pythonpath.dsv'
[4.155s] INFO:colcon.colcon_core.shell:Creating environment hook '/home/tim/F1_10/sim_ws/install/gap_follow/share/gap_follow/hook/pythonpath.sh'
[4.156s] Level 1:colcon.colcon_core.environment:checking '/home/tim/F1_10/sim_ws/install/gap_follow/bin'
[4.188s] INFO:colcon.colcon_core.shell:Creating package script '/home/tim/F1_10/sim_ws/install/gap_follow/share/gap_follow/package.ps1'
[4.188s] INFO:colcon.colcon_core.shell:Creating package descriptor '/home/tim/F1_10/sim_ws/install/gap_follow/share/gap_follow/package.dsv'
[4.189s] INFO:colcon.colcon_core.shell:Creating package script '/home/tim/F1_10/sim_ws/install/gap_follow/share/gap_follow/package.sh'
[4.189s] INFO:colcon.colcon_core.shell:Creating package script '/home/tim/F1_10/sim_ws/install/gap_follow/share/gap_follow/package.bash'
[4.189s] INFO:colcon.colcon_core.shell:Creating package script '/home/tim/F1_10/sim_ws/install/gap_follow/share/gap_follow/package.zsh'
[4.189s] Level 1:colcon.colcon_core.environment:create_file_with_runtime_dependencies(/home/tim/F1_10/sim_ws/install/gap_follow/share/colcon-core/packages/gap_follow)
[4.226s] Level 1:colcon.colcon_core.environment:create_environment_scripts_only(wall_follow)
[4.258s] Level 1:colcon.colcon_core.environment:checking '/home/tim/F1_10/sim_ws/install/wall_follow' for CMake module files
[4.258s] Level 1:colcon.colcon_core.environment:checking '/home/tim/F1_10/sim_ws/install/wall_follow' for CMake config files
[4.258s] Level 1:colcon.colcon_core.shell:create_environment_hook('wall_follow', 'cmake_prefix_path')
[4.290s] INFO:colcon.colcon_core.shell:Creating environment hook '/home/tim/F1_10/sim_ws/install/wall_follow/share/wall_follow/hook/cmake_prefix_path.ps1'
[4.291s] INFO:colcon.colcon_core.shell:Creating environment descriptor '/home/tim/F1_10/sim_ws/install/wall_follow/share/wall_follow/hook/cmake_prefix_path.dsv'
[4.291s] INFO:colcon.colcon_core.shell:Creating environment hook '/home/tim/F1_10/sim_ws/install/wall_follow/share/wall_follow/hook/cmake_prefix_path.sh'
[4.291s] Level 1:colcon.colcon_core.environment:checking '/home/tim/F1_10/sim_ws/install/wall_follow/lib'
[4.291s] Level 1:colcon.colcon_core.environment:checking '/home/tim/F1_10/sim_ws/install/wall_follow/bin'
[4.291s] Level 1:colcon.colcon_core.environment:checking '/home/tim/F1_10/sim_ws/install/wall_follow/lib/pkgconfig/wall_follow.pc'
[4.291s] Level 1:colcon.colcon_core.environment:checking '/home/tim/F1_10/sim_ws/install/wall_follow/lib/python3.8/site-packages'
[4.291s] Level 1:colcon.colcon_core.shell:create_environment_hook('wall_follow', 'pythonpath')
[4.323s] INFO:colcon.colcon_core.shell:Creating environment hook '/home/tim/F1_10/sim_ws/install/wall_follow/share/wall_follow/hook/pythonpath.ps1'
[4.323s] INFO:colcon.colcon_core.shell:Creating environment descriptor '/home/tim/F1_10/sim_ws/install/wall_follow/share/wall_follow/hook/pythonpath.dsv'
[4.323s] INFO:colcon.colcon_core.shell:Creating environment hook '/home/tim/F1_10/sim_ws/install/wall_follow/share/wall_follow/hook/pythonpath.sh'
[4.324s] Level 1:colcon.colcon_core.environment:checking '/home/tim/F1_10/sim_ws/install/wall_follow/bin'
[4.355s] INFO:colcon.colcon_core.shell:Creating package script '/home/tim/F1_10/sim_ws/install/wall_follow/share/wall_follow/package.ps1'
[4.356s] INFO:colcon.colcon_core.shell:Creating package descriptor '/home/tim/F1_10/sim_ws/install/wall_follow/share/wall_follow/package.dsv'
[4.356s] INFO:colcon.colcon_core.shell:Creating package script '/home/tim/F1_10/sim_ws/install/wall_follow/share/wall_follow/package.sh'
[4.356s] INFO:colcon.colcon_core.shell:Creating package script '/home/tim/F1_10/sim_ws/install/wall_follow/share/wall_follow/package.bash'
[4.357s] INFO:colcon.colcon_core.shell:Creating package script '/home/tim/F1_10/sim_ws/install/wall_follow/share/wall_follow/package.zsh'
[4.357s] Level 1:colcon.colcon_core.environment:create_file_with_runtime_dependencies(/home/tim/F1_10/sim_ws/install/wall_follow/share/colcon-core/packages/wall_follow)
[4.389s] Level 1:colcon.colcon_core.environment:create_environment_scripts_only(safety_node)
[4.420s] Level 1:colcon.colcon_core.environment:checking '/home/tim/F1_10/sim_ws/install/safety_node' for CMake module files
[4.421s] Level 1:colcon.colcon_core.environment:checking '/home/tim/F1_10/sim_ws/install/safety_node' for CMake config files
[4.421s] Level 1:colcon.colcon_core.shell:create_environment_hook('safety_node', 'cmake_prefix_path')
[4.459s] INFO:colcon.colcon_core.shell:Creating environment hook '/home/tim/F1_10/sim_ws/install/safety_node/share/safety_node/hook/cmake_prefix_path.ps1'
[4.459s] INFO:colcon.colcon_core.shell:Creating environment descriptor '/home/tim/F1_10/sim_ws/install/safety_node/share/safety_node/hook/cmake_prefix_path.dsv'
[4.460s] INFO:colcon.colcon_core.shell:Creating environment hook '/home/tim/F1_10/sim_ws/install/safety_node/share/safety_node/hook/cmake_prefix_path.sh'
[4.460s] Level 1:colcon.colcon_core.environment:checking '/home/tim/F1_10/sim_ws/install/safety_node/lib'
[4.460s] Level 1:colcon.colcon_core.environment:checking '/home/tim/F1_10/sim_ws/install/safety_node/bin'
[4.460s] Level 1:colcon.colcon_core.environment:checking '/home/tim/F1_10/sim_ws/install/safety_node/lib/pkgconfig/safety_node.pc'
[4.460s] Level 1:colcon.colcon_core.environment:checking '/home/tim/F1_10/sim_ws/install/safety_node/lib/python3.8/site-packages'
[4.460s] Level 1:colcon.colcon_core.shell:create_environment_hook('safety_node', 'pythonpath')
[4.492s] INFO:colcon.colcon_core.shell:Creating environment hook '/home/tim/F1_10/sim_ws/install/safety_node/share/safety_node/hook/pythonpath.ps1'
[4.492s] INFO:colcon.colcon_core.shell:Creating environment descriptor '/home/tim/F1_10/sim_ws/install/safety_node/share/safety_node/hook/pythonpath.dsv'
[4.492s] INFO:colcon.colcon_core.shell:Creating environment hook '/home/tim/F1_10/sim_ws/install/safety_node/share/safety_node/hook/pythonpath.sh'
[4.492s] Level 1:colcon.colcon_core.environment:checking '/home/tim/F1_10/sim_ws/install/safety_node/bin'
[4.524s] INFO:colcon.colcon_core.shell:Creating package script '/home/tim/F1_10/sim_ws/install/safety_node/share/safety_node/package.ps1'
[4.524s] INFO:colcon.colcon_core.shell:Creating package descriptor '/home/tim/F1_10/sim_ws/install/safety_node/share/safety_node/package.dsv'
[4.525s] INFO:colcon.colcon_core.shell:Creating package script '/home/tim/F1_10/sim_ws/install/safety_node/share/safety_node/package.sh'
[4.525s] INFO:colcon.colcon_core.shell:Creating package script '/home/tim/F1_10/sim_ws/install/safety_node/share/safety_node/package.bash'
[4.525s] INFO:colcon.colcon_core.shell:Creating package script '/home/tim/F1_10/sim_ws/install/safety_node/share/safety_node/package.zsh'
[4.525s] Level 1:colcon.colcon_core.environment:create_file_with_runtime_dependencies(/home/tim/F1_10/sim_ws/install/safety_node/share/colcon-core/packages/safety_node)
[4.526s] DEBUG:colcon.colcon_core.event_handler.log_command:Invoked command in '/home/tim/F1_10/sim_ws/src/f1tenth_gym_ros' returned '0': PYTHONPATH=/home/tim/F1_10/sim_ws/build/f1tenth_gym_ros/prefix_override:/home/tim/F1_10/sim_ws/install/f1tenth_gym_ros/lib/python3.8/site-packages:${PYTHONPATH} /usr/bin/python3 setup.py egg_info --egg-base ../../build/f1tenth_gym_ros build --build-base /home/tim/F1_10/sim_ws/build/f1tenth_gym_ros/build install --record /home/tim/F1_10/sim_ws/build/f1tenth_gym_ros/install.log --install-scripts $base/lib/f1tenth_gym_ros --single-version-externally-managed
[4.558s] Level 1:colcon.colcon_core.environment:checking '/home/tim/F1_10/sim_ws/install/f1tenth_gym_ros' for CMake module files
[4.558s] Level 1:colcon.colcon_core.environment:checking '/home/tim/F1_10/sim_ws/install/f1tenth_gym_ros' for CMake config files
[4.558s] Level 1:colcon.colcon_core.environment:checking '/home/tim/F1_10/sim_ws/install/f1tenth_gym_ros/lib'
[4.559s] Level 1:colcon.colcon_core.environment:checking '/home/tim/F1_10/sim_ws/install/f1tenth_gym_ros/bin'
[4.559s] Level 1:colcon.colcon_core.environment:checking '/home/tim/F1_10/sim_ws/install/f1tenth_gym_ros/lib/pkgconfig/f1tenth_gym_ros.pc'
[4.559s] Level 1:colcon.colcon_core.environment:checking '/home/tim/F1_10/sim_ws/install/f1tenth_gym_ros/lib/python3.8/site-packages'
[4.559s] Level 1:colcon.colcon_core.shell:create_environment_hook('f1tenth_gym_ros', 'pythonpath')
[4.591s] INFO:colcon.colcon_core.shell:Creating environment hook '/home/tim/F1_10/sim_ws/install/f1tenth_gym_ros/share/f1tenth_gym_ros/hook/pythonpath.ps1'
[4.591s] INFO:colcon.colcon_core.shell:Creating environment descriptor '/home/tim/F1_10/sim_ws/install/f1tenth_gym_ros/share/f1tenth_gym_ros/hook/pythonpath.dsv'
[4.591s] INFO:colcon.colcon_core.shell:Creating environment hook '/home/tim/F1_10/sim_ws/install/f1tenth_gym_ros/share/f1tenth_gym_ros/hook/pythonpath.sh'
[4.592s] Level 1:colcon.colcon_core.environment:checking '/home/tim/F1_10/sim_ws/install/f1tenth_gym_ros/bin'
[4.592s] Level 1:colcon.colcon_core.environment:create_environment_scripts_only(f1tenth_gym_ros)
[4.623s] INFO:colcon.colcon_core.shell:Creating package script '/home/tim/F1_10/sim_ws/install/f1tenth_gym_ros/share/f1tenth_gym_ros/package.ps1'
[4.623s] INFO:colcon.colcon_core.shell:Creating package descriptor '/home/tim/F1_10/sim_ws/install/f1tenth_gym_ros/share/f1tenth_gym_ros/package.dsv'
[4.623s] INFO:colcon.colcon_core.shell:Creating package script '/home/tim/F1_10/sim_ws/install/f1tenth_gym_ros/share/f1tenth_gym_ros/package.sh'
[4.623s] INFO:colcon.colcon_core.shell:Creating package script '/home/tim/F1_10/sim_ws/install/f1tenth_gym_ros/share/f1tenth_gym_ros/package.bash'
[4.624s] INFO:colcon.colcon_core.shell:Creating package script '/home/tim/F1_10/sim_ws/install/f1tenth_gym_ros/share/f1tenth_gym_ros/package.zsh'
[4.624s] Level 1:colcon.colcon_core.environment:create_file_with_runtime_dependencies(/home/tim/F1_10/sim_ws/install/f1tenth_gym_ros/share/colcon-core/packages/f1tenth_gym_ros)
[4.624s] DEBUG:colcon.colcon_parallel_executor.executor.parallel:closing loop
[4.624s] DEBUG:colcon.colcon_parallel_executor.executor.parallel:loop closed
[4.624s] DEBUG:colcon.colcon_parallel_executor.executor.parallel:run_until_complete finished with '0'
[4.624s] DEBUG:colcon.colcon_core.event_reactor:joining thread
[4.659s] INFO:colcon.colcon_core.plugin_system:Skipping extension 'colcon_notification.desktop_notification.terminal_notifier': Not used on non-Darwin systems
[4.659s] INFO:colcon.colcon_core.plugin_system:Skipping extension 'colcon_notification.desktop_notification.win32': Not used on non-Windows systems
[4.659s] INFO:colcon.colcon_notification.desktop_notification:Sending desktop notification using 'notify2'
[4.670s] DEBUG:colcon.colcon_core.event_reactor:joined thread
[4.701s] INFO:colcon.colcon_core.shell:Creating prefix script '/home/tim/F1_10/sim_ws/install/local_setup.ps1'
[4.701s] INFO:colcon.colcon_core.shell:Creating prefix util module '/home/tim/F1_10/sim_ws/install/_local_setup_util_ps1.py'
[4.702s] INFO:colcon.colcon_core.shell:Creating prefix chain script '/home/tim/F1_10/sim_ws/install/setup.ps1'
[4.734s] INFO:colcon.colcon_core.shell:Creating prefix script '/home/tim/F1_10/sim_ws/install/local_setup.sh'
[4.735s] INFO:colcon.colcon_core.shell:Creating prefix util module '/home/tim/F1_10/sim_ws/install/_local_setup_util_sh.py'
[4.735s] INFO:colcon.colcon_core.shell:Creating prefix chain script '/home/tim/F1_10/sim_ws/install/setup.sh'
[4.767s] INFO:colcon.colcon_core.shell:Creating prefix script '/home/tim/F1_10/sim_ws/install/local_setup.bash'
[4.767s] INFO:colcon.colcon_core.shell:Creating prefix chain script '/home/tim/F1_10/sim_ws/install/setup.bash'
[4.799s] INFO:colcon.colcon_core.shell:Creating prefix script '/home/tim/F1_10/sim_ws/install/local_setup.zsh'
[4.800s] INFO:colcon.colcon_core.shell:Creating prefix chain script '/home/tim/F1_10/sim_ws/install/setup.zsh'
