[0.888s] Invoking command in '/home/tim/F1_10/sim_ws/src/f1tenth_gym_ros': PYTHONPATH=/home/tim/F1_10/sim_ws/build/f1tenth_gym_ros/prefix_override:/home/tim/F1_10/sim_ws/install/f1tenth_gym_ros/lib/python3.8/site-packages:${PYTHONPATH} /usr/bin/python3 setup.py egg_info --egg-base ../../build/f1tenth_gym_ros build --build-base /home/tim/F1_10/sim_ws/build/f1tenth_gym_ros/build install --record /home/tim/F1_10/sim_ws/build/f1tenth_gym_ros/install.log --install-scripts $base/lib/f1tenth_gym_ros --single-version-externally-managed
[1.047s] running egg_info
[1.047s] creating ../../build/f1tenth_gym_ros/f1tenth_gym_ros.egg-info
[1.047s] writing ../../build/f1tenth_gym_ros/f1tenth_gym_ros.egg-info/PKG-INFO
[1.048s] writing dependency_links to ../../build/f1tenth_gym_ros/f1tenth_gym_ros.egg-info/dependency_links.txt
[1.048s] writing entry points to ../../build/f1tenth_gym_ros/f1tenth_gym_ros.egg-info/entry_points.txt
[1.048s] writing requirements to ../../build/f1tenth_gym_ros/f1tenth_gym_ros.egg-info/requires.txt
[1.048s] writing top-level names to ../../build/f1tenth_gym_ros/f1tenth_gym_ros.egg-info/top_level.txt
[1.049s] writing manifest file '../../build/f1tenth_gym_ros/f1tenth_gym_ros.egg-info/SOURCES.txt'
[1.074s] reading manifest file '../../build/f1tenth_gym_ros/f1tenth_gym_ros.egg-info/SOURCES.txt'
[1.074s] writing manifest file '../../build/f1tenth_gym_ros/f1tenth_gym_ros.egg-info/SOURCES.txt'
[1.075s] running build
[1.075s] running build_py
[1.075s] creating /home/tim/F1_10/sim_ws/build/f1tenth_gym_ros/build
[1.075s] creating /home/tim/F1_10/sim_ws/build/f1tenth_gym_ros/build/lib
[1.075s] creating /home/tim/F1_10/sim_ws/build/f1tenth_gym_ros/build/lib/f1tenth_gym_ros
[1.075s] copying f1tenth_gym_ros/__init__.py -> /home/tim/F1_10/sim_ws/build/f1tenth_gym_ros/build/lib/f1tenth_gym_ros
[1.075s] copying f1tenth_gym_ros/gym_bridge.py -> /home/tim/F1_10/sim_ws/build/f1tenth_gym_ros/build/lib/f1tenth_gym_ros
[1.075s] running install
[1.075s] running install_lib
[1.076s] creating /home/tim/F1_10/sim_ws/install/f1tenth_gym_ros/lib/python3.8/site-packages/f1tenth_gym_ros
[1.076s] copying /home/tim/F1_10/sim_ws/build/f1tenth_gym_ros/build/lib/f1tenth_gym_ros/__init__.py -> /home/tim/F1_10/sim_ws/install/f1tenth_gym_ros/lib/python3.8/site-packages/f1tenth_gym_ros
[1.076s] copying /home/tim/F1_10/sim_ws/build/f1tenth_gym_ros/build/lib/f1tenth_gym_ros/gym_bridge.py -> /home/tim/F1_10/sim_ws/install/f1tenth_gym_ros/lib/python3.8/site-packages/f1tenth_gym_ros
[1.076s] byte-compiling /home/tim/F1_10/sim_ws/install/f1tenth_gym_ros/lib/python3.8/site-packages/f1tenth_gym_ros/__init__.py to __init__.cpython-38.pyc
[1.077s] byte-compiling /home/tim/F1_10/sim_ws/install/f1tenth_gym_ros/lib/python3.8/site-packages/f1tenth_gym_ros/gym_bridge.py to gym_bridge.cpython-38.pyc
[1.079s] running install_data
[1.080s] creating /home/tim/F1_10/sim_ws/install/f1tenth_gym_ros/share/ament_index
[1.080s] creating /home/tim/F1_10/sim_ws/install/f1tenth_gym_ros/share/ament_index/resource_index
[1.080s] creating /home/tim/F1_10/sim_ws/install/f1tenth_gym_ros/share/ament_index/resource_index/packages
[1.080s] copying resource/f1tenth_gym_ros -> /home/tim/F1_10/sim_ws/install/f1tenth_gym_ros/share/ament_index/resource_index/packages
[1.080s] copying package.xml -> /home/tim/F1_10/sim_ws/install/f1tenth_gym_ros/share/f1tenth_gym_ros
[1.080s] creating /home/tim/F1_10/sim_ws/install/f1tenth_gym_ros/share/f1tenth_gym_ros/launch
[1.080s] copying launch/gym_bridge_launch.py -> /home/tim/F1_10/sim_ws/install/f1tenth_gym_ros/share/f1tenth_gym_ros/launch
[1.080s] copying launch/opp_racecar.xacro -> /home/tim/F1_10/sim_ws/install/f1tenth_gym_ros/share/f1tenth_gym_ros/launch
[1.080s] copying launch/ego_racecar.xacro -> /home/tim/F1_10/sim_ws/install/f1tenth_gym_ros/share/f1tenth_gym_ros/launch
[1.081s] copying launch/gym_bridge.rviz -> /home/tim/F1_10/sim_ws/install/f1tenth_gym_ros/share/f1tenth_gym_ros/launch
[1.081s] creating /home/tim/F1_10/sim_ws/install/f1tenth_gym_ros/share/f1tenth_gym_ros/config
[1.081s] copying config/sim.yaml -> /home/tim/F1_10/sim_ws/install/f1tenth_gym_ros/share/f1tenth_gym_ros/config
[1.081s] running install_egg_info
[1.082s] Copying ../../build/f1tenth_gym_ros/f1tenth_gym_ros.egg-info to /home/tim/F1_10/sim_ws/install/f1tenth_gym_ros/lib/python3.8/site-packages/f1tenth_gym_ros-0.0.0-py3.8.egg-info
[1.082s] running install_scripts
[1.095s] Installing gym_bridge script to /home/tim/F1_10/sim_ws/install/f1tenth_gym_ros/lib/f1tenth_gym_ros
[1.095s] writing list of installed files to '/home/tim/F1_10/sim_ws/build/f1tenth_gym_ros/install.log'
[1.109s] Invoked command in '/home/tim/F1_10/sim_ws/src/f1tenth_gym_ros' returned '0': PYTHONPATH=/home/tim/F1_10/sim_ws/build/f1tenth_gym_ros/prefix_override:/home/tim/F1_10/sim_ws/install/f1tenth_gym_ros/lib/python3.8/site-packages:${PYTHONPATH} /usr/bin/python3 setup.py egg_info --egg-base ../../build/f1tenth_gym_ros build --build-base /home/tim/F1_10/sim_ws/build/f1tenth_gym_ros/build install --record /home/tim/F1_10/sim_ws/build/f1tenth_gym_ros/install.log --install-scripts $base/lib/f1tenth_gym_ros --single-version-externally-managed
