[1.995s] Invoking command in '/home/tim/F1_10/sim_ws/src/f1tenth_gym_ros': PYTHONPATH=/home/tim/F1_10/sim_ws/build/f1tenth_gym_ros/prefix_override:/home/tim/F1_10/sim_ws/install/f1tenth_gym_ros/lib/python3.8/site-packages:${PYTHONPATH} /usr/bin/python3 setup.py egg_info --egg-base ../../build/f1tenth_gym_ros build --build-base /home/tim/F1_10/sim_ws/build/f1tenth_gym_ros/build install --record /home/tim/F1_10/sim_ws/build/f1tenth_gym_ros/install.log --install-scripts $base/lib/f1tenth_gym_ros --single-version-externally-managed
[2.174s] running egg_info
[2.174s] writing ../../build/f1tenth_gym_ros/f1tenth_gym_ros.egg-info/PKG-INFO
[2.174s] writing dependency_links to ../../build/f1tenth_gym_ros/f1tenth_gym_ros.egg-info/dependency_links.txt
[2.174s] writing entry points to ../../build/f1tenth_gym_ros/f1tenth_gym_ros.egg-info/entry_points.txt
[2.174s] writing requirements to ../../build/f1tenth_gym_ros/f1tenth_gym_ros.egg-info/requires.txt
[2.174s] writing top-level names to ../../build/f1tenth_gym_ros/f1tenth_gym_ros.egg-info/top_level.txt
[2.199s] reading manifest file '../../build/f1tenth_gym_ros/f1tenth_gym_ros.egg-info/SOURCES.txt'
[2.200s] writing manifest file '../../build/f1tenth_gym_ros/f1tenth_gym_ros.egg-info/SOURCES.txt'
[2.200s] running build
[2.200s] running build_py
[2.200s] running install
[2.200s] running install_lib
[2.201s] creating /home/tim/F1_10/sim_ws/install/f1tenth_gym_ros/lib/python3.8/site-packages/f1tenth_gym_ros
[2.201s] copying /home/tim/F1_10/sim_ws/build/f1tenth_gym_ros/build/lib/f1tenth_gym_ros/__init__.py -> /home/tim/F1_10/sim_ws/install/f1tenth_gym_ros/lib/python3.8/site-packages/f1tenth_gym_ros
[2.201s] copying /home/tim/F1_10/sim_ws/build/f1tenth_gym_ros/build/lib/f1tenth_gym_ros/gym_bridge.py -> /home/tim/F1_10/sim_ws/install/f1tenth_gym_ros/lib/python3.8/site-packages/f1tenth_gym_ros
[2.201s] byte-compiling /home/tim/F1_10/sim_ws/install/f1tenth_gym_ros/lib/python3.8/site-packages/f1tenth_gym_ros/__init__.py to __init__.cpython-38.pyc
[2.203s] byte-compiling /home/tim/F1_10/sim_ws/install/f1tenth_gym_ros/lib/python3.8/site-packages/f1tenth_gym_ros/gym_bridge.py to gym_bridge.cpython-38.pyc
[2.205s] running install_data
[2.206s] creating /home/tim/F1_10/sim_ws/install/f1tenth_gym_ros/share/ament_index
[2.207s] creating /home/tim/F1_10/sim_ws/install/f1tenth_gym_ros/share/ament_index/resource_index
[2.207s] creating /home/tim/F1_10/sim_ws/install/f1tenth_gym_ros/share/ament_index/resource_index/packages
[2.207s] copying resource/f1tenth_gym_ros -> /home/tim/F1_10/sim_ws/install/f1tenth_gym_ros/share/ament_index/resource_index/packages
[2.208s] copying package.xml -> /home/tim/F1_10/sim_ws/install/f1tenth_gym_ros/share/f1tenth_gym_ros
[2.208s] creating /home/tim/F1_10/sim_ws/install/f1tenth_gym_ros/share/f1tenth_gym_ros/launch
[2.208s] copying launch/gym_bridge_launch.py -> /home/tim/F1_10/sim_ws/install/f1tenth_gym_ros/share/f1tenth_gym_ros/launch
[2.208s] copying launch/opp_racecar.xacro -> /home/tim/F1_10/sim_ws/install/f1tenth_gym_ros/share/f1tenth_gym_ros/launch
[2.208s] copying launch/ego_racecar.xacro -> /home/tim/F1_10/sim_ws/install/f1tenth_gym_ros/share/f1tenth_gym_ros/launch
[2.208s] copying launch/gym_bridge.rviz -> /home/tim/F1_10/sim_ws/install/f1tenth_gym_ros/share/f1tenth_gym_ros/launch
[2.208s] creating /home/tim/F1_10/sim_ws/install/f1tenth_gym_ros/share/f1tenth_gym_ros/config
[2.208s] copying config/sim.yaml -> /home/tim/F1_10/sim_ws/install/f1tenth_gym_ros/share/f1tenth_gym_ros/config
[2.208s] running install_egg_info
[2.209s] Copying ../../build/f1tenth_gym_ros/f1tenth_gym_ros.egg-info to /home/tim/F1_10/sim_ws/install/f1tenth_gym_ros/lib/python3.8/site-packages/f1tenth_gym_ros-0.0.0-py3.8.egg-info
[2.209s] running install_scripts
[2.221s] Installing gym_bridge script to /home/tim/F1_10/sim_ws/install/f1tenth_gym_ros/lib/f1tenth_gym_ros
[2.221s] writing list of installed files to '/home/tim/F1_10/sim_ws/build/f1tenth_gym_ros/install.log'
[2.703s] Invoked command in '/home/tim/F1_10/sim_ws/src/f1tenth_gym_ros' returned '0': PYTHONPATH=/home/tim/F1_10/sim_ws/build/f1tenth_gym_ros/prefix_override:/home/tim/F1_10/sim_ws/install/f1tenth_gym_ros/lib/python3.8/site-packages:${PYTHONPATH} /usr/bin/python3 setup.py egg_info --egg-base ../../build/f1tenth_gym_ros build --build-base /home/tim/F1_10/sim_ws/build/f1tenth_gym_ros/build install --record /home/tim/F1_10/sim_ws/build/f1tenth_gym_ros/install.log --install-scripts $base/lib/f1tenth_gym_ros --single-version-externally-managed
