[1.812s] DEBUG:colcon:Command line arguments: ['/usr/bin/colcon', 'build']
[1.812s] DEBUG:colcon:Parsed command line arguments: Namespace(allow_overriding=[], ament_cmake_args=None, base_paths=['.'], build_base='build', catkin_cmake_args=None, catkin_skip_building_tests=False, cmake_args=None, cmake_clean_cache=False, cmake_clean_first=False, cmake_force_configure=False, cmake_target=None, cmake_target_skip_unavailable=False, continue_on_error=False, event_handlers=None, executor='parallel', ignore_user_meta=False, install_base='install', log_base=None, log_level=None, main=<bound method BuildVerb.main of <colcon_core.verb.build.BuildVerb object at 0x7f54de308820>>, merge_install=False, metas=['./colcon.meta'], packages_above=None, packages_above_and_dependencies=None, packages_above_depth=None, packages_end=None, packages_ignore=None, packages_ignore_regex=None, packages_select=None, packages_select_build_failed=False, packages_select_by_dep=None, packages_select_regex=None, packages_select_test_failures=False, packages_skip=None, packages_skip_build_finished=False, packages_skip_by_dep=None, packages_skip_regex=None, packages_skip_test_passed=False, packages_skip_up_to=None, packages_start=None, packages_up_to=None, packages_up_to_regex=None, parallel_workers=8, paths=None, symlink_install=False, test_result_base=None, verb_extension=<colcon_core.verb.build.BuildVerb object at 0x7f54de308820>, verb_name='build', verb_parser=<colcon_defaults.argument_parser.defaults.DefaultArgumentsDecorator object at 0x7f54dded9b20>)
[1.887s] Level 1:colcon.colcon_core.package_discovery:discover_packages(colcon_meta) check parameters
[1.887s] Level 1:colcon.colcon_core.package_discovery:discover_packages(recursive) check parameters
[1.887s] Level 1:colcon.colcon_core.package_discovery:discover_packages(ignore) check parameters
[1.887s] Level 1:colcon.colcon_core.package_discovery:discover_packages(path) check parameters
[1.887s] Level 1:colcon.colcon_core.package_discovery:discover_packages(colcon_meta) discover
[1.887s] Level 1:colcon.colcon_core.package_discovery:discover_packages(recursive) discover
[1.887s] INFO:colcon.colcon_core.package_discovery:Crawling recursively for packages in '/home/tim/F1_10/sim_ws'
[1.887s] Level 1:colcon.colcon_core.package_identification:_identify(.) by extensions ['ignore', 'ignore_ament_install']
[1.887s] Level 1:colcon.colcon_core.package_identification:_identify(.) by extension 'ignore'
[1.887s] Level 1:colcon.colcon_core.package_identification:_identify(.) by extension 'ignore_ament_install'
[1.887s] Level 1:colcon.colcon_core.package_identification:_identify(.) by extensions ['colcon_pkg']
[1.887s] Level 1:colcon.colcon_core.package_identification:_identify(.) by extension 'colcon_pkg'
[1.887s] Level 1:colcon.colcon_core.package_identification:_identify(.) by extensions ['colcon_meta']
[1.887s] Level 1:colcon.colcon_core.package_identification:_identify(.) by extension 'colcon_meta'
[1.888s] Level 1:colcon.colcon_core.package_identification:_identify(.) by extensions ['ros']
[1.888s] Level 1:colcon.colcon_core.package_identification:_identify(.) by extension 'ros'
[1.895s] Level 1:colcon.colcon_core.package_identification:_identify(.) by extensions ['cmake', 'python']
[1.895s] Level 1:colcon.colcon_core.package_identification:_identify(.) by extension 'cmake'
[1.895s] Level 1:colcon.colcon_core.package_identification:_identify(.) by extension 'python'
[1.895s] Level 1:colcon.colcon_core.package_identification:_identify(.) by extensions ['python_setup_py']
[1.896s] Level 1:colcon.colcon_core.package_identification:_identify(.) by extension 'python_setup_py'
[1.896s] Level 1:colcon.colcon_core.package_identification:_identify(build) by extensions ['ignore', 'ignore_ament_install']
[1.896s] Level 1:colcon.colcon_core.package_identification:_identify(build) by extension 'ignore'
[1.896s] Level 1:colcon.colcon_core.package_identification:_identify(build) ignored
[1.896s] Level 1:colcon.colcon_core.package_identification:_identify(install) by extensions ['ignore', 'ignore_ament_install']
[1.896s] Level 1:colcon.colcon_core.package_identification:_identify(install) by extension 'ignore'
[1.896s] Level 1:colcon.colcon_core.package_identification:_identify(install) ignored
[1.896s] Level 1:colcon.colcon_core.package_identification:_identify(log) by extensions ['ignore', 'ignore_ament_install']
[1.896s] Level 1:colcon.colcon_core.package_identification:_identify(log) by extension 'ignore'
[1.896s] Level 1:colcon.colcon_core.package_identification:_identify(log) ignored
[1.896s] Level 1:colcon.colcon_core.package_identification:_identify(src) by extensions ['ignore', 'ignore_ament_install']
[1.896s] Level 1:colcon.colcon_core.package_identification:_identify(src) by extension 'ignore'
[1.896s] Level 1:colcon.colcon_core.package_identification:_identify(src) by extension 'ignore_ament_install'
[1.896s] Level 1:colcon.colcon_core.package_identification:_identify(src) by extensions ['colcon_pkg']
[1.896s] Level 1:colcon.colcon_core.package_identification:_identify(src) by extension 'colcon_pkg'
[1.896s] Level 1:colcon.colcon_core.package_identification:_identify(src) by extensions ['colcon_meta']
[1.896s] Level 1:colcon.colcon_core.package_identification:_identify(src) by extension 'colcon_meta'
[1.896s] Level 1:colcon.colcon_core.package_identification:_identify(src) by extensions ['ros']
[1.896s] Level 1:colcon.colcon_core.package_identification:_identify(src) by extension 'ros'
[1.896s] Level 1:colcon.colcon_core.package_identification:_identify(src) by extensions ['cmake', 'python']
[1.897s] Level 1:colcon.colcon_core.package_identification:_identify(src) by extension 'cmake'
[1.897s] Level 1:colcon.colcon_core.package_identification:_identify(src) by extension 'python'
[1.897s] Level 1:colcon.colcon_core.package_identification:_identify(src) by extensions ['python_setup_py']
[1.897s] Level 1:colcon.colcon_core.package_identification:_identify(src) by extension 'python_setup_py'
[1.897s] Level 1:colcon.colcon_core.package_identification:_identify(src/f1tenth_gym_ros) by extensions ['ignore', 'ignore_ament_install']
[1.897s] Level 1:colcon.colcon_core.package_identification:_identify(src/f1tenth_gym_ros) by extension 'ignore'
[1.897s] Level 1:colcon.colcon_core.package_identification:_identify(src/f1tenth_gym_ros) by extension 'ignore_ament_install'
[1.897s] Level 1:colcon.colcon_core.package_identification:_identify(src/f1tenth_gym_ros) by extensions ['colcon_pkg']
[1.897s] Level 1:colcon.colcon_core.package_identification:_identify(src/f1tenth_gym_ros) by extension 'colcon_pkg'
[1.897s] Level 1:colcon.colcon_core.package_identification:_identify(src/f1tenth_gym_ros) by extensions ['colcon_meta']
[1.897s] Level 1:colcon.colcon_core.package_identification:_identify(src/f1tenth_gym_ros) by extension 'colcon_meta'
[1.897s] Level 1:colcon.colcon_core.package_identification:_identify(src/f1tenth_gym_ros) by extensions ['ros']
[1.897s] Level 1:colcon.colcon_core.package_identification:_identify(src/f1tenth_gym_ros) by extension 'ros'
[1.899s] DEBUG:colcon.colcon_core.package_identification:Package 'src/f1tenth_gym_ros' with type 'ros.ament_python' and name 'f1tenth_gym_ros'
[1.899s] Level 1:colcon.colcon_core.package_identification:_identify(src/gap_follow) by extensions ['ignore', 'ignore_ament_install']
[1.899s] Level 1:colcon.colcon_core.package_identification:_identify(src/gap_follow) by extension 'ignore'
[1.899s] Level 1:colcon.colcon_core.package_identification:_identify(src/gap_follow) by extension 'ignore_ament_install'
[1.899s] Level 1:colcon.colcon_core.package_identification:_identify(src/gap_follow) by extensions ['colcon_pkg']
[1.899s] Level 1:colcon.colcon_core.package_identification:_identify(src/gap_follow) by extension 'colcon_pkg'
[1.899s] Level 1:colcon.colcon_core.package_identification:_identify(src/gap_follow) by extensions ['colcon_meta']
[1.899s] Level 1:colcon.colcon_core.package_identification:_identify(src/gap_follow) by extension 'colcon_meta'
[1.899s] Level 1:colcon.colcon_core.package_identification:_identify(src/gap_follow) by extensions ['ros']
[1.899s] Level 1:colcon.colcon_core.package_identification:_identify(src/gap_follow) by extension 'ros'
[1.900s] DEBUG:colcon.colcon_core.package_identification:Package 'src/gap_follow' with type 'ros.ament_cmake' and name 'gap_follow'
[1.900s] Level 1:colcon.colcon_core.package_identification:_identify(src/safety_node) by extensions ['ignore', 'ignore_ament_install']
[1.900s] Level 1:colcon.colcon_core.package_identification:_identify(src/safety_node) by extension 'ignore'
[1.900s] Level 1:colcon.colcon_core.package_identification:_identify(src/safety_node) by extension 'ignore_ament_install'
[1.900s] Level 1:colcon.colcon_core.package_identification:_identify(src/safety_node) by extensions ['colcon_pkg']
[1.900s] Level 1:colcon.colcon_core.package_identification:_identify(src/safety_node) by extension 'colcon_pkg'
[1.900s] Level 1:colcon.colcon_core.package_identification:_identify(src/safety_node) by extensions ['colcon_meta']
[1.900s] Level 1:colcon.colcon_core.package_identification:_identify(src/safety_node) by extension 'colcon_meta'
[1.900s] Level 1:colcon.colcon_core.package_identification:_identify(src/safety_node) by extensions ['ros']
[1.900s] Level 1:colcon.colcon_core.package_identification:_identify(src/safety_node) by extension 'ros'
[1.901s] DEBUG:colcon.colcon_core.package_identification:Package 'src/safety_node' with type 'ros.ament_cmake' and name 'safety_node'
[1.901s] Level 1:colcon.colcon_core.package_identification:_identify(src/wall_follow) by extensions ['ignore', 'ignore_ament_install']
[1.901s] Level 1:colcon.colcon_core.package_identification:_identify(src/wall_follow) by extension 'ignore'
[1.901s] Level 1:colcon.colcon_core.package_identification:_identify(src/wall_follow) by extension 'ignore_ament_install'
[1.901s] Level 1:colcon.colcon_core.package_identification:_identify(src/wall_follow) by extensions ['colcon_pkg']
[1.901s] Level 1:colcon.colcon_core.package_identification:_identify(src/wall_follow) by extension 'colcon_pkg'
[1.901s] Level 1:colcon.colcon_core.package_identification:_identify(src/wall_follow) by extensions ['colcon_meta']
[1.901s] Level 1:colcon.colcon_core.package_identification:_identify(src/wall_follow) by extension 'colcon_meta'
[1.901s] Level 1:colcon.colcon_core.package_identification:_identify(src/wall_follow) by extensions ['ros']
[1.901s] Level 1:colcon.colcon_core.package_identification:_identify(src/wall_follow) by extension 'ros'
[1.902s] DEBUG:colcon.colcon_core.package_identification:Package 'src/wall_follow' with type 'ros.ament_cmake' and name 'wall_follow'
[1.902s] Level 1:colcon.colcon_core.package_discovery:discover_packages(recursive) using defaults
[1.902s] Level 1:colcon.colcon_core.package_discovery:discover_packages(ignore) discover
[1.902s] Level 1:colcon.colcon_core.package_discovery:discover_packages(ignore) using defaults
[1.902s] Level 1:colcon.colcon_core.package_discovery:discover_packages(path) discover
[1.902s] Level 1:colcon.colcon_core.package_discovery:discover_packages(path) using defaults
[2.069s] Level 1:colcon.colcon_core.package_discovery:discover_packages(prefix_path) check parameters
[2.069s] Level 1:colcon.colcon_core.package_discovery:discover_packages(prefix_path) discover
[2.130s] DEBUG:colcon.colcon_installed_package_information.package_discovery:Found 4 installed packages in /home/tim/F1_10/sim_ws/install
[2.160s] DEBUG:colcon.colcon_installed_package_information.package_discovery:Found 1 installed packages in /home/tim/ackermann_msgs-ros2/install
[2.190s] DEBUG:colcon.colcon_installed_package_information.package_discovery:Found 288 installed packages in /opt/ros/foxy
[2.191s] Level 1:colcon.colcon_core.package_discovery:discover_packages(prefix_path) using defaults
[2.306s] Level 5:colcon.colcon_core.verb:set package 'f1tenth_gym_ros' build argument 'cmake_args' from command line to 'None'
[2.306s] Level 5:colcon.colcon_core.verb:set package 'f1tenth_gym_ros' build argument 'cmake_target' from command line to 'None'
[2.306s] Level 5:colcon.colcon_core.verb:set package 'f1tenth_gym_ros' build argument 'cmake_target_skip_unavailable' from command line to 'False'
[2.306s] Level 5:colcon.colcon_core.verb:set package 'f1tenth_gym_ros' build argument 'cmake_clean_cache' from command line to 'False'
[2.306s] Level 5:colcon.colcon_core.verb:set package 'f1tenth_gym_ros' build argument 'cmake_clean_first' from command line to 'False'
[2.306s] Level 5:colcon.colcon_core.verb:set package 'f1tenth_gym_ros' build argument 'cmake_force_configure' from command line to 'False'
[2.306s] Level 5:colcon.colcon_core.verb:set package 'f1tenth_gym_ros' build argument 'ament_cmake_args' from command line to 'None'
[2.306s] Level 5:colcon.colcon_core.verb:set package 'f1tenth_gym_ros' build argument 'catkin_cmake_args' from command line to 'None'
[2.306s] Level 5:colcon.colcon_core.verb:set package 'f1tenth_gym_ros' build argument 'catkin_skip_building_tests' from command line to 'False'
[2.306s] DEBUG:colcon.colcon_core.verb:Building package 'f1tenth_gym_ros' with the following arguments: {'ament_cmake_args': None, 'build_base': '/home/tim/F1_10/sim_ws/build/f1tenth_gym_ros', 'catkin_cmake_args': None, 'catkin_skip_building_tests': False, 'cmake_args': None, 'cmake_clean_cache': False, 'cmake_clean_first': False, 'cmake_force_configure': False, 'cmake_target': None, 'cmake_target_skip_unavailable': False, 'install_base': '/home/tim/F1_10/sim_ws/install/f1tenth_gym_ros', 'merge_install': False, 'path': '/home/tim/F1_10/sim_ws/src/f1tenth_gym_ros', 'symlink_install': False, 'test_result_base': None}
[2.336s] Level 5:colcon.colcon_core.verb:set package 'gap_follow' build argument 'cmake_args' from command line to 'None'
[2.336s] Level 5:colcon.colcon_core.verb:set package 'gap_follow' build argument 'cmake_target' from command line to 'None'
[2.336s] Level 5:colcon.colcon_core.verb:set package 'gap_follow' build argument 'cmake_target_skip_unavailable' from command line to 'False'
[2.336s] Level 5:colcon.colcon_core.verb:set package 'gap_follow' build argument 'cmake_clean_cache' from command line to 'False'
[2.336s] Level 5:colcon.colcon_core.verb:set package 'gap_follow' build argument 'cmake_clean_first' from command line to 'False'
[2.336s] Level 5:colcon.colcon_core.verb:set package 'gap_follow' build argument 'cmake_force_configure' from command line to 'False'
[2.336s] Level 5:colcon.colcon_core.verb:set package 'gap_follow' build argument 'ament_cmake_args' from command line to 'None'
[2.336s] Level 5:colcon.colcon_core.verb:set package 'gap_follow' build argument 'catkin_cmake_args' from command line to 'None'
[2.336s] Level 5:colcon.colcon_core.verb:set package 'gap_follow' build argument 'catkin_skip_building_tests' from command line to 'False'
[2.336s] DEBUG:colcon.colcon_core.verb:Building package 'gap_follow' with the following arguments: {'ament_cmake_args': None, 'build_base': '/home/tim/F1_10/sim_ws/build/gap_follow', 'catkin_cmake_args': None, 'catkin_skip_building_tests': False, 'cmake_args': None, 'cmake_clean_cache': False, 'cmake_clean_first': False, 'cmake_force_configure': False, 'cmake_target': None, 'cmake_target_skip_unavailable': False, 'install_base': '/home/tim/F1_10/sim_ws/install/gap_follow', 'merge_install': False, 'path': '/home/tim/F1_10/sim_ws/src/gap_follow', 'symlink_install': False, 'test_result_base': None}
[2.373s] Level 5:colcon.colcon_core.verb:set package 'safety_node' build argument 'cmake_args' from command line to 'None'
[2.373s] Level 5:colcon.colcon_core.verb:set package 'safety_node' build argument 'cmake_target' from command line to 'None'
[2.373s] Level 5:colcon.colcon_core.verb:set package 'safety_node' build argument 'cmake_target_skip_unavailable' from command line to 'False'
[2.373s] Level 5:colcon.colcon_core.verb:set package 'safety_node' build argument 'cmake_clean_cache' from command line to 'False'
[2.373s] Level 5:colcon.colcon_core.verb:set package 'safety_node' build argument 'cmake_clean_first' from command line to 'False'
[2.373s] Level 5:colcon.colcon_core.verb:set package 'safety_node' build argument 'cmake_force_configure' from command line to 'False'
[2.373s] Level 5:colcon.colcon_core.verb:set package 'safety_node' build argument 'ament_cmake_args' from command line to 'None'
[2.373s] Level 5:colcon.colcon_core.verb:set package 'safety_node' build argument 'catkin_cmake_args' from command line to 'None'
[2.373s] Level 5:colcon.colcon_core.verb:set package 'safety_node' build argument 'catkin_skip_building_tests' from command line to 'False'
[2.373s] DEBUG:colcon.colcon_core.verb:Building package 'safety_node' with the following arguments: {'ament_cmake_args': None, 'build_base': '/home/tim/F1_10/sim_ws/build/safety_node', 'catkin_cmake_args': None, 'catkin_skip_building_tests': False, 'cmake_args': None, 'cmake_clean_cache': False, 'cmake_clean_first': False, 'cmake_force_configure': False, 'cmake_target': None, 'cmake_target_skip_unavailable': False, 'install_base': '/home/tim/F1_10/sim_ws/install/safety_node', 'merge_install': False, 'path': '/home/tim/F1_10/sim_ws/src/safety_node', 'symlink_install': False, 'test_result_base': None}
[2.403s] Level 5:colcon.colcon_core.verb:set package 'wall_follow' build argument 'cmake_args' from command line to 'None'
[2.403s] Level 5:colcon.colcon_core.verb:set package 'wall_follow' build argument 'cmake_target' from command line to 'None'
[2.403s] Level 5:colcon.colcon_core.verb:set package 'wall_follow' build argument 'cmake_target_skip_unavailable' from command line to 'False'
[2.403s] Level 5:colcon.colcon_core.verb:set package 'wall_follow' build argument 'cmake_clean_cache' from command line to 'False'
[2.403s] Level 5:colcon.colcon_core.verb:set package 'wall_follow' build argument 'cmake_clean_first' from command line to 'False'
[2.403s] Level 5:colcon.colcon_core.verb:set package 'wall_follow' build argument 'cmake_force_configure' from command line to 'False'
[2.403s] Level 5:colcon.colcon_core.verb:set package 'wall_follow' build argument 'ament_cmake_args' from command line to 'None'
[2.403s] Level 5:colcon.colcon_core.verb:set package 'wall_follow' build argument 'catkin_cmake_args' from command line to 'None'
[2.403s] Level 5:colcon.colcon_core.verb:set package 'wall_follow' build argument 'catkin_skip_building_tests' from command line to 'False'
[2.403s] DEBUG:colcon.colcon_core.verb:Building package 'wall_follow' with the following arguments: {'ament_cmake_args': None, 'build_base': '/home/tim/F1_10/sim_ws/build/wall_follow', 'catkin_cmake_args': None, 'catkin_skip_building_tests': False, 'cmake_args': None, 'cmake_clean_cache': False, 'cmake_clean_first': False, 'cmake_force_configure': False, 'cmake_target': None, 'cmake_target_skip_unavailable': False, 'install_base': '/home/tim/F1_10/sim_ws/install/wall_follow', 'merge_install': False, 'path': '/home/tim/F1_10/sim_ws/src/wall_follow', 'symlink_install': False, 'test_result_base': None}
[2.433s] INFO:colcon.colcon_core.executor:Executing jobs using 'parallel' executor
[2.463s] DEBUG:colcon.colcon_parallel_executor.executor.parallel:run_until_complete
[2.463s] INFO:colcon.colcon_ros.task.ament_python.build:Building ROS package in '/home/tim/F1_10/sim_ws/src/f1tenth_gym_ros' with build type 'ament_python'
[2.463s] Level 1:colcon.colcon_core.shell:create_environment_hook('f1tenth_gym_ros', 'ament_prefix_path')
[2.495s] INFO:colcon.colcon_core.plugin_system:Skipping extension 'colcon_core.shell.bat': Not used on non-Windows systems
[2.496s] INFO:colcon.colcon_core.shell:Creating environment hook '/home/tim/F1_10/sim_ws/install/f1tenth_gym_ros/share/f1tenth_gym_ros/hook/ament_prefix_path.ps1'
[2.496s] INFO:colcon.colcon_core.shell:Creating environment descriptor '/home/tim/F1_10/sim_ws/install/f1tenth_gym_ros/share/f1tenth_gym_ros/hook/ament_prefix_path.dsv'
[2.496s] INFO:colcon.colcon_core.shell:Creating environment hook '/home/tim/F1_10/sim_ws/install/f1tenth_gym_ros/share/f1tenth_gym_ros/hook/ament_prefix_path.sh'
[2.527s] INFO:colcon.colcon_core.shell:Skip shell extension 'powershell' for command environment: Not usable outside of PowerShell
[2.527s] DEBUG:colcon.colcon_core.shell:Skip shell extension 'dsv' for command environment
[2.653s] INFO:colcon.colcon_ros.task.ament_cmake.build:Building ROS package in '/home/tim/F1_10/sim_ws/src/gap_follow' with build type 'ament_cmake'
[2.654s] INFO:colcon.colcon_cmake.task.cmake.build:Building CMake package in '/home/tim/F1_10/sim_ws/src/gap_follow'
[2.686s] INFO:colcon.colcon_core.shell:Skip shell extension 'powershell' for command environment: Not usable outside of PowerShell
[2.686s] DEBUG:colcon.colcon_core.shell:Skip shell extension 'dsv' for command environment
[2.812s] INFO:colcon.colcon_ros.task.ament_cmake.build:Building ROS package in '/home/tim/F1_10/sim_ws/src/safety_node' with build type 'ament_cmake'
[2.812s] INFO:colcon.colcon_cmake.task.cmake.build:Building CMake package in '/home/tim/F1_10/sim_ws/src/safety_node'
[2.844s] INFO:colcon.colcon_core.shell:Skip shell extension 'powershell' for command environment: Not usable outside of PowerShell
[2.844s] DEBUG:colcon.colcon_core.shell:Skip shell extension 'dsv' for command environment
[2.971s] INFO:colcon.colcon_ros.task.ament_cmake.build:Building ROS package in '/home/tim/F1_10/sim_ws/src/wall_follow' with build type 'ament_cmake'
[2.971s] INFO:colcon.colcon_cmake.task.cmake.build:Building CMake package in '/home/tim/F1_10/sim_ws/src/wall_follow'
[3.003s] INFO:colcon.colcon_core.shell:Skip shell extension 'powershell' for command environment: Not usable outside of PowerShell
[3.003s] DEBUG:colcon.colcon_core.shell:Skip shell extension 'dsv' for command environment
[3.291s] INFO:colcon.colcon_core.task.python.build:Building Python package in '/home/tim/F1_10/sim_ws/src/f1tenth_gym_ros'
[3.323s] INFO:colcon.colcon_core.shell:Skip shell extension 'powershell' for command environment: Not usable outside of PowerShell
[3.323s] DEBUG:colcon.colcon_core.shell:Skip shell extension 'dsv' for command environment
[3.461s] DEBUG:colcon.colcon_core.event_handler.log_command:Invoking command in '/home/tim/F1_10/sim_ws/build/gap_follow': CMAKE_PREFIX_PATH=${CMAKE_PREFIX_PATH}:/home/tim/F1_10/sim_ws/install/f1tenth_gym_ros:/opt/ros/foxy /home/tim/.local/bin/cmake --build /home/tim/F1_10/sim_ws/build/gap_follow -- -j8 -l8
[3.466s] DEBUG:colcon.colcon_core.event_handler.log_command:Invoking command in '/home/tim/F1_10/sim_ws/build/safety_node': CMAKE_PREFIX_PATH=${CMAKE_PREFIX_PATH}:/home/tim/F1_10/sim_ws/install/f1tenth_gym_ros:/opt/ros/foxy /home/tim/.local/bin/cmake --build /home/tim/F1_10/sim_ws/build/safety_node -- -j8 -l8
[3.468s] DEBUG:colcon.colcon_core.event_handler.log_command:Invoking command in '/home/tim/F1_10/sim_ws/build/wall_follow': CMAKE_PREFIX_PATH=${CMAKE_PREFIX_PATH}:/home/tim/F1_10/sim_ws/install/f1tenth_gym_ros:/opt/ros/foxy /home/tim/.local/bin/cmake --build /home/tim/F1_10/sim_ws/build/wall_follow -- -j8 -l8
[3.503s] DEBUG:colcon.colcon_core.event_handler.log_command:Invoked command in '/home/tim/F1_10/sim_ws/build/gap_follow' returned '0': CMAKE_PREFIX_PATH=${CMAKE_PREFIX_PATH}:/home/tim/F1_10/sim_ws/install/f1tenth_gym_ros:/opt/ros/foxy /home/tim/.local/bin/cmake --build /home/tim/F1_10/sim_ws/build/gap_follow -- -j8 -l8
[3.507s] DEBUG:colcon.colcon_core.event_handler.log_command:Invoked command in '/home/tim/F1_10/sim_ws/build/safety_node' returned '0': CMAKE_PREFIX_PATH=${CMAKE_PREFIX_PATH}:/home/tim/F1_10/sim_ws/install/f1tenth_gym_ros:/opt/ros/foxy /home/tim/.local/bin/cmake --build /home/tim/F1_10/sim_ws/build/safety_node -- -j8 -l8
[3.510s] DEBUG:colcon.colcon_core.event_handler.log_command:Invoked command in '/home/tim/F1_10/sim_ws/build/wall_follow' returned '0': CMAKE_PREFIX_PATH=${CMAKE_PREFIX_PATH}:/home/tim/F1_10/sim_ws/install/f1tenth_gym_ros:/opt/ros/foxy /home/tim/.local/bin/cmake --build /home/tim/F1_10/sim_ws/build/wall_follow -- -j8 -l8
[3.561s] DEBUG:colcon.colcon_core.event_handler.log_command:Invoking command in '/home/tim/F1_10/sim_ws/build/gap_follow': CMAKE_PREFIX_PATH=${CMAKE_PREFIX_PATH}:/home/tim/F1_10/sim_ws/install/f1tenth_gym_ros:/opt/ros/foxy /home/tim/.local/bin/cmake --install /home/tim/F1_10/sim_ws/build/gap_follow
[3.564s] DEBUG:colcon.colcon_core.event_handler.log_command:Invoking command in '/home/tim/F1_10/sim_ws/build/safety_node': CMAKE_PREFIX_PATH=${CMAKE_PREFIX_PATH}:/home/tim/F1_10/sim_ws/install/f1tenth_gym_ros:/opt/ros/foxy /home/tim/.local/bin/cmake --install /home/tim/F1_10/sim_ws/build/safety_node
[3.566s] DEBUG:colcon.colcon_core.event_handler.log_command:Invoking command in '/home/tim/F1_10/sim_ws/build/wall_follow': CMAKE_PREFIX_PATH=${CMAKE_PREFIX_PATH}:/home/tim/F1_10/sim_ws/install/f1tenth_gym_ros:/opt/ros/foxy /home/tim/.local/bin/cmake --install /home/tim/F1_10/sim_ws/build/wall_follow
[3.611s] Level 1:colcon.colcon_core.environment:create_environment_scripts_only(gap_follow)
[3.612s] DEBUG:colcon.colcon_core.event_handler.log_command:Invoked command in '/home/tim/F1_10/sim_ws/build/gap_follow' returned '0': CMAKE_PREFIX_PATH=${CMAKE_PREFIX_PATH}:/home/tim/F1_10/sim_ws/install/f1tenth_gym_ros:/opt/ros/foxy /home/tim/.local/bin/cmake --install /home/tim/F1_10/sim_ws/build/gap_follow
[3.647s] Level 1:colcon.colcon_core.environment:checking '/home/tim/F1_10/sim_ws/install/gap_follow' for CMake module files
[3.647s] Level 1:colcon.colcon_core.environment:checking '/home/tim/F1_10/sim_ws/install/gap_follow' for CMake config files
[3.647s] Level 1:colcon.colcon_core.shell:create_environment_hook('gap_follow', 'cmake_prefix_path')
[3.679s] INFO:colcon.colcon_core.shell:Creating environment hook '/home/tim/F1_10/sim_ws/install/gap_follow/share/gap_follow/hook/cmake_prefix_path.ps1'
[3.680s] INFO:colcon.colcon_core.shell:Creating environment descriptor '/home/tim/F1_10/sim_ws/install/gap_follow/share/gap_follow/hook/cmake_prefix_path.dsv'
[3.680s] INFO:colcon.colcon_core.shell:Creating environment hook '/home/tim/F1_10/sim_ws/install/gap_follow/share/gap_follow/hook/cmake_prefix_path.sh'
[3.681s] Level 1:colcon.colcon_core.environment:checking '/home/tim/F1_10/sim_ws/install/gap_follow/lib'
[3.681s] Level 1:colcon.colcon_core.environment:checking '/home/tim/F1_10/sim_ws/install/gap_follow/bin'
[3.681s] Level 1:colcon.colcon_core.environment:checking '/home/tim/F1_10/sim_ws/install/gap_follow/lib/pkgconfig/gap_follow.pc'
[3.681s] Level 1:colcon.colcon_core.environment:checking '/home/tim/F1_10/sim_ws/install/gap_follow/lib/python3.8/site-packages'
[3.681s] Level 1:colcon.colcon_core.shell:create_environment_hook('gap_follow', 'pythonpath')
[3.713s] INFO:colcon.colcon_core.shell:Creating environment hook '/home/tim/F1_10/sim_ws/install/gap_follow/share/gap_follow/hook/pythonpath.ps1'
[3.713s] INFO:colcon.colcon_core.shell:Creating environment descriptor '/home/tim/F1_10/sim_ws/install/gap_follow/share/gap_follow/hook/pythonpath.dsv'
[3.713s] INFO:colcon.colcon_core.shell:Creating environment hook '/home/tim/F1_10/sim_ws/install/gap_follow/share/gap_follow/hook/pythonpath.sh'
[3.713s] Level 1:colcon.colcon_core.environment:checking '/home/tim/F1_10/sim_ws/install/gap_follow/bin'
[3.746s] INFO:colcon.colcon_core.shell:Creating package script '/home/tim/F1_10/sim_ws/install/gap_follow/share/gap_follow/package.ps1'
[3.746s] INFO:colcon.colcon_core.shell:Creating package descriptor '/home/tim/F1_10/sim_ws/install/gap_follow/share/gap_follow/package.dsv'
[3.747s] INFO:colcon.colcon_core.shell:Creating package script '/home/tim/F1_10/sim_ws/install/gap_follow/share/gap_follow/package.sh'
[3.747s] INFO:colcon.colcon_core.shell:Creating package script '/home/tim/F1_10/sim_ws/install/gap_follow/share/gap_follow/package.bash'
[3.748s] INFO:colcon.colcon_core.shell:Creating package script '/home/tim/F1_10/sim_ws/install/gap_follow/share/gap_follow/package.zsh'
[3.748s] Level 1:colcon.colcon_core.environment:create_file_with_runtime_dependencies(/home/tim/F1_10/sim_ws/install/gap_follow/share/colcon-core/packages/gap_follow)
[3.752s] Level 1:colcon.colcon_core.environment:create_environment_scripts_only(wall_follow)
[3.753s] DEBUG:colcon.colcon_core.event_handler.log_command:Invoked command in '/home/tim/F1_10/sim_ws/build/wall_follow' returned '0': CMAKE_PREFIX_PATH=${CMAKE_PREFIX_PATH}:/home/tim/F1_10/sim_ws/install/f1tenth_gym_ros:/opt/ros/foxy /home/tim/.local/bin/cmake --install /home/tim/F1_10/sim_ws/build/wall_follow
[3.788s] Level 1:colcon.colcon_core.environment:checking '/home/tim/F1_10/sim_ws/install/wall_follow' for CMake module files
[3.789s] Level 1:colcon.colcon_core.environment:checking '/home/tim/F1_10/sim_ws/install/wall_follow' for CMake config files
[3.789s] Level 1:colcon.colcon_core.shell:create_environment_hook('wall_follow', 'cmake_prefix_path')
[3.820s] INFO:colcon.colcon_core.shell:Creating environment hook '/home/tim/F1_10/sim_ws/install/wall_follow/share/wall_follow/hook/cmake_prefix_path.ps1'
[3.820s] INFO:colcon.colcon_core.shell:Creating environment descriptor '/home/tim/F1_10/sim_ws/install/wall_follow/share/wall_follow/hook/cmake_prefix_path.dsv'
[3.821s] INFO:colcon.colcon_core.shell:Creating environment hook '/home/tim/F1_10/sim_ws/install/wall_follow/share/wall_follow/hook/cmake_prefix_path.sh'
[3.821s] Level 1:colcon.colcon_core.environment:checking '/home/tim/F1_10/sim_ws/install/wall_follow/lib'
[3.821s] Level 1:colcon.colcon_core.environment:checking '/home/tim/F1_10/sim_ws/install/wall_follow/bin'
[3.821s] Level 1:colcon.colcon_core.environment:checking '/home/tim/F1_10/sim_ws/install/wall_follow/lib/pkgconfig/wall_follow.pc'
[3.821s] Level 1:colcon.colcon_core.environment:checking '/home/tim/F1_10/sim_ws/install/wall_follow/lib/python3.8/site-packages'
[3.821s] Level 1:colcon.colcon_core.shell:create_environment_hook('wall_follow', 'pythonpath')
[3.853s] INFO:colcon.colcon_core.shell:Creating environment hook '/home/tim/F1_10/sim_ws/install/wall_follow/share/wall_follow/hook/pythonpath.ps1'
[3.853s] INFO:colcon.colcon_core.shell:Creating environment descriptor '/home/tim/F1_10/sim_ws/install/wall_follow/share/wall_follow/hook/pythonpath.dsv'
[3.853s] INFO:colcon.colcon_core.shell:Creating environment hook '/home/tim/F1_10/sim_ws/install/wall_follow/share/wall_follow/hook/pythonpath.sh'
[3.854s] Level 1:colcon.colcon_core.environment:checking '/home/tim/F1_10/sim_ws/install/wall_follow/bin'
[3.887s] INFO:colcon.colcon_core.shell:Creating package script '/home/tim/F1_10/sim_ws/install/wall_follow/share/wall_follow/package.ps1'
[3.887s] INFO:colcon.colcon_core.shell:Creating package descriptor '/home/tim/F1_10/sim_ws/install/wall_follow/share/wall_follow/package.dsv'
[3.888s] INFO:colcon.colcon_core.shell:Creating package script '/home/tim/F1_10/sim_ws/install/wall_follow/share/wall_follow/package.sh'
[3.888s] INFO:colcon.colcon_core.shell:Creating package script '/home/tim/F1_10/sim_ws/install/wall_follow/share/wall_follow/package.bash'
[3.888s] INFO:colcon.colcon_core.shell:Creating package script '/home/tim/F1_10/sim_ws/install/wall_follow/share/wall_follow/package.zsh'
[3.889s] Level 1:colcon.colcon_core.environment:create_file_with_runtime_dependencies(/home/tim/F1_10/sim_ws/install/wall_follow/share/colcon-core/packages/wall_follow)
[3.891s] Level 1:colcon.colcon_core.environment:create_environment_scripts_only(safety_node)
[3.892s] DEBUG:colcon.colcon_core.event_handler.log_command:Invoked command in '/home/tim/F1_10/sim_ws/build/safety_node' returned '0': CMAKE_PREFIX_PATH=${CMAKE_PREFIX_PATH}:/home/tim/F1_10/sim_ws/install/f1tenth_gym_ros:/opt/ros/foxy /home/tim/.local/bin/cmake --install /home/tim/F1_10/sim_ws/build/safety_node
[3.929s] Level 1:colcon.colcon_core.environment:checking '/home/tim/F1_10/sim_ws/install/safety_node' for CMake module files
[3.929s] Level 1:colcon.colcon_core.environment:checking '/home/tim/F1_10/sim_ws/install/safety_node' for CMake config files
[3.930s] Level 1:colcon.colcon_core.shell:create_environment_hook('safety_node', 'cmake_prefix_path')
[3.965s] INFO:colcon.colcon_core.shell:Creating environment hook '/home/tim/F1_10/sim_ws/install/safety_node/share/safety_node/hook/cmake_prefix_path.ps1'
[3.966s] INFO:colcon.colcon_core.shell:Creating environment descriptor '/home/tim/F1_10/sim_ws/install/safety_node/share/safety_node/hook/cmake_prefix_path.dsv'
[3.966s] INFO:colcon.colcon_core.shell:Creating environment hook '/home/tim/F1_10/sim_ws/install/safety_node/share/safety_node/hook/cmake_prefix_path.sh'
[3.966s] Level 1:colcon.colcon_core.environment:checking '/home/tim/F1_10/sim_ws/install/safety_node/lib'
[3.967s] Level 1:colcon.colcon_core.environment:checking '/home/tim/F1_10/sim_ws/install/safety_node/bin'
[3.967s] Level 1:colcon.colcon_core.environment:checking '/home/tim/F1_10/sim_ws/install/safety_node/lib/pkgconfig/safety_node.pc'
[3.967s] Level 1:colcon.colcon_core.environment:checking '/home/tim/F1_10/sim_ws/install/safety_node/lib/python3.8/site-packages'
[3.967s] Level 1:colcon.colcon_core.shell:create_environment_hook('safety_node', 'pythonpath')
[4.002s] INFO:colcon.colcon_core.shell:Creating environment hook '/home/tim/F1_10/sim_ws/install/safety_node/share/safety_node/hook/pythonpath.ps1'
[4.003s] INFO:colcon.colcon_core.shell:Creating environment descriptor '/home/tim/F1_10/sim_ws/install/safety_node/share/safety_node/hook/pythonpath.dsv'
[4.003s] INFO:colcon.colcon_core.shell:Creating environment hook '/home/tim/F1_10/sim_ws/install/safety_node/share/safety_node/hook/pythonpath.sh'
[4.003s] Level 1:colcon.colcon_core.environment:checking '/home/tim/F1_10/sim_ws/install/safety_node/bin'
[4.038s] INFO:colcon.colcon_core.shell:Creating package script '/home/tim/F1_10/sim_ws/install/safety_node/share/safety_node/package.ps1'
[4.039s] INFO:colcon.colcon_core.shell:Creating package descriptor '/home/tim/F1_10/sim_ws/install/safety_node/share/safety_node/package.dsv'
[4.039s] INFO:colcon.colcon_core.shell:Creating package script '/home/tim/F1_10/sim_ws/install/safety_node/share/safety_node/package.sh'
[4.039s] INFO:colcon.colcon_core.shell:Creating package script '/home/tim/F1_10/sim_ws/install/safety_node/share/safety_node/package.bash'
[4.039s] INFO:colcon.colcon_core.shell:Creating package script '/home/tim/F1_10/sim_ws/install/safety_node/share/safety_node/package.zsh'
[4.040s] Level 1:colcon.colcon_core.environment:create_file_with_runtime_dependencies(/home/tim/F1_10/sim_ws/install/safety_node/share/colcon-core/packages/safety_node)
[4.045s] DEBUG:colcon.colcon_core.event_handler.log_command:Invoking command in '/home/tim/F1_10/sim_ws/src/f1tenth_gym_ros': PYTHONPATH=/home/tim/F1_10/sim_ws/build/f1tenth_gym_ros/prefix_override:/home/tim/F1_10/sim_ws/install/f1tenth_gym_ros/lib/python3.8/site-packages:${PYTHONPATH} /usr/bin/python3 setup.py egg_info --egg-base ../../build/f1tenth_gym_ros build --build-base /home/tim/F1_10/sim_ws/build/f1tenth_gym_ros/build install --record /home/tim/F1_10/sim_ws/build/f1tenth_gym_ros/install.log --install-scripts $base/lib/f1tenth_gym_ros --single-version-externally-managed
[4.082s] Level 1:colcon.colcon_core.environment:create_environment_scripts_only(gap_follow)
[4.114s] Level 1:colcon.colcon_core.environment:checking '/home/tim/F1_10/sim_ws/install/gap_follow' for CMake module files
[4.114s] Level 1:colcon.colcon_core.environment:checking '/home/tim/F1_10/sim_ws/install/gap_follow' for CMake config files
[4.115s] Level 1:colcon.colcon_core.shell:create_environment_hook('gap_follow', 'cmake_prefix_path')
[4.147s] INFO:colcon.colcon_core.shell:Creating environment hook '/home/tim/F1_10/sim_ws/install/gap_follow/share/gap_follow/hook/cmake_prefix_path.ps1'
[4.147s] INFO:colcon.colcon_core.shell:Creating environment descriptor '/home/tim/F1_10/sim_ws/install/gap_follow/share/gap_follow/hook/cmake_prefix_path.dsv'
[4.147s] INFO:colcon.colcon_core.shell:Creating environment hook '/home/tim/F1_10/sim_ws/install/gap_follow/share/gap_follow/hook/cmake_prefix_path.sh'
[4.148s] Level 1:colcon.colcon_core.environment:checking '/home/tim/F1_10/sim_ws/install/gap_follow/lib'
[4.148s] Level 1:colcon.colcon_core.environment:checking '/home/tim/F1_10/sim_ws/install/gap_follow/bin'
[4.148s] Level 1:colcon.colcon_core.environment:checking '/home/tim/F1_10/sim_ws/install/gap_follow/lib/pkgconfig/gap_follow.pc'
[4.148s] Level 1:colcon.colcon_core.environment:checking '/home/tim/F1_10/sim_ws/install/gap_follow/lib/python3.8/site-packages'
[4.148s] Level 1:colcon.colcon_core.shell:create_environment_hook('gap_follow', 'pythonpath')
[4.181s] INFO:colcon.colcon_core.shell:Creating environment hook '/home/tim/F1_10/sim_ws/install/gap_follow/share/gap_follow/hook/pythonpath.ps1'
[4.181s] INFO:colcon.colcon_core.shell:Creating environment descriptor '/home/tim/F1_10/sim_ws/install/gap_follow/share/gap_follow/hook/pythonpath.dsv'
[4.181s] INFO:colcon.colcon_core.shell:Creating environment hook '/home/tim/F1_10/sim_ws/install/gap_follow/share/gap_follow/hook/pythonpath.sh'
[4.182s] Level 1:colcon.colcon_core.environment:checking '/home/tim/F1_10/sim_ws/install/gap_follow/bin'
[4.216s] INFO:colcon.colcon_core.shell:Creating package script '/home/tim/F1_10/sim_ws/install/gap_follow/share/gap_follow/package.ps1'
[4.217s] INFO:colcon.colcon_core.shell:Creating package descriptor '/home/tim/F1_10/sim_ws/install/gap_follow/share/gap_follow/package.dsv'
[4.217s] INFO:colcon.colcon_core.shell:Creating package script '/home/tim/F1_10/sim_ws/install/gap_follow/share/gap_follow/package.sh'
[4.218s] INFO:colcon.colcon_core.shell:Creating package script '/home/tim/F1_10/sim_ws/install/gap_follow/share/gap_follow/package.bash'
[4.218s] INFO:colcon.colcon_core.shell:Creating package script '/home/tim/F1_10/sim_ws/install/gap_follow/share/gap_follow/package.zsh'
[4.218s] Level 1:colcon.colcon_core.environment:create_file_with_runtime_dependencies(/home/tim/F1_10/sim_ws/install/gap_follow/share/colcon-core/packages/gap_follow)
[4.257s] Level 1:colcon.colcon_core.environment:create_environment_scripts_only(wall_follow)
[4.292s] Level 1:colcon.colcon_core.environment:checking '/home/tim/F1_10/sim_ws/install/wall_follow' for CMake module files
[4.293s] Level 1:colcon.colcon_core.environment:checking '/home/tim/F1_10/sim_ws/install/wall_follow' for CMake config files
[4.293s] Level 1:colcon.colcon_core.shell:create_environment_hook('wall_follow', 'cmake_prefix_path')
[4.325s] INFO:colcon.colcon_core.shell:Creating environment hook '/home/tim/F1_10/sim_ws/install/wall_follow/share/wall_follow/hook/cmake_prefix_path.ps1'
[4.325s] INFO:colcon.colcon_core.shell:Creating environment descriptor '/home/tim/F1_10/sim_ws/install/wall_follow/share/wall_follow/hook/cmake_prefix_path.dsv'
[4.326s] INFO:colcon.colcon_core.shell:Creating environment hook '/home/tim/F1_10/sim_ws/install/wall_follow/share/wall_follow/hook/cmake_prefix_path.sh'
[4.326s] Level 1:colcon.colcon_core.environment:checking '/home/tim/F1_10/sim_ws/install/wall_follow/lib'
[4.326s] Level 1:colcon.colcon_core.environment:checking '/home/tim/F1_10/sim_ws/install/wall_follow/bin'
[4.326s] Level 1:colcon.colcon_core.environment:checking '/home/tim/F1_10/sim_ws/install/wall_follow/lib/pkgconfig/wall_follow.pc'
[4.326s] Level 1:colcon.colcon_core.environment:checking '/home/tim/F1_10/sim_ws/install/wall_follow/lib/python3.8/site-packages'
[4.326s] Level 1:colcon.colcon_core.shell:create_environment_hook('wall_follow', 'pythonpath')
[4.358s] INFO:colcon.colcon_core.shell:Creating environment hook '/home/tim/F1_10/sim_ws/install/wall_follow/share/wall_follow/hook/pythonpath.ps1'
[4.359s] INFO:colcon.colcon_core.shell:Creating environment descriptor '/home/tim/F1_10/sim_ws/install/wall_follow/share/wall_follow/hook/pythonpath.dsv'
[4.359s] INFO:colcon.colcon_core.shell:Creating environment hook '/home/tim/F1_10/sim_ws/install/wall_follow/share/wall_follow/hook/pythonpath.sh'
[4.359s] Level 1:colcon.colcon_core.environment:checking '/home/tim/F1_10/sim_ws/install/wall_follow/bin'
[4.393s] INFO:colcon.colcon_core.shell:Creating package script '/home/tim/F1_10/sim_ws/install/wall_follow/share/wall_follow/package.ps1'
[4.393s] INFO:colcon.colcon_core.shell:Creating package descriptor '/home/tim/F1_10/sim_ws/install/wall_follow/share/wall_follow/package.dsv'
[4.393s] INFO:colcon.colcon_core.shell:Creating package script '/home/tim/F1_10/sim_ws/install/wall_follow/share/wall_follow/package.sh'
[4.394s] INFO:colcon.colcon_core.shell:Creating package script '/home/tim/F1_10/sim_ws/install/wall_follow/share/wall_follow/package.bash'
[4.394s] INFO:colcon.colcon_core.shell:Creating package script '/home/tim/F1_10/sim_ws/install/wall_follow/share/wall_follow/package.zsh'
[4.394s] Level 1:colcon.colcon_core.environment:create_file_with_runtime_dependencies(/home/tim/F1_10/sim_ws/install/wall_follow/share/colcon-core/packages/wall_follow)
[4.429s] Level 1:colcon.colcon_core.environment:create_environment_scripts_only(safety_node)
[4.462s] Level 1:colcon.colcon_core.environment:checking '/home/tim/F1_10/sim_ws/install/safety_node' for CMake module files
[4.462s] Level 1:colcon.colcon_core.environment:checking '/home/tim/F1_10/sim_ws/install/safety_node' for CMake config files
[4.462s] Level 1:colcon.colcon_core.shell:create_environment_hook('safety_node', 'cmake_prefix_path')
[4.504s] INFO:colcon.colcon_core.shell:Creating environment hook '/home/tim/F1_10/sim_ws/install/safety_node/share/safety_node/hook/cmake_prefix_path.ps1'
[4.504s] INFO:colcon.colcon_core.shell:Creating environment descriptor '/home/tim/F1_10/sim_ws/install/safety_node/share/safety_node/hook/cmake_prefix_path.dsv'
[4.504s] INFO:colcon.colcon_core.shell:Creating environment hook '/home/tim/F1_10/sim_ws/install/safety_node/share/safety_node/hook/cmake_prefix_path.sh'
[4.505s] Level 1:colcon.colcon_core.environment:checking '/home/tim/F1_10/sim_ws/install/safety_node/lib'
[4.505s] Level 1:colcon.colcon_core.environment:checking '/home/tim/F1_10/sim_ws/install/safety_node/bin'
[4.505s] Level 1:colcon.colcon_core.environment:checking '/home/tim/F1_10/sim_ws/install/safety_node/lib/pkgconfig/safety_node.pc'
[4.505s] Level 1:colcon.colcon_core.environment:checking '/home/tim/F1_10/sim_ws/install/safety_node/lib/python3.8/site-packages'
[4.505s] Level 1:colcon.colcon_core.shell:create_environment_hook('safety_node', 'pythonpath')
[4.537s] INFO:colcon.colcon_core.shell:Creating environment hook '/home/tim/F1_10/sim_ws/install/safety_node/share/safety_node/hook/pythonpath.ps1'
[4.537s] INFO:colcon.colcon_core.shell:Creating environment descriptor '/home/tim/F1_10/sim_ws/install/safety_node/share/safety_node/hook/pythonpath.dsv'
[4.537s] INFO:colcon.colcon_core.shell:Creating environment hook '/home/tim/F1_10/sim_ws/install/safety_node/share/safety_node/hook/pythonpath.sh'
[4.538s] Level 1:colcon.colcon_core.environment:checking '/home/tim/F1_10/sim_ws/install/safety_node/bin'
[4.570s] INFO:colcon.colcon_core.shell:Creating package script '/home/tim/F1_10/sim_ws/install/safety_node/share/safety_node/package.ps1'
[4.571s] INFO:colcon.colcon_core.shell:Creating package descriptor '/home/tim/F1_10/sim_ws/install/safety_node/share/safety_node/package.dsv'
[4.571s] INFO:colcon.colcon_core.shell:Creating package script '/home/tim/F1_10/sim_ws/install/safety_node/share/safety_node/package.sh'
[4.571s] INFO:colcon.colcon_core.shell:Creating package script '/home/tim/F1_10/sim_ws/install/safety_node/share/safety_node/package.bash'
[4.572s] INFO:colcon.colcon_core.shell:Creating package script '/home/tim/F1_10/sim_ws/install/safety_node/share/safety_node/package.zsh'
[4.572s] Level 1:colcon.colcon_core.environment:create_file_with_runtime_dependencies(/home/tim/F1_10/sim_ws/install/safety_node/share/colcon-core/packages/safety_node)
[4.573s] DEBUG:colcon.colcon_core.event_handler.log_command:Invoked command in '/home/tim/F1_10/sim_ws/src/f1tenth_gym_ros' returned '0': PYTHONPATH=/home/tim/F1_10/sim_ws/build/f1tenth_gym_ros/prefix_override:/home/tim/F1_10/sim_ws/install/f1tenth_gym_ros/lib/python3.8/site-packages:${PYTHONPATH} /usr/bin/python3 setup.py egg_info --egg-base ../../build/f1tenth_gym_ros build --build-base /home/tim/F1_10/sim_ws/build/f1tenth_gym_ros/build install --record /home/tim/F1_10/sim_ws/build/f1tenth_gym_ros/install.log --install-scripts $base/lib/f1tenth_gym_ros --single-version-externally-managed
[4.606s] Level 1:colcon.colcon_core.environment:checking '/home/tim/F1_10/sim_ws/install/f1tenth_gym_ros' for CMake module files
[4.606s] Level 1:colcon.colcon_core.environment:checking '/home/tim/F1_10/sim_ws/install/f1tenth_gym_ros' for CMake config files
[4.606s] Level 1:colcon.colcon_core.environment:checking '/home/tim/F1_10/sim_ws/install/f1tenth_gym_ros/lib'
[4.606s] Level 1:colcon.colcon_core.environment:checking '/home/tim/F1_10/sim_ws/install/f1tenth_gym_ros/bin'
[4.606s] Level 1:colcon.colcon_core.environment:checking '/home/tim/F1_10/sim_ws/install/f1tenth_gym_ros/lib/pkgconfig/f1tenth_gym_ros.pc'
[4.607s] Level 1:colcon.colcon_core.environment:checking '/home/tim/F1_10/sim_ws/install/f1tenth_gym_ros/lib/python3.8/site-packages'
[4.607s] Level 1:colcon.colcon_core.shell:create_environment_hook('f1tenth_gym_ros', 'pythonpath')
[4.639s] INFO:colcon.colcon_core.shell:Creating environment hook '/home/tim/F1_10/sim_ws/install/f1tenth_gym_ros/share/f1tenth_gym_ros/hook/pythonpath.ps1'
[4.639s] INFO:colcon.colcon_core.shell:Creating environment descriptor '/home/tim/F1_10/sim_ws/install/f1tenth_gym_ros/share/f1tenth_gym_ros/hook/pythonpath.dsv'
[4.640s] INFO:colcon.colcon_core.shell:Creating environment hook '/home/tim/F1_10/sim_ws/install/f1tenth_gym_ros/share/f1tenth_gym_ros/hook/pythonpath.sh'
[4.640s] Level 1:colcon.colcon_core.environment:checking '/home/tim/F1_10/sim_ws/install/f1tenth_gym_ros/bin'
[4.640s] Level 1:colcon.colcon_core.environment:create_environment_scripts_only(f1tenth_gym_ros)
[4.673s] INFO:colcon.colcon_core.shell:Creating package script '/home/tim/F1_10/sim_ws/install/f1tenth_gym_ros/share/f1tenth_gym_ros/package.ps1'
[4.673s] INFO:colcon.colcon_core.shell:Creating package descriptor '/home/tim/F1_10/sim_ws/install/f1tenth_gym_ros/share/f1tenth_gym_ros/package.dsv'
[4.673s] INFO:colcon.colcon_core.shell:Creating package script '/home/tim/F1_10/sim_ws/install/f1tenth_gym_ros/share/f1tenth_gym_ros/package.sh'
[4.674s] INFO:colcon.colcon_core.shell:Creating package script '/home/tim/F1_10/sim_ws/install/f1tenth_gym_ros/share/f1tenth_gym_ros/package.bash'
[4.674s] INFO:colcon.colcon_core.shell:Creating package script '/home/tim/F1_10/sim_ws/install/f1tenth_gym_ros/share/f1tenth_gym_ros/package.zsh'
[4.674s] Level 1:colcon.colcon_core.environment:create_file_with_runtime_dependencies(/home/tim/F1_10/sim_ws/install/f1tenth_gym_ros/share/colcon-core/packages/f1tenth_gym_ros)
[4.674s] DEBUG:colcon.colcon_parallel_executor.executor.parallel:closing loop
[4.675s] DEBUG:colcon.colcon_parallel_executor.executor.parallel:loop closed
[4.675s] DEBUG:colcon.colcon_parallel_executor.executor.parallel:run_until_complete finished with '0'
[4.675s] DEBUG:colcon.colcon_core.event_reactor:joining thread
[4.712s] INFO:colcon.colcon_core.plugin_system:Skipping extension 'colcon_notification.desktop_notification.terminal_notifier': Not used on non-Darwin systems
[4.712s] INFO:colcon.colcon_core.plugin_system:Skipping extension 'colcon_notification.desktop_notification.win32': Not used on non-Windows systems
[4.712s] INFO:colcon.colcon_notification.desktop_notification:Sending desktop notification using 'notify2'
[4.722s] DEBUG:colcon.colcon_core.event_reactor:joined thread
[4.756s] INFO:colcon.colcon_core.shell:Creating prefix script '/home/tim/F1_10/sim_ws/install/local_setup.ps1'
[4.756s] INFO:colcon.colcon_core.shell:Creating prefix util module '/home/tim/F1_10/sim_ws/install/_local_setup_util_ps1.py'
[4.757s] INFO:colcon.colcon_core.shell:Creating prefix chain script '/home/tim/F1_10/sim_ws/install/setup.ps1'
[4.792s] INFO:colcon.colcon_core.shell:Creating prefix script '/home/tim/F1_10/sim_ws/install/local_setup.sh'
[4.793s] INFO:colcon.colcon_core.shell:Creating prefix util module '/home/tim/F1_10/sim_ws/install/_local_setup_util_sh.py'
[4.793s] INFO:colcon.colcon_core.shell:Creating prefix chain script '/home/tim/F1_10/sim_ws/install/setup.sh'
[4.827s] INFO:colcon.colcon_core.shell:Creating prefix script '/home/tim/F1_10/sim_ws/install/local_setup.bash'
[4.828s] INFO:colcon.colcon_core.shell:Creating prefix chain script '/home/tim/F1_10/sim_ws/install/setup.bash'
[4.862s] INFO:colcon.colcon_core.shell:Creating prefix script '/home/tim/F1_10/sim_ws/install/local_setup.zsh'
[4.863s] INFO:colcon.colcon_core.shell:Creating prefix chain script '/home/tim/F1_10/sim_ws/install/setup.zsh'
