[0.874s] Invoking command in '/home/tim/F1_10/sim_ws/build/gap_follow': CMAKE_PREFIX_PATH=${CMAKE_PREFIX_PATH}:/home/tim/F1_10/sim_ws/install/f1tenth_gym_ros:/opt/ros/foxy /home/tim/.local/bin/cmake --build /home/tim/F1_10/sim_ws/build/gap_follow -- -j8 -l8
[0.917s] [100%] Built target reactive_node
[0.928s] Invoked command in '/home/tim/F1_10/sim_ws/build/gap_follow' returned '0': CMAKE_PREFIX_PATH=${CMAKE_PREFIX_PATH}:/home/tim/F1_10/sim_ws/install/f1tenth_gym_ros:/opt/ros/foxy /home/tim/.local/bin/cmake --build /home/tim/F1_10/sim_ws/build/gap_follow -- -j8 -l8
[0.993s] Invoking command in '/home/tim/F1_10/sim_ws/build/gap_follow': CMAKE_PREFIX_PATH=${CMAKE_PREFIX_PATH}:/home/tim/F1_10/sim_ws/install/f1tenth_gym_ros:/opt/ros/foxy /home/tim/.local/bin/cmake --install /home/tim/F1_10/sim_ws/build/gap_follow
[1.014s] -- Install configuration: ""
[1.014s] -- Up-to-date: /home/tim/F1_10/sim_ws/install/gap_follow/lib/gap_follow/reactive_node
[1.014s] -- Up-to-date: /home/tim/F1_10/sim_ws/install/gap_follow/share/gap_follow/environment/pythonpath.sh
[1.014s] -- Up-to-date: /home/tim/F1_10/sim_ws/install/gap_follow/share/gap_follow/environment/pythonpath.dsv
[1.014s] -- Up-to-date: /home/tim/F1_10/sim_ws/install/gap_follow/lib/python3.8/site-packages/gap_follow
[1.014s] -- Up-to-date: /home/tim/F1_10/sim_ws/install/gap_follow/lib/python3.8/site-packages/gap_follow/__init__.py
[1.039s] Listing '/home/tim/F1_10/sim_ws/install/gap_follow/lib/python3.8/site-packages/gap_follow'...
[1.042s] -- Installing: /home/tim/F1_10/sim_ws/install/gap_follow/lib/gap_follow/reactive_node.py
[1.042s] -- Up-to-date: /home/tim/F1_10/sim_ws/install/gap_follow/share/ament_index/resource_index/package_run_dependencies/gap_follow
[1.042s] -- Up-to-date: /home/tim/F1_10/sim_ws/install/gap_follow/share/ament_index/resource_index/parent_prefix_path/gap_follow
[1.042s] -- Up-to-date: /home/tim/F1_10/sim_ws/install/gap_follow/share/gap_follow/environment/ament_prefix_path.sh
[1.042s] -- Up-to-date: /home/tim/F1_10/sim_ws/install/gap_follow/share/gap_follow/environment/ament_prefix_path.dsv
[1.043s] -- Up-to-date: /home/tim/F1_10/sim_ws/install/gap_follow/share/gap_follow/environment/path.sh
[1.043s] -- Up-to-date: /home/tim/F1_10/sim_ws/install/gap_follow/share/gap_follow/environment/path.dsv
[1.043s] -- Up-to-date: /home/tim/F1_10/sim_ws/install/gap_follow/share/gap_follow/local_setup.bash
[1.043s] -- Up-to-date: /home/tim/F1_10/sim_ws/install/gap_follow/share/gap_follow/local_setup.sh
[1.043s] -- Up-to-date: /home/tim/F1_10/sim_ws/install/gap_follow/share/gap_follow/local_setup.zsh
[1.043s] -- Up-to-date: /home/tim/F1_10/sim_ws/install/gap_follow/share/gap_follow/local_setup.dsv
[1.043s] -- Installing: /home/tim/F1_10/sim_ws/install/gap_follow/share/gap_follow/package.dsv
[1.043s] -- Up-to-date: /home/tim/F1_10/sim_ws/install/gap_follow/share/ament_index/resource_index/packages/gap_follow
[1.044s] -- Up-to-date: /home/tim/F1_10/sim_ws/install/gap_follow/share/gap_follow/cmake/gap_followConfig.cmake
[1.044s] -- Up-to-date: /home/tim/F1_10/sim_ws/install/gap_follow/share/gap_follow/cmake/gap_followConfig-version.cmake
[1.044s] -- Up-to-date: /home/tim/F1_10/sim_ws/install/gap_follow/share/gap_follow/package.xml
[1.048s] Invoked command in '/home/tim/F1_10/sim_ws/build/gap_follow' returned '0': CMAKE_PREFIX_PATH=${CMAKE_PREFIX_PATH}:/home/tim/F1_10/sim_ws/install/f1tenth_gym_ros:/opt/ros/foxy /home/tim/.local/bin/cmake --install /home/tim/F1_10/sim_ws/build/gap_follow
