[0.129s] Invoking command in '/home/tim/lab1_ws/build/lab1_pkg': CMAKE_PREFIX_PATH=${CMAKE_PREFIX_PATH}:/opt/ros/foxy /usr/bin/cmake --build /home/tim/lab1_ws/build/lab1_pkg -- -j8 -l8
[0.169s] [100%] Built target cpp_executable
[0.177s] Invoked command in '/home/tim/lab1_ws/build/lab1_pkg' returned '0': CMAKE_PREFIX_PATH=${CMAKE_PREFIX_PATH}:/opt/ros/foxy /usr/bin/cmake --build /home/tim/lab1_ws/build/lab1_pkg -- -j8 -l8
[0.200s] Invoking command in '/home/tim/lab1_ws/build/lab1_pkg': CMAKE_PREFIX_PATH=${CMAKE_PREFIX_PATH}:/opt/ros/foxy /usr/bin/cmake --install /home/tim/lab1_ws/build/lab1_pkg
[0.206s] -- Install configuration: ""
[0.206s] -- Up-to-date: /home/tim/lab1_ws/install/lab1_pkg/lib/lab1_pkg/cpp_executable
[0.206s] -- Up-to-date: /home/tim/lab1_ws/install/lab1_pkg/share/lab1_pkg/environment/pythonpath.sh
[0.206s] -- Up-to-date: /home/tim/lab1_ws/install/lab1_pkg/share/lab1_pkg/environment/pythonpath.dsv
[0.206s] -- Up-to-date: /home/tim/lab1_ws/install/lab1_pkg/lib/python3.8/site-packages/lab1_pkg
[0.206s] -- Up-to-date: /home/tim/lab1_ws/install/lab1_pkg/lib/python3.8/site-packages/lab1_pkg/__init__.py
[0.206s] -- Up-to-date: /home/tim/lab1_ws/install/lab1_pkg/lib/python3.8/site-packages/lab1_pkg/module_to_import.py
[0.206s] -- Up-to-date: /home/tim/lab1_ws/install/lab1_pkg/lib/python3.8/site-packages/lab1_pkg/publisher_member_function.py
[0.227s] Listing '/home/tim/lab1_ws/install/lab1_pkg/lib/python3.8/site-packages/lab1_pkg'...
[0.229s] -- Installing: /home/tim/lab1_ws/install/lab1_pkg/lib/lab1_pkg/talker.py
[0.230s] -- Up-to-date: /home/tim/lab1_ws/install/lab1_pkg/lib/lab1_pkg/relay.py
[0.230s] -- Up-to-date: /home/tim/lab1_ws/install/lab1_pkg/share/ament_index/resource_index/package_run_dependencies/lab1_pkg
[0.230s] -- Up-to-date: /home/tim/lab1_ws/install/lab1_pkg/share/ament_index/resource_index/parent_prefix_path/lab1_pkg
[0.230s] -- Up-to-date: /home/tim/lab1_ws/install/lab1_pkg/share/lab1_pkg/environment/ament_prefix_path.sh
[0.230s] -- Up-to-date: /home/tim/lab1_ws/install/lab1_pkg/share/lab1_pkg/environment/ament_prefix_path.dsv
[0.230s] -- Up-to-date: /home/tim/lab1_ws/install/lab1_pkg/share/lab1_pkg/environment/path.sh
[0.230s] -- Up-to-date: /home/tim/lab1_ws/install/lab1_pkg/share/lab1_pkg/environment/path.dsv
[0.230s] -- Up-to-date: /home/tim/lab1_ws/install/lab1_pkg/share/lab1_pkg/local_setup.bash
[0.230s] -- Up-to-date: /home/tim/lab1_ws/install/lab1_pkg/share/lab1_pkg/local_setup.sh
[0.230s] -- Up-to-date: /home/tim/lab1_ws/install/lab1_pkg/share/lab1_pkg/local_setup.zsh
[0.230s] -- Up-to-date: /home/tim/lab1_ws/install/lab1_pkg/share/lab1_pkg/local_setup.dsv
[0.230s] -- Installing: /home/tim/lab1_ws/install/lab1_pkg/share/lab1_pkg/package.dsv
[0.230s] -- Up-to-date: /home/tim/lab1_ws/install/lab1_pkg/share/ament_index/resource_index/packages/lab1_pkg
[0.230s] -- Up-to-date: /home/tim/lab1_ws/install/lab1_pkg/share/lab1_pkg/cmake/lab1_pkgConfig.cmake
[0.230s] -- Up-to-date: /home/tim/lab1_ws/install/lab1_pkg/share/lab1_pkg/cmake/lab1_pkgConfig-version.cmake
[0.230s] -- Up-to-date: /home/tim/lab1_ws/install/lab1_pkg/share/lab1_pkg/package.xml
[0.232s] Invoked command in '/home/tim/lab1_ws/build/lab1_pkg' returned '0': CMAKE_PREFIX_PATH=${CMAKE_PREFIX_PATH}:/opt/ros/foxy /usr/bin/cmake --install /home/tim/lab1_ws/build/lab1_pkg
